2016-02-17 12:26:10.875+0000 INFO  [o.n.k.i.f.CommunityFacadeFactory] No locking implementation specified, defaulting to 'community'
2016-02-17 12:26:10.949+0000 INFO  [o.n.k.AvailabilityGuard] Requirement makes database unavailable: Database available
2016-02-17 12:26:10.955+0000 INFO  [o.n.k.i.DiagnosticsManager] --- INITIALIZED diagnostics START ---
2016-02-17 12:26:10.955+0000 INFO  [o.n.k.i.DiagnosticsManager] Neo4j Kernel properties:
2016-02-17 12:26:10.956+0000 INFO  [o.n.k.i.DiagnosticsManager] edition=Community
2016-02-17 12:26:10.956+0000 INFO  [o.n.k.i.DiagnosticsManager] ephemeral=false
2016-02-17 12:26:10.957+0000 INFO  [o.n.k.i.DiagnosticsManager] Diagnostics providers:
2016-02-17 12:26:10.957+0000 INFO  [o.n.k.i.DiagnosticsManager] org.neo4j.kernel.configuration.Config
2016-02-17 12:26:10.957+0000 INFO  [o.n.k.i.DiagnosticsManager] org.neo4j.kernel.info.DiagnosticsManager
2016-02-17 12:26:10.957+0000 INFO  [o.n.k.i.DiagnosticsManager] SYSTEM_MEMORY
2016-02-17 12:26:10.957+0000 INFO  [o.n.k.i.DiagnosticsManager] JAVA_MEMORY
2016-02-17 12:26:10.957+0000 INFO  [o.n.k.i.DiagnosticsManager] OPERATING_SYSTEM
2016-02-17 12:26:10.957+0000 INFO  [o.n.k.i.DiagnosticsManager] JAVA_VIRTUAL_MACHINE
2016-02-17 12:26:10.957+0000 INFO  [o.n.k.i.DiagnosticsManager] CLASSPATH
2016-02-17 12:26:10.957+0000 INFO  [o.n.k.i.DiagnosticsManager] LIBRARY_PATH
2016-02-17 12:26:10.957+0000 INFO  [o.n.k.i.DiagnosticsManager] SYSTEM_PROPERTIES
2016-02-17 12:26:10.957+0000 INFO  [o.n.k.i.DiagnosticsManager] LINUX_SCHEDULERS
2016-02-17 12:26:10.957+0000 INFO  [o.n.k.i.DiagnosticsManager] NETWORK
2016-02-17 12:26:10.957+0000 INFO  [o.n.k.i.DiagnosticsManager] System memory information:
2016-02-17 12:26:10.960+0000 INFO  [o.n.k.i.DiagnosticsManager] Total Physical memory: 15,60 GB
2016-02-17 12:26:10.960+0000 INFO  [o.n.k.i.DiagnosticsManager] Free Physical memory: 11,87 GB
2016-02-17 12:26:10.960+0000 INFO  [o.n.k.i.DiagnosticsManager] Committed virtual memory: 5,19 GB
2016-02-17 12:26:10.960+0000 INFO  [o.n.k.i.DiagnosticsManager] Total swap space: 15,92 GB
2016-02-17 12:26:10.961+0000 INFO  [o.n.k.i.DiagnosticsManager] Free swap space: 15,92 GB
2016-02-17 12:26:10.961+0000 INFO  [o.n.k.i.DiagnosticsManager] JVM memory information:
2016-02-17 12:26:10.961+0000 INFO  [o.n.k.i.DiagnosticsManager] Free  memory: 175,36 MB
2016-02-17 12:26:10.961+0000 INFO  [o.n.k.i.DiagnosticsManager] Total memory: 239,50 MB
2016-02-17 12:26:10.961+0000 INFO  [o.n.k.i.DiagnosticsManager] Max   memory: 3,47 GB
2016-02-17 12:26:10.962+0000 INFO  [o.n.k.i.DiagnosticsManager] Garbage Collector: PS Scavenge: [PS Eden Space, PS Survivor Space]
2016-02-17 12:26:10.962+0000 INFO  [o.n.k.i.DiagnosticsManager] Garbage Collector: PS MarkSweep: [PS Eden Space, PS Survivor Space, PS Old Gen, PS Perm Gen]
2016-02-17 12:26:10.963+0000 INFO  [o.n.k.i.DiagnosticsManager] Memory Pool: Code Cache (Non-heap memory): committed=2,44 MB, used=589,31 kB, max=48,00 MB, threshold=0,00 B
2016-02-17 12:26:10.964+0000 INFO  [o.n.k.i.DiagnosticsManager] Memory Pool: PS Eden Space (Heap memory): committed=63,50 MB, used=10,50 MB, max=1,28 GB, threshold=?
2016-02-17 12:26:10.964+0000 INFO  [o.n.k.i.DiagnosticsManager] Memory Pool: PS Survivor Space (Heap memory): committed=10,00 MB, used=9,99 MB, max=10,00 MB, threshold=?
2016-02-17 12:26:10.965+0000 INFO  [o.n.k.i.DiagnosticsManager] Memory Pool: PS Old Gen (Heap memory): committed=166,00 MB, used=43,65 MB, max=2,60 GB, threshold=0,00 B
2016-02-17 12:26:10.965+0000 INFO  [o.n.k.i.DiagnosticsManager] Memory Pool: PS Perm Gen (Non-heap memory): committed=21,00 MB, used=7,87 MB, max=166,00 MB, threshold=0,00 B
2016-02-17 12:26:10.965+0000 INFO  [o.n.k.i.DiagnosticsManager] Operating system information:
2016-02-17 12:26:10.966+0000 INFO  [o.n.k.i.DiagnosticsManager] Operating System: Linux; version: 3.19.0-47-generic; arch: amd64; cpus: 4
2016-02-17 12:26:10.966+0000 INFO  [o.n.k.i.DiagnosticsManager] Max number of file descriptors: 64,00 kB
2016-02-17 12:26:10.966+0000 INFO  [o.n.k.i.DiagnosticsManager] Number of open file descriptors: 45,00 B
2016-02-17 12:26:10.971+0000 INFO  [o.n.k.i.DiagnosticsManager] Process id: 9066@andrea-HP-Pavilion-15-Notebook-PC
2016-02-17 12:26:10.971+0000 INFO  [o.n.k.i.DiagnosticsManager] Byte order: LITTLE_ENDIAN
2016-02-17 12:26:10.971+0000 INFO  [o.n.k.i.DiagnosticsManager] Local timezone: Europe/Rome
2016-02-17 12:26:10.971+0000 INFO  [o.n.k.i.DiagnosticsManager] JVM information:
2016-02-17 12:26:10.971+0000 INFO  [o.n.k.i.DiagnosticsManager] VM Name: OpenJDK 64-Bit Server VM
2016-02-17 12:26:10.971+0000 INFO  [o.n.k.i.DiagnosticsManager] VM Vendor: Oracle Corporation
2016-02-17 12:26:10.971+0000 INFO  [o.n.k.i.DiagnosticsManager] VM Version: 24.95-b01
2016-02-17 12:26:10.972+0000 INFO  [o.n.k.i.DiagnosticsManager] JIT compiler: HotSpot 64-Bit Tiered Compilers
2016-02-17 12:26:10.972+0000 INFO  [o.n.k.i.DiagnosticsManager] VM Arguments: [-Dfile.encoding=UTF-8]
2016-02-17 12:26:10.972+0000 INFO  [o.n.k.i.DiagnosticsManager] Java classpath:
2016-02-17 12:26:10.973+0000 INFO  [o.n.k.i.DiagnosticsManager]  [classpath + loader.0] file:/home/andrea/Scrivania/springExample/neo4j-community-2.3.1/lib/neo4j-shell-2.3.1.jar
2016-02-17 12:26:10.973+0000 INFO  [o.n.k.i.DiagnosticsManager]  [loader.1] file:/usr/lib/jvm/java-7-openjdk-amd64/jre/lib/ext/libatk-wrapper.so
2016-02-17 12:26:10.973+0000 INFO  [o.n.k.i.DiagnosticsManager]  [classpath + loader.0] file:/home/andrea/Scrivania/springExample/neo4j-community-2.3.1/lib/neo4j-codegen-2.3.1.jar
2016-02-17 12:26:10.973+0000 INFO  [o.n.k.i.DiagnosticsManager]  [classpath + loader.0] file:/home/andrea/Scrivania/springExample/neo4j-community-2.3.1/lib/neo4j-primitive-collections-2.3.1.jar
2016-02-17 12:26:10.973+0000 INFO  [o.n.k.i.DiagnosticsManager]  [classpath + loader.0] file:/home/andrea/Scrivania/springExample/neo4j-community-2.3.1/lib/commons-lang3-3.3.2.jar
2016-02-17 12:26:10.973+0000 INFO  [o.n.k.i.DiagnosticsManager]  [bootstrap] /usr/lib/jvm/java-7-openjdk-amd64/jre/lib/charsets.jar
2016-02-17 12:26:10.973+0000 INFO  [o.n.k.i.DiagnosticsManager]  [bootstrap] /usr/lib/jvm/java-7-openjdk-amd64/jre/lib/sunrsasign.jar
2016-02-17 12:26:10.974+0000 INFO  [o.n.k.i.DiagnosticsManager]  [bootstrap] /usr/lib/jvm/java-7-openjdk-amd64/jre/lib/rhino.jar
2016-02-17 12:26:10.974+0000 INFO  [o.n.k.i.DiagnosticsManager]  [loader.1] file:/usr/lib/jvm/java-7-openjdk-amd64/jre/lib/ext/zipfs.jar
2016-02-17 12:26:10.974+0000 INFO  [o.n.k.i.DiagnosticsManager]  [classpath + loader.0] file:/home/andrea/Scrivania/springExample/neo4j-community-2.3.1/lib/parboiled-scala_2.11-1.1.7.jar
2016-02-17 12:26:10.974+0000 INFO  [o.n.k.i.DiagnosticsManager]  [loader.1] file:/usr/lib/jvm/java-7-openjdk-amd64/jre/lib/ext/sunpkcs11.jar
2016-02-17 12:26:10.974+0000 INFO  [o.n.k.i.DiagnosticsManager]  [loader.1] file:/usr/share/java/java-atk-wrapper.jar
2016-02-17 12:26:10.974+0000 INFO  [o.n.k.i.DiagnosticsManager]  [classpath + loader.0] file:/home/andrea/Scrivania/springExample/neo4j-community-2.3.1/lib/neo4j-unsafe-2.3.1.jar
2016-02-17 12:26:10.974+0000 INFO  [o.n.k.i.DiagnosticsManager]  [classpath + loader.0] file:/home/andrea/Scrivania/springExample/neo4j-community-2.3.1/lib/neo4j-cypher-compiler-2.3-2.3.1.jar
2016-02-17 12:26:10.974+0000 INFO  [o.n.k.i.DiagnosticsManager]  [bootstrap] /usr/lib/jvm/java-7-openjdk-amd64/jre/lib/resources.jar
2016-02-17 12:26:10.974+0000 INFO  [o.n.k.i.DiagnosticsManager]  [classpath + loader.0] file:/home/andrea/Scrivania/springExample/neo4j-community-2.3.1/lib/neo4j-logging-2.3.1.jar
2016-02-17 12:26:10.974+0000 INFO  [o.n.k.i.DiagnosticsManager]  [classpath + loader.0] file:/home/andrea/Scrivania/springExample/neo4j-community-2.3.1/lib/neo4j-graph-matching-2.3.1.jar
2016-02-17 12:26:10.974+0000 INFO  [o.n.k.i.DiagnosticsManager]  [classpath + loader.0] file:/home/andrea/Scrivania/springExample/neo4j-community-2.3.1/lib/neo4j-function-2.3.1.jar
2016-02-17 12:26:10.974+0000 INFO  [o.n.k.i.DiagnosticsManager]  [classpath + loader.0] file:/home/andrea/Scrivania/springExample/neo4j-community-2.3.1/lib/jline-2.12.jar
2016-02-17 12:26:10.974+0000 INFO  [o.n.k.i.DiagnosticsManager]  [loader.1] file:/usr/lib/jvm/java-7-openjdk-amd64/jre/lib/ext/icedtea-sound.jar
2016-02-17 12:26:10.974+0000 INFO  [o.n.k.i.DiagnosticsManager]  [classpath + loader.0] file:/home/andrea/Scrivania/springExample/neo4j-community-2.3.1/lib/neo4j-cypher-compiler-2.2_2.11-2.2.6.jar
2016-02-17 12:26:10.974+0000 INFO  [o.n.k.i.DiagnosticsManager]  [classpath + loader.0] file:/home/andrea/Scrivania/springExample/neo4j-community-2.3.1/lib/scala-parser-combinators_2.11-1.0.4.jar
2016-02-17 12:26:10.974+0000 INFO  [o.n.k.i.DiagnosticsManager]  [classpath + loader.0] file:/home/andrea/Scrivania/springExample/neo4j-community-2.3.1/lib/scala-library-2.11.7.jar
2016-02-17 12:26:10.974+0000 INFO  [o.n.k.i.DiagnosticsManager]  [loader.1] file:/usr/lib/jvm/java-7-openjdk-amd64/jre/lib/ext/sunjce_provider.jar
2016-02-17 12:26:10.974+0000 INFO  [o.n.k.i.DiagnosticsManager]  [classpath + loader.0] file:/home/andrea/Scrivania/springExample/neo4j-community-2.3.1/lib/neo4j-cypher-2.3.1.jar
2016-02-17 12:26:10.975+0000 INFO  [o.n.k.i.DiagnosticsManager]  [classpath + loader.0] file:/home/andrea/Scrivania/springExample/neo4j-community-2.3.1/lib/opencsv-2.3.jar
2016-02-17 12:26:10.975+0000 INFO  [o.n.k.i.DiagnosticsManager]  [classpath + loader.0] file:/home/andrea/Scrivania/springExample/neo4j-community-2.3.1/lib/neo4j-lucene-index-2.3.1.jar
2016-02-17 12:26:10.975+0000 INFO  [o.n.k.i.DiagnosticsManager]  [bootstrap] /usr/lib/jvm/java-7-openjdk-amd64/jre/lib/jce.jar
2016-02-17 12:26:10.975+0000 INFO  [o.n.k.i.DiagnosticsManager]  [loader.1] file:/usr/lib/jvm/java-7-openjdk-amd64/jre/lib/ext/dnsns.jar
2016-02-17 12:26:10.975+0000 INFO  [o.n.k.i.DiagnosticsManager]  [classpath + loader.0] file:/home/andrea/Scrivania/springExample/neo4j-community-2.3.1/lib/neo4j-consistency-check-legacy-2.3.1.jar
2016-02-17 12:26:10.975+0000 INFO  [o.n.k.i.DiagnosticsManager]  [classpath + loader.0] file:/home/andrea/Scrivania/springExample/neo4j-community-2.3.1/lib/neo4j-cypher-frontend-2.3-2.3.1.jar
2016-02-17 12:26:10.975+0000 INFO  [o.n.k.i.DiagnosticsManager]  [classpath + loader.0] file:/home/andrea/Scrivania/springExample/neo4j-community-2.3.1/lib/server-api-2.3.1.jar
2016-02-17 12:26:10.975+0000 INFO  [o.n.k.i.DiagnosticsManager]  [bootstrap] /usr/lib/jvm/java-7-openjdk-amd64/jre/lib/jsse.jar
2016-02-17 12:26:10.975+0000 INFO  [o.n.k.i.DiagnosticsManager]  [classpath + loader.0] file:/home/andrea/Scrivania/springExample/neo4j-community-2.3.1/lib/neo4j-import-tool-2.3.1.jar
2016-02-17 12:26:10.975+0000 INFO  [o.n.k.i.DiagnosticsManager]  [classpath + loader.0] file:/home/andrea/Scrivania/springExample/neo4j-community-2.3.1/lib/lucene-core-3.6.2.jar
2016-02-17 12:26:10.975+0000 INFO  [o.n.k.i.DiagnosticsManager]  [classpath + loader.0] file:/home/andrea/Scrivania/springExample/neo4j-community-2.3.1/lib/neo4j-cypher-compiler-1.9_2.11-2.0.5.jar
2016-02-17 12:26:10.975+0000 INFO  [o.n.k.i.DiagnosticsManager]  [classpath + loader.0] file:/home/andrea/Scrivania/springExample/neo4j-community-2.3.1/lib/concurrentlinkedhashmap-lru-1.4.2.jar
2016-02-17 12:26:10.975+0000 INFO  [o.n.k.i.DiagnosticsManager]  [bootstrap] /usr/lib/jvm/java-7-openjdk-amd64/jre/classes
2016-02-17 12:26:10.975+0000 INFO  [o.n.k.i.DiagnosticsManager]  [classpath + loader.0] file:/home/andrea/Scrivania/springExample/ZanellaProjectLast/bin/
2016-02-17 12:26:10.975+0000 INFO  [o.n.k.i.DiagnosticsManager]  [bootstrap] /usr/lib/jvm/java-7-openjdk-amd64/jre/lib/jfr.jar
2016-02-17 12:26:10.975+0000 INFO  [o.n.k.i.DiagnosticsManager]  [classpath + loader.0] file:/home/andrea/Scrivania/springExample/neo4j-community-2.3.1/lib/neo4j-io-2.3.1.jar
2016-02-17 12:26:10.975+0000 INFO  [o.n.k.i.DiagnosticsManager]  [classpath + loader.0] file:/home/andrea/Scrivania/springExample/neo4j-community-2.3.1/lib/neo4j-csv-2.3.1.jar
2016-02-17 12:26:10.975+0000 INFO  [o.n.k.i.DiagnosticsManager]  [bootstrap] /usr/lib/jvm/java-7-openjdk-amd64/jre/lib/rt.jar
2016-02-17 12:26:10.976+0000 INFO  [o.n.k.i.DiagnosticsManager]  [classpath + loader.0] file:/home/andrea/Scrivania/springExample/neo4j-community-2.3.1/lib/neo4j-graph-algo-2.3.1.jar
2016-02-17 12:26:10.976+0000 INFO  [o.n.k.i.DiagnosticsManager]  [classpath + loader.0] file:/home/andrea/Scrivania/springExample/neo4j-community-2.3.1/lib/parboiled-core-1.1.7.jar
2016-02-17 12:26:10.976+0000 INFO  [o.n.k.i.DiagnosticsManager]  [classpath + loader.0] file:/home/andrea/Scrivania/springExample/neo4j-community-2.3.1/lib/neo4j-kernel-2.3.1.jar
2016-02-17 12:26:10.976+0000 INFO  [o.n.k.i.DiagnosticsManager]  [classpath + loader.0] file:/home/andrea/Scrivania/springExample/neo4j-community-2.3.1/lib/neo4j-udc-2.3.1.jar
2016-02-17 12:26:10.976+0000 INFO  [o.n.k.i.DiagnosticsManager]  [classpath + loader.0] file:/home/andrea/Scrivania/springExample/neo4j-community-2.3.1/lib/neo4j-jmx-2.3.1.jar
2016-02-17 12:26:10.976+0000 INFO  [o.n.k.i.DiagnosticsManager]  [classpath + loader.0] file:/home/andrea/Scrivania/springExample/neo4j-community-2.3.1/lib/scala-reflect-2.11.7.jar
2016-02-17 12:26:10.976+0000 INFO  [o.n.k.i.DiagnosticsManager]  [loader.1] file:/usr/lib/jvm/java-7-openjdk-amd64/jre/lib/ext/localedata.jar
2016-02-17 12:26:10.976+0000 INFO  [o.n.k.i.DiagnosticsManager]  [classpath + loader.0] file:/home/andrea/Scrivania/springExample/neo4j-community-2.3.1/lib/neo4j-consistency-check-2.3.1.jar
2016-02-17 12:26:10.976+0000 INFO  [o.n.k.i.DiagnosticsManager] Library path:
2016-02-17 12:26:10.976+0000 INFO  [o.n.k.i.DiagnosticsManager] /usr/java/packages/lib/amd64
2016-02-17 12:26:10.976+0000 INFO  [o.n.k.i.DiagnosticsManager] /usr/lib/x86_64-linux-gnu/jni
2016-02-17 12:26:10.976+0000 INFO  [o.n.k.i.DiagnosticsManager] /lib/x86_64-linux-gnu
2016-02-17 12:26:10.976+0000 INFO  [o.n.k.i.DiagnosticsManager] /usr/lib/x86_64-linux-gnu
2016-02-17 12:26:10.976+0000 INFO  [o.n.k.i.DiagnosticsManager] /usr/lib/jni
2016-02-17 12:26:10.976+0000 INFO  [o.n.k.i.DiagnosticsManager] /lib
2016-02-17 12:26:10.977+0000 INFO  [o.n.k.i.DiagnosticsManager] /usr/lib
2016-02-17 12:26:10.977+0000 INFO  [o.n.k.i.DiagnosticsManager] System.properties:
2016-02-17 12:26:10.977+0000 INFO  [o.n.k.i.DiagnosticsManager] sun.boot.library.path = /usr/lib/jvm/java-7-openjdk-amd64/jre/lib/amd64
2016-02-17 12:26:10.977+0000 INFO  [o.n.k.i.DiagnosticsManager] path.separator = :
2016-02-17 12:26:10.977+0000 INFO  [o.n.k.i.DiagnosticsManager] file.encoding.pkg = sun.io
2016-02-17 12:26:10.977+0000 INFO  [o.n.k.i.DiagnosticsManager] user.country = IT
2016-02-17 12:26:10.977+0000 INFO  [o.n.k.i.DiagnosticsManager] sun.java.launcher = SUN_STANDARD
2016-02-17 12:26:10.977+0000 INFO  [o.n.k.i.DiagnosticsManager] sun.os.patch.level = unknown
2016-02-17 12:26:10.977+0000 INFO  [o.n.k.i.DiagnosticsManager] user.dir = /home/andrea/Scrivania/springExample/ZanellaProjectLast
2016-02-17 12:26:10.977+0000 INFO  [o.n.k.i.DiagnosticsManager] sun.jnu.encoding = UTF-8
2016-02-17 12:26:10.977+0000 INFO  [o.n.k.i.DiagnosticsManager] sun.management.compiler = HotSpot 64-Bit Tiered Compilers
2016-02-17 12:26:10.977+0000 INFO  [o.n.k.i.DiagnosticsManager] user.home = /home/andrea
2016-02-17 12:26:10.978+0000 INFO  [o.n.k.i.DiagnosticsManager] user.timezone = Europe/Rome
2016-02-17 12:26:10.978+0000 INFO  [o.n.k.i.DiagnosticsManager] file.encoding = UTF-8
2016-02-17 12:26:10.978+0000 INFO  [o.n.k.i.DiagnosticsManager] user.name = andrea
2016-02-17 12:26:10.978+0000 INFO  [o.n.k.i.DiagnosticsManager] sun.java.command = main.Main
2016-02-17 12:26:10.978+0000 INFO  [o.n.k.i.DiagnosticsManager] sun.arch.data.model = 64
2016-02-17 12:26:10.978+0000 INFO  [o.n.k.i.DiagnosticsManager] user.language = it
2016-02-17 12:26:10.978+0000 INFO  [o.n.k.i.DiagnosticsManager] awt.toolkit = sun.awt.X11.XToolkit
2016-02-17 12:26:10.978+0000 INFO  [o.n.k.i.DiagnosticsManager] file.separator = /
2016-02-17 12:26:10.978+0000 INFO  [o.n.k.i.DiagnosticsManager] sun.io.unicode.encoding = UnicodeLittle
2016-02-17 12:26:10.978+0000 INFO  [o.n.k.i.DiagnosticsManager] sun.cpu.endian = little
2016-02-17 12:26:10.978+0000 INFO  [o.n.k.i.DiagnosticsManager] sun.desktop = gnome
2016-02-17 12:26:10.978+0000 INFO  [o.n.k.i.DiagnosticsManager] sun.cpu.isalist = 
2016-02-17 12:26:10.978+0000 INFO  [o.n.k.i.DiagnosticsManager] Linux scheduler information:
2016-02-17 12:26:10.979+0000 INFO  [o.n.k.i.DiagnosticsManager] noop [deadline] cfq 
2016-02-17 12:26:10.979+0000 INFO  [o.n.k.i.DiagnosticsManager] noop [deadline] cfq 
2016-02-17 12:26:10.979+0000 INFO  [o.n.k.i.DiagnosticsManager] none
2016-02-17 12:26:10.980+0000 INFO  [o.n.k.i.DiagnosticsManager] none
2016-02-17 12:26:10.980+0000 INFO  [o.n.k.i.DiagnosticsManager] none
2016-02-17 12:26:10.980+0000 INFO  [o.n.k.i.DiagnosticsManager] none
2016-02-17 12:26:10.980+0000 INFO  [o.n.k.i.DiagnosticsManager] none
2016-02-17 12:26:10.980+0000 INFO  [o.n.k.i.DiagnosticsManager] none
2016-02-17 12:26:10.980+0000 INFO  [o.n.k.i.DiagnosticsManager] none
2016-02-17 12:26:10.980+0000 INFO  [o.n.k.i.DiagnosticsManager] none
2016-02-17 12:26:10.981+0000 INFO  [o.n.k.i.DiagnosticsManager] none
2016-02-17 12:26:10.981+0000 INFO  [o.n.k.i.DiagnosticsManager] none
2016-02-17 12:26:10.981+0000 INFO  [o.n.k.i.DiagnosticsManager] none
2016-02-17 12:26:10.981+0000 INFO  [o.n.k.i.DiagnosticsManager] none
2016-02-17 12:26:10.981+0000 INFO  [o.n.k.i.DiagnosticsManager] none
2016-02-17 12:26:10.981+0000 INFO  [o.n.k.i.DiagnosticsManager] none
2016-02-17 12:26:10.981+0000 INFO  [o.n.k.i.DiagnosticsManager] none
2016-02-17 12:26:10.981+0000 INFO  [o.n.k.i.DiagnosticsManager] none
2016-02-17 12:26:10.982+0000 INFO  [o.n.k.i.DiagnosticsManager] none
2016-02-17 12:26:10.982+0000 INFO  [o.n.k.i.DiagnosticsManager] none
2016-02-17 12:26:10.982+0000 INFO  [o.n.k.i.DiagnosticsManager] none
2016-02-17 12:26:10.982+0000 INFO  [o.n.k.i.DiagnosticsManager] none
2016-02-17 12:26:10.982+0000 INFO  [o.n.k.i.DiagnosticsManager] none
2016-02-17 12:26:10.982+0000 INFO  [o.n.k.i.DiagnosticsManager] none
2016-02-17 12:26:10.982+0000 INFO  [o.n.k.i.DiagnosticsManager] none
2016-02-17 12:26:10.982+0000 INFO  [o.n.k.i.DiagnosticsManager] none
2016-02-17 12:26:10.982+0000 INFO  [o.n.k.i.DiagnosticsManager] Network information:
2016-02-17 12:26:10.983+0000 INFO  [o.n.k.i.DiagnosticsManager] Interface docker0:
2016-02-17 12:26:10.983+0000 INFO  [o.n.k.i.DiagnosticsManager]     address: 172.17.0.1
2016-02-17 12:26:10.984+0000 INFO  [o.n.k.i.DiagnosticsManager] Interface wlan0:
2016-02-17 12:26:10.984+0000 INFO  [o.n.k.i.DiagnosticsManager]     address: fe80:0:0:0:2e33:7aff:fe4e:ebc5%3
2016-02-17 12:26:10.984+0000 INFO  [o.n.k.i.DiagnosticsManager]     address: 10.0.7.99
2016-02-17 12:26:10.984+0000 INFO  [o.n.k.i.DiagnosticsManager] Interface lo:
2016-02-17 12:26:10.984+0000 INFO  [o.n.k.i.DiagnosticsManager]     address: 0:0:0:0:0:0:0:1%1
2016-02-17 12:26:10.984+0000 INFO  [o.n.k.i.DiagnosticsManager]     address: 127.0.0.1
2016-02-17 12:26:10.984+0000 INFO  [o.n.k.i.DiagnosticsManager] --- INITIALIZED diagnostics END ---
2016-02-17 12:26:12.591+0000 INFO  [o.n.k.a.i.i.LuceneLabelScanStore] No lucene scan store index found, this might just be first use. Preparing to rebuild.
2016-02-17 12:26:12.637+0000 INFO  [o.n.k.NeoStoreDataSource] Opened logical log [/home/andrea/Scrivania/springExample/ZanellaProjectLast/dbBad/neostore.transaction.db.0] version=0, lastTxId=1 (clean)
2016-02-17 12:26:12.643+0000 WARN  [o.n.k.i.s.MetaDataStore] Missing counts store, rebuilding it.
2016-02-17 12:26:12.725+0000 INFO  [o.n.k.a.i.i.LuceneLabelScanStore] Rebuilding lucene scan store, this may take a while
2016-02-17 12:26:12.726+0000 INFO  [o.n.k.a.i.i.LuceneLabelScanStore] Lucene scan store rebuilt (roughly -1 nodes)
2016-02-17 12:26:12.731+0000 INFO  [o.n.k.KernelHealth] Kernel health set to OK
2016-02-17 12:26:12.907+0000 INFO  [o.n.k.AvailabilityGuard] Fulfilling of requirement makes database available: Database available
2016-02-17 12:26:12.907+0000 INFO  [o.n.k.i.f.CommunityFacadeFactory] Database is now ready
2016-02-17 12:26:12.908+0000 INFO  [o.n.k.i.DiagnosticsManager] --- STARTED diagnostics for KernelDiagnostics:Versions START ---
2016-02-17 12:26:12.908+0000 INFO  [o.n.k.i.DiagnosticsManager] Graph Database: Community StoreId{creationTime=1455711972421, randomId=8778569065232224943, storeVersion=15250506225055238, upgradeTime=1455711972421, upgradeId=1}
2016-02-17 12:26:12.909+0000 INFO  [o.n.k.i.DiagnosticsManager] Kernel version: 2.3.1,dd67f90
2016-02-17 12:26:12.909+0000 INFO  [o.n.k.i.DiagnosticsManager] --- STARTED diagnostics for KernelDiagnostics:Versions END ---
2016-02-17 12:26:12.910+0000 INFO  [o.n.k.i.DiagnosticsManager] --- STARTED diagnostics for NEO_STORE_VERSIONS START ---
2016-02-17 12:26:12.910+0000 INFO  [o.n.k.i.DiagnosticsManager] Store versions:
2016-02-17 12:26:12.910+0000 INFO  [o.n.k.i.DiagnosticsManager] Store versions:
2016-02-17 12:26:12.911+0000 INFO  [o.n.k.i.DiagnosticsManager] ArrayPropertyStore v0.A.6
2016-02-17 12:26:12.911+0000 INFO  [o.n.k.i.DiagnosticsManager] NodeStore v0.A.6
2016-02-17 12:26:12.911+0000 INFO  [o.n.k.i.DiagnosticsManager] StringPropertyStore v0.A.6
2016-02-17 12:26:12.911+0000 INFO  [o.n.k.i.DiagnosticsManager] PropertyIndexStore v0.A.6
2016-02-17 12:26:12.911+0000 INFO  [o.n.k.i.DiagnosticsManager] StringPropertyStore v0.A.6
2016-02-17 12:26:12.911+0000 INFO  [o.n.k.i.DiagnosticsManager] ArrayPropertyStore v0.A.6
2016-02-17 12:26:12.911+0000 INFO  [o.n.k.i.DiagnosticsManager] PropertyStore v0.A.6
2016-02-17 12:26:12.911+0000 INFO  [o.n.k.i.DiagnosticsManager] RelationshipStore v0.A.6
2016-02-17 12:26:12.911+0000 INFO  [o.n.k.i.DiagnosticsManager] StringPropertyStore v0.A.6
2016-02-17 12:26:12.911+0000 INFO  [o.n.k.i.DiagnosticsManager] RelationshipTypeStore v0.A.6
2016-02-17 12:26:12.911+0000 INFO  [o.n.k.i.DiagnosticsManager] StringPropertyStore v0.A.6
2016-02-17 12:26:12.911+0000 INFO  [o.n.k.i.DiagnosticsManager] LabelTokenStore v0.A.6
2016-02-17 12:26:12.911+0000 INFO  [o.n.k.i.DiagnosticsManager] SchemaStore v0.A.6
2016-02-17 12:26:12.911+0000 INFO  [o.n.k.i.DiagnosticsManager] RelationshipGroupStore v0.A.6
2016-02-17 12:26:12.911+0000 INFO  [o.n.k.i.DiagnosticsManager] NeoStore v0.A.6
2016-02-17 12:26:12.911+0000 INFO  [o.n.k.i.DiagnosticsManager] --- STARTED diagnostics for NEO_STORE_VERSIONS END ---
2016-02-17 12:26:12.912+0000 INFO  [o.n.k.i.DiagnosticsManager] --- STARTED diagnostics for NEO_STORE_ID_USAGE START ---
2016-02-17 12:26:12.912+0000 INFO  [o.n.k.i.DiagnosticsManager] Id usage:
2016-02-17 12:26:12.912+0000 INFO  [o.n.k.i.DiagnosticsManager] Id usage:
2016-02-17 12:26:12.912+0000 INFO  [o.n.k.i.DiagnosticsManager]   ArrayPropertyStore v0.A.6: used=1 high=0
2016-02-17 12:26:12.912+0000 INFO  [o.n.k.i.DiagnosticsManager]   NodeStore v0.A.6: used=0 high=-1
2016-02-17 12:26:12.912+0000 INFO  [o.n.k.i.DiagnosticsManager]   StringPropertyStore v0.A.6: used=1 high=0
2016-02-17 12:26:12.912+0000 INFO  [o.n.k.i.DiagnosticsManager]   PropertyIndexStore v0.A.6: used=0 high=-1
2016-02-17 12:26:12.912+0000 INFO  [o.n.k.i.DiagnosticsManager]   StringPropertyStore v0.A.6: used=1 high=0
2016-02-17 12:26:12.913+0000 INFO  [o.n.k.i.DiagnosticsManager]   ArrayPropertyStore v0.A.6: used=1 high=0
2016-02-17 12:26:12.913+0000 INFO  [o.n.k.i.DiagnosticsManager]   PropertyStore v0.A.6: used=0 high=-1
2016-02-17 12:26:12.913+0000 INFO  [o.n.k.i.DiagnosticsManager]   RelationshipStore v0.A.6: used=0 high=-1
2016-02-17 12:26:12.913+0000 INFO  [o.n.k.i.DiagnosticsManager]   StringPropertyStore v0.A.6: used=1 high=0
2016-02-17 12:26:12.913+0000 INFO  [o.n.k.i.DiagnosticsManager]   RelationshipTypeStore v0.A.6: used=0 high=-1
2016-02-17 12:26:12.913+0000 INFO  [o.n.k.i.DiagnosticsManager]   StringPropertyStore v0.A.6: used=1 high=0
2016-02-17 12:26:12.913+0000 INFO  [o.n.k.i.DiagnosticsManager]   LabelTokenStore v0.A.6: used=0 high=-1
2016-02-17 12:26:12.913+0000 INFO  [o.n.k.i.DiagnosticsManager]   SchemaStore v0.A.6: used=1 high=0
2016-02-17 12:26:12.914+0000 INFO  [o.n.k.i.DiagnosticsManager]   RelationshipGroupStore v0.A.6: used=1 high=0
2016-02-17 12:26:12.914+0000 INFO  [o.n.k.i.DiagnosticsManager]   NeoStore v0.A.6: used=13 high=12
2016-02-17 12:26:12.914+0000 INFO  [o.n.k.i.DiagnosticsManager] --- STARTED diagnostics for NEO_STORE_ID_USAGE END ---
2016-02-17 12:26:12.914+0000 INFO  [o.n.k.i.DiagnosticsManager] --- STARTED diagnostics for NEO_STORE_RECORDS START ---
2016-02-17 12:26:12.914+0000 INFO  [o.n.k.i.DiagnosticsManager] Neostore records:
2016-02-17 12:26:12.914+0000 INFO  [o.n.k.i.DiagnosticsManager] TIME (Creation time): 1455711972421
2016-02-17 12:26:12.914+0000 INFO  [o.n.k.i.DiagnosticsManager] RANDOM_NUMBER (Random number for store id): 8778569065232224943
2016-02-17 12:26:12.915+0000 INFO  [o.n.k.i.DiagnosticsManager] LOG_VERSION (Current log version): 0
2016-02-17 12:26:12.915+0000 INFO  [o.n.k.i.DiagnosticsManager] LAST_TRANSACTION_ID (Last committed transaction): 1
2016-02-17 12:26:12.915+0000 INFO  [o.n.k.i.DiagnosticsManager] STORE_VERSION (Store format version): 15250506225055238
2016-02-17 12:26:12.915+0000 INFO  [o.n.k.i.DiagnosticsManager] FIRST_GRAPH_PROPERTY (First property record containing graph properties): -1
2016-02-17 12:26:12.915+0000 INFO  [o.n.k.i.DiagnosticsManager] LAST_CONSTRAINT_TRANSACTION (Last committed transaction containing constraint changes): 0
2016-02-17 12:26:12.915+0000 INFO  [o.n.k.i.DiagnosticsManager] UPGRADE_TRANSACTION_ID (Transaction id most recent upgrade was performed at): 1
2016-02-17 12:26:12.915+0000 INFO  [o.n.k.i.DiagnosticsManager] UPGRADE_TIME (Time of last upgrade): 1455711972421
2016-02-17 12:26:12.915+0000 INFO  [o.n.k.i.DiagnosticsManager] LAST_TRANSACTION_CHECKSUM (Checksum of last committed transaction): 0
2016-02-17 12:26:12.915+0000 INFO  [o.n.k.i.DiagnosticsManager] UPGRADE_TRANSACTION_CHECKSUM (Checksum of transaction id the most recent upgrade was performed at): 0
2016-02-17 12:26:12.915+0000 INFO  [o.n.k.i.DiagnosticsManager] LAST_CLOSED_TRANSACTION_LOG_VERSION (Log version where the last transaction commit entry has been written into): 0
2016-02-17 12:26:12.915+0000 INFO  [o.n.k.i.DiagnosticsManager] LAST_CLOSED_TRANSACTION_LOG_BYTE_OFFSET (Byte offset in the log file where the last transaction commit entry has been written into): 16
2016-02-17 12:26:12.915+0000 INFO  [o.n.k.i.DiagnosticsManager] --- STARTED diagnostics for NEO_STORE_RECORDS END ---
2016-02-17 12:26:12.915+0000 INFO  [o.n.k.i.DiagnosticsManager] --- STARTED diagnostics for TRANSACTION_RANGE START ---
2016-02-17 12:26:12.915+0000 INFO  [o.n.k.i.DiagnosticsManager] Transaction log:
2016-02-17 12:26:12.916+0000 INFO  [o.n.k.i.DiagnosticsManager] No transactions found in any log
2016-02-17 12:26:12.916+0000 INFO  [o.n.k.i.DiagnosticsManager] --- STARTED diagnostics for TRANSACTION_RANGE END ---
2016-02-17 12:26:12.916+0000 INFO  [o.n.k.i.DiagnosticsManager] --- STARTED diagnostics for KernelDiagnostics:StoreFiles START ---
2016-02-17 12:26:12.917+0000 INFO  [o.n.k.i.DiagnosticsManager] Disk space on partition (Total / Free / Free %): 286945980416 / 183957635072 / 64
Storage files: (filename : modification date - size)
2016-02-17 12:26:12.917+0000 INFO  [o.n.k.i.DiagnosticsManager]   index:
2016-02-17 12:26:12.917+0000 INFO  [o.n.k.i.DiagnosticsManager]   - Total: 2016-02-17T13:26:12+0100 - 0,00 B
2016-02-17 12:26:12.918+0000 INFO  [o.n.k.i.DiagnosticsManager]   messages.log: 2016-02-17T13:26:12+0100 - 26,84 kB
2016-02-17 12:26:12.918+0000 INFO  [o.n.k.i.DiagnosticsManager]   neostore: 2016-02-17T13:26:12+0100 - 8,00 kB
2016-02-17 12:26:12.918+0000 INFO  [o.n.k.i.DiagnosticsManager]   neostore.counts.db.a: 2016-02-17T13:26:12+0100 - 96,00 B
2016-02-17 12:26:12.918+0000 INFO  [o.n.k.i.DiagnosticsManager]   neostore.id: 2016-02-17T13:26:12+0100 - 9,00 B
2016-02-17 12:26:12.919+0000 INFO  [o.n.k.i.DiagnosticsManager]   neostore.labeltokenstore.db: 2016-02-17T13:26:12+0100 - 0,00 B
2016-02-17 12:26:12.919+0000 INFO  [o.n.k.i.DiagnosticsManager]   neostore.labeltokenstore.db.id: 2016-02-17T13:26:12+0100 - 9,00 B
2016-02-17 12:26:12.919+0000 INFO  [o.n.k.i.DiagnosticsManager]   neostore.labeltokenstore.db.names: 2016-02-17T13:26:12+0100 - 8,00 kB
2016-02-17 12:26:12.919+0000 INFO  [o.n.k.i.DiagnosticsManager]   neostore.labeltokenstore.db.names.id: 2016-02-17T13:26:12+0100 - 9,00 B
2016-02-17 12:26:12.920+0000 INFO  [o.n.k.i.DiagnosticsManager]   neostore.nodestore.db: 2016-02-17T13:26:11+0100 - 0,00 B
2016-02-17 12:26:12.920+0000 INFO  [o.n.k.i.DiagnosticsManager]   neostore.nodestore.db.id: 2016-02-17T13:26:11+0100 - 9,00 B
2016-02-17 12:26:12.920+0000 INFO  [o.n.k.i.DiagnosticsManager]   neostore.nodestore.db.labels: 2016-02-17T13:26:11+0100 - 8,00 kB
2016-02-17 12:26:12.921+0000 INFO  [o.n.k.i.DiagnosticsManager]   neostore.nodestore.db.labels.id: 2016-02-17T13:26:11+0100 - 9,00 B
2016-02-17 12:26:12.921+0000 INFO  [o.n.k.i.DiagnosticsManager]   neostore.propertystore.db: 2016-02-17T13:26:11+0100 - 0,00 B
2016-02-17 12:26:12.921+0000 INFO  [o.n.k.i.DiagnosticsManager]   neostore.propertystore.db.arrays: 2016-02-17T13:26:11+0100 - 8,00 kB
2016-02-17 12:26:12.921+0000 INFO  [o.n.k.i.DiagnosticsManager]   neostore.propertystore.db.arrays.id: 2016-02-17T13:26:11+0100 - 9,00 B
2016-02-17 12:26:12.921+0000 INFO  [o.n.k.i.DiagnosticsManager]   neostore.propertystore.db.id: 2016-02-17T13:26:11+0100 - 9,00 B
2016-02-17 12:26:12.922+0000 INFO  [o.n.k.i.DiagnosticsManager]   neostore.propertystore.db.index: 2016-02-17T13:26:11+0100 - 0,00 B
2016-02-17 12:26:12.922+0000 INFO  [o.n.k.i.DiagnosticsManager]   neostore.propertystore.db.index.id: 2016-02-17T13:26:11+0100 - 9,00 B
2016-02-17 12:26:12.923+0000 INFO  [o.n.k.i.DiagnosticsManager]   neostore.propertystore.db.index.keys: 2016-02-17T13:26:11+0100 - 8,00 kB
2016-02-17 12:26:12.923+0000 INFO  [o.n.k.i.DiagnosticsManager]   neostore.propertystore.db.index.keys.id: 2016-02-17T13:26:11+0100 - 9,00 B
2016-02-17 12:26:12.923+0000 INFO  [o.n.k.i.DiagnosticsManager]   neostore.propertystore.db.strings: 2016-02-17T13:26:11+0100 - 8,00 kB
2016-02-17 12:26:12.924+0000 INFO  [o.n.k.i.DiagnosticsManager]   neostore.propertystore.db.strings.id: 2016-02-17T13:26:11+0100 - 9,00 B
2016-02-17 12:26:12.924+0000 INFO  [o.n.k.i.DiagnosticsManager]   neostore.relationshipgroupstore.db: 2016-02-17T13:26:12+0100 - 8,00 kB
2016-02-17 12:26:12.924+0000 INFO  [o.n.k.i.DiagnosticsManager]   neostore.relationshipgroupstore.db.id: 2016-02-17T13:26:12+0100 - 9,00 B
2016-02-17 12:26:12.925+0000 INFO  [o.n.k.i.DiagnosticsManager]   neostore.relationshipstore.db: 2016-02-17T13:26:11+0100 - 0,00 B
2016-02-17 12:26:12.925+0000 INFO  [o.n.k.i.DiagnosticsManager]   neostore.relationshipstore.db.id: 2016-02-17T13:26:11+0100 - 9,00 B
2016-02-17 12:26:12.925+0000 INFO  [o.n.k.i.DiagnosticsManager]   neostore.relationshiptypestore.db: 2016-02-17T13:26:11+0100 - 0,00 B
2016-02-17 12:26:12.926+0000 INFO  [o.n.k.i.DiagnosticsManager]   neostore.relationshiptypestore.db.id: 2016-02-17T13:26:11+0100 - 9,00 B
2016-02-17 12:26:12.926+0000 INFO  [o.n.k.i.DiagnosticsManager]   neostore.relationshiptypestore.db.names: 2016-02-17T13:26:11+0100 - 8,00 kB
2016-02-17 12:26:12.926+0000 INFO  [o.n.k.i.DiagnosticsManager]   neostore.relationshiptypestore.db.names.id: 2016-02-17T13:26:11+0100 - 9,00 B
2016-02-17 12:26:12.926+0000 INFO  [o.n.k.i.DiagnosticsManager]   neostore.schemastore.db: 2016-02-17T13:26:12+0100 - 8,00 kB
2016-02-17 12:26:12.927+0000 INFO  [o.n.k.i.DiagnosticsManager]   neostore.schemastore.db.id: 2016-02-17T13:26:12+0100 - 9,00 B
2016-02-17 12:26:12.927+0000 INFO  [o.n.k.i.DiagnosticsManager]   neostore.transaction.db.0: 2016-02-17T13:26:12+0100 - 16,00 B
2016-02-17 12:26:12.927+0000 INFO  [o.n.k.i.DiagnosticsManager]   schema:
2016-02-17 12:26:12.927+0000 INFO  [o.n.k.i.DiagnosticsManager]     label:
2016-02-17 12:26:12.927+0000 INFO  [o.n.k.i.DiagnosticsManager]       lucene:
2016-02-17 12:26:12.927+0000 INFO  [o.n.k.i.DiagnosticsManager]         write.lock: 2016-02-17T13:26:12+0100 - 0,00 B
2016-02-17 12:26:12.928+0000 INFO  [o.n.k.i.DiagnosticsManager]       - Total: 2016-02-17T13:26:12+0100 - 0,00 B
2016-02-17 12:26:12.928+0000 INFO  [o.n.k.i.DiagnosticsManager]     - Total: 2016-02-17T13:26:12+0100 - 0,00 B
2016-02-17 12:26:12.928+0000 INFO  [o.n.k.i.DiagnosticsManager]   - Total: 2016-02-17T13:26:12+0100 - 0,00 B
2016-02-17 12:26:12.928+0000 INFO  [o.n.k.i.DiagnosticsManager]   store_lock: 2016-02-17T13:26:11+0100 - 0,00 B
2016-02-17 12:26:12.928+0000 INFO  [o.n.k.i.DiagnosticsManager] --- STARTED diagnostics for KernelDiagnostics:StoreFiles END ---
2016-02-17 12:26:14.634+0000 INFO  [o.n.k.i.a.i.IndexPopulationJob] Index population started: [:Nome(name) [provider: {key=lucene, version=1.0}]]
2016-02-17 12:26:14.762+0000 INFO  [o.n.k.i.a.KernelSchemaStateStore] Schema state store has been cleared.
2016-02-17 12:26:14.768+0000 INFO  [o.n.k.i.a.i.IndexPopulationJob] Index population completed. Index is now online: [:Nome(name) [provider: {key=lucene, version=1.0}]]
2016-02-17 12:26:20.699+0000 WARN  [o.n.k.i.c.MonitorGc] GC Monitor: Application threads blocked for 483ms.
2016-02-17 12:26:22.728+0000 INFO  [o.n.k.i.a.i.s.OnlineIndexSamplingJob] Sampled index :Nome(name) with 7 unique values in sample of avg size 7 taken from index containing 7 entries
2016-02-17 12:26:51.549+0000 INFO  [o.n.k.i.f.CommunityFacadeFactory] No locking implementation specified, defaulting to 'community'
2016-02-17 12:26:51.623+0000 INFO  [o.n.k.AvailabilityGuard] Requirement makes database unavailable: Database available
2016-02-17 12:26:51.630+0000 INFO  [o.n.k.i.DiagnosticsManager] --- INITIALIZED diagnostics START ---
2016-02-17 12:26:51.630+0000 INFO  [o.n.k.i.DiagnosticsManager] Neo4j Kernel properties:
2016-02-17 12:26:51.631+0000 INFO  [o.n.k.i.DiagnosticsManager] org.neo4j.server.webserver.https.keystore.location=data/keystore
2016-02-17 12:26:51.631+0000 INFO  [o.n.k.i.DiagnosticsManager] org.neo4j.server.db.tuning.properties=conf/neo4j.properties
2016-02-17 12:26:51.631+0000 INFO  [o.n.k.i.DiagnosticsManager] org.neo4j.server.database.location=/home/andrea/Scrivania/springExample/ZanellaProjectLast/dbBad
2016-02-17 12:26:51.631+0000 INFO  [o.n.k.i.DiagnosticsManager] org.neo4j.server.webserver.port=7474
2016-02-17 12:26:51.631+0000 INFO  [o.n.k.i.DiagnosticsManager] org.neo4j.server.http.log.config=conf/neo4j-http-logging.xml
2016-02-17 12:26:51.631+0000 INFO  [o.n.k.i.DiagnosticsManager] dbms.querylog.filename=data/log/queries.log
2016-02-17 12:26:51.631+0000 INFO  [o.n.k.i.DiagnosticsManager] org.neo4j.server.webserver.https.enabled=true
2016-02-17 12:26:51.631+0000 INFO  [o.n.k.i.DiagnosticsManager] org.neo4j.server.http.log.enabled=false
2016-02-17 12:26:51.631+0000 INFO  [o.n.k.i.DiagnosticsManager] dbms.security.tls_certificate_file=conf/ssl/snakeoil.cert
2016-02-17 12:26:51.632+0000 INFO  [o.n.k.i.DiagnosticsManager] org.neo4j.server.webserver.https.port=7473
2016-02-17 12:26:51.632+0000 INFO  [o.n.k.i.DiagnosticsManager] org.neo4j.server.webadmin.rrdb.location=data/rrd
2016-02-17 12:26:51.632+0000 INFO  [o.n.k.i.DiagnosticsManager] remote_shell_enabled=true
2016-02-17 12:26:51.632+0000 INFO  [o.n.k.i.DiagnosticsManager] edition=Community
2016-02-17 12:26:51.632+0000 INFO  [o.n.k.i.DiagnosticsManager] dbms.security.tls_key_file=conf/ssl/snakeoil.key
2016-02-17 12:26:51.632+0000 INFO  [o.n.k.i.DiagnosticsManager] dbms.security.auth_enabled=false
2016-02-17 12:26:51.632+0000 INFO  [o.n.k.i.DiagnosticsManager] Diagnostics providers:
2016-02-17 12:26:51.632+0000 INFO  [o.n.k.i.DiagnosticsManager] org.neo4j.kernel.configuration.Config
2016-02-17 12:26:51.632+0000 INFO  [o.n.k.i.DiagnosticsManager] org.neo4j.kernel.info.DiagnosticsManager
2016-02-17 12:26:51.632+0000 INFO  [o.n.k.i.DiagnosticsManager] SYSTEM_MEMORY
2016-02-17 12:26:51.632+0000 INFO  [o.n.k.i.DiagnosticsManager] JAVA_MEMORY
2016-02-17 12:26:51.632+0000 INFO  [o.n.k.i.DiagnosticsManager] OPERATING_SYSTEM
2016-02-17 12:26:51.632+0000 INFO  [o.n.k.i.DiagnosticsManager] JAVA_VIRTUAL_MACHINE
2016-02-17 12:26:51.633+0000 INFO  [o.n.k.i.DiagnosticsManager] CLASSPATH
2016-02-17 12:26:51.633+0000 INFO  [o.n.k.i.DiagnosticsManager] LIBRARY_PATH
2016-02-17 12:26:51.633+0000 INFO  [o.n.k.i.DiagnosticsManager] SYSTEM_PROPERTIES
2016-02-17 12:26:51.633+0000 INFO  [o.n.k.i.DiagnosticsManager] LINUX_SCHEDULERS
2016-02-17 12:26:51.633+0000 INFO  [o.n.k.i.DiagnosticsManager] NETWORK
2016-02-17 12:26:51.633+0000 INFO  [o.n.k.i.DiagnosticsManager] System memory information:
2016-02-17 12:26:51.635+0000 INFO  [o.n.k.i.DiagnosticsManager] Total Physical memory: 15.60 GB
2016-02-17 12:26:51.635+0000 INFO  [o.n.k.i.DiagnosticsManager] Free Physical memory: 12.21 GB
2016-02-17 12:26:51.635+0000 INFO  [o.n.k.i.DiagnosticsManager] Committed virtual memory: 5.85 GB
2016-02-17 12:26:51.635+0000 INFO  [o.n.k.i.DiagnosticsManager] Total swap space: 15.92 GB
2016-02-17 12:26:51.636+0000 INFO  [o.n.k.i.DiagnosticsManager] Free swap space: 15.92 GB
2016-02-17 12:26:51.636+0000 INFO  [o.n.k.i.DiagnosticsManager] JVM memory information:
2016-02-17 12:26:51.636+0000 INFO  [o.n.k.i.DiagnosticsManager] Free  memory: 181.17 MB
2016-02-17 12:26:51.636+0000 INFO  [o.n.k.i.DiagnosticsManager] Total memory: 250.00 MB
2016-02-17 12:26:51.636+0000 INFO  [o.n.k.i.DiagnosticsManager] Max   memory: 3.90 GB
2016-02-17 12:26:51.637+0000 INFO  [o.n.k.i.DiagnosticsManager] Garbage Collector: G1 Young Generation: [G1 Eden Space, G1 Survivor Space]
2016-02-17 12:26:51.637+0000 INFO  [o.n.k.i.DiagnosticsManager] Garbage Collector: G1 Old Generation: [G1 Eden Space, G1 Survivor Space, G1 Old Gen, G1 Perm Gen]
2016-02-17 12:26:51.638+0000 INFO  [o.n.k.i.DiagnosticsManager] Memory Pool: Code Cache (Non-heap memory): committed=2.44 MB, used=770.13 kB, max=48.00 MB, threshold=0.00 B
2016-02-17 12:26:51.638+0000 INFO  [o.n.k.i.DiagnosticsManager] Memory Pool: G1 Eden Space (Heap memory): committed=11.00 MB, used=6.00 MB, max=-1.00 B, threshold=?
2016-02-17 12:26:51.639+0000 INFO  [o.n.k.i.DiagnosticsManager] Memory Pool: G1 Survivor Space (Heap memory): committed=2.00 MB, used=2.00 MB, max=-1.00 B, threshold=?
2016-02-17 12:26:51.639+0000 INFO  [o.n.k.i.DiagnosticsManager] Memory Pool: G1 Old Gen (Heap memory): committed=237.00 MB, used=60.42 MB, max=3.90 GB, threshold=0.00 B
2016-02-17 12:26:51.640+0000 INFO  [o.n.k.i.DiagnosticsManager] Memory Pool: G1 Perm Gen (Non-heap memory): committed=20.00 MB, used=12.79 MB, max=166.00 MB, threshold=0.00 B
2016-02-17 12:26:51.640+0000 INFO  [o.n.k.i.DiagnosticsManager] Operating system information:
2016-02-17 12:26:51.640+0000 INFO  [o.n.k.i.DiagnosticsManager] Operating System: Linux; version: 3.19.0-47-generic; arch: amd64; cpus: 4
2016-02-17 12:26:51.640+0000 INFO  [o.n.k.i.DiagnosticsManager] Max number of file descriptors: 64.00 kB
2016-02-17 12:26:51.640+0000 INFO  [o.n.k.i.DiagnosticsManager] Number of open file descriptors: 87.00 B
2016-02-17 12:26:51.643+0000 INFO  [o.n.k.i.DiagnosticsManager] Process id: 9268@andrea-HP-Pavilion-15-Notebook-PC
2016-02-17 12:26:51.643+0000 INFO  [o.n.k.i.DiagnosticsManager] Byte order: LITTLE_ENDIAN
2016-02-17 12:26:51.643+0000 INFO  [o.n.k.i.DiagnosticsManager] Local timezone: Europe/Rome
2016-02-17 12:26:51.643+0000 INFO  [o.n.k.i.DiagnosticsManager] JVM information:
2016-02-17 12:26:51.643+0000 INFO  [o.n.k.i.DiagnosticsManager] VM Name: OpenJDK 64-Bit Server VM
2016-02-17 12:26:51.643+0000 INFO  [o.n.k.i.DiagnosticsManager] VM Vendor: Oracle Corporation
2016-02-17 12:26:51.643+0000 INFO  [o.n.k.i.DiagnosticsManager] VM Version: 24.95-b01
2016-02-17 12:26:51.643+0000 INFO  [o.n.k.i.DiagnosticsManager] JIT compiler: HotSpot 64-Bit Tiered Compilers
2016-02-17 12:26:51.644+0000 INFO  [o.n.k.i.DiagnosticsManager] VM Arguments: [-XX:+DisableExplicitGC, -Dorg.neo4j.server.properties=conf/neo4j-server.properties, -Dlog4j.configuration=file:conf/log4j.properties, -XX:+UseG1GC, -XX:-OmitStackTraceInFastThrow, -XX:hashCode=5, -Dneo4j.ext.udc.source=tarball, -Dneo4j.home=/home/andrea/Scrivania/springExample/neo4j-community-2.3.1, -Dneo4j.instance=/home/andrea/Scrivania/springExample/neo4j-community-2.3.1, -Dfile.encoding=UTF-8]
2016-02-17 12:26:51.644+0000 INFO  [o.n.k.i.DiagnosticsManager] Java classpath:
2016-02-17 12:26:51.646+0000 INFO  [o.n.k.i.DiagnosticsManager]  [loader.1] file:/usr/lib/jvm/java-7-openjdk-amd64/jre/lib/ext/libatk-wrapper.so
2016-02-17 12:26:51.646+0000 INFO  [o.n.k.i.DiagnosticsManager]  [classpath + loader.0] file:/home/andrea/Scrivania/springExample/neo4j-community-2.3.1/lib/neo4j-shell-2.3.1.jar
2016-02-17 12:26:51.647+0000 INFO  [o.n.k.i.DiagnosticsManager]  [classpath + loader.0] file:/home/andrea/Scrivania/springExample/neo4j-community-2.3.1/lib/neo4j-codegen-2.3.1.jar
2016-02-17 12:26:51.647+0000 INFO  [o.n.k.i.DiagnosticsManager]  [classpath + loader.0] file:/home/andrea/Scrivania/springExample/neo4j-community-2.3.1/system/lib/logback-classic-1.1.2.jar
2016-02-17 12:26:51.647+0000 INFO  [o.n.k.i.DiagnosticsManager]  [classpath + loader.0] file:/home/andrea/Scrivania/springExample/neo4j-community-2.3.1/lib/neo4j-primitive-collections-2.3.1.jar
2016-02-17 12:26:51.647+0000 INFO  [o.n.k.i.DiagnosticsManager]  [classpath + loader.0] file:/home/andrea/Scrivania/springExample/neo4j-community-2.3.1/lib/commons-lang3-3.3.2.jar
2016-02-17 12:26:51.647+0000 INFO  [o.n.k.i.DiagnosticsManager]  [bootstrap] /usr/lib/jvm/java-7-openjdk-amd64/jre/lib/charsets.jar
2016-02-17 12:26:51.647+0000 INFO  [o.n.k.i.DiagnosticsManager]  [classpath + loader.0] file:/home/andrea/Scrivania/springExample/neo4j-community-2.3.1/system/lib/javax.servlet-api-3.1.0.jar
2016-02-17 12:26:51.647+0000 INFO  [o.n.k.i.DiagnosticsManager]  [bootstrap] /usr/lib/jvm/java-7-openjdk-amd64/jre/lib/sunrsasign.jar
2016-02-17 12:26:51.647+0000 INFO  [o.n.k.i.DiagnosticsManager]  [classpath + loader.0] file:/home/andrea/Scrivania/springExample/neo4j-community-2.3.1/system/lib/asm-5.0.2.jar
2016-02-17 12:26:51.647+0000 INFO  [o.n.k.i.DiagnosticsManager]  [bootstrap] /usr/lib/jvm/java-7-openjdk-amd64/jre/lib/rhino.jar
2016-02-17 12:26:51.647+0000 INFO  [o.n.k.i.DiagnosticsManager]  [loader.1] file:/usr/lib/jvm/java-7-openjdk-amd64/jre/lib/ext/zipfs.jar
2016-02-17 12:26:51.647+0000 INFO  [o.n.k.i.DiagnosticsManager]  [classpath + loader.0] file:/home/andrea/Scrivania/springExample/neo4j-community-2.3.1/lib/parboiled-scala_2.11-1.1.7.jar
2016-02-17 12:26:51.647+0000 INFO  [o.n.k.i.DiagnosticsManager]  [loader.1] file:/usr/lib/jvm/java-7-openjdk-amd64/jre/lib/ext/sunpkcs11.jar
2016-02-17 12:26:51.647+0000 INFO  [o.n.k.i.DiagnosticsManager]  [classpath + loader.0] file:/home/andrea/Scrivania/springExample/neo4j-community-2.3.1/system/lib/logback-core-1.1.2.jar
2016-02-17 12:26:51.647+0000 INFO  [o.n.k.i.DiagnosticsManager]  [loader.1] file:/usr/share/java/java-atk-wrapper.jar
2016-02-17 12:26:51.648+0000 INFO  [o.n.k.i.DiagnosticsManager]  [classpath + loader.0] file:/home/andrea/Scrivania/springExample/neo4j-community-2.3.1/system/lib/mimepull-1.9.3.jar
2016-02-17 12:26:51.648+0000 INFO  [o.n.k.i.DiagnosticsManager]  [classpath + loader.0] file:/home/andrea/Scrivania/springExample/neo4j-community-2.3.1/system/lib/jetty-io-9.2.4.v20141103.jar
2016-02-17 12:26:51.648+0000 INFO  [o.n.k.i.DiagnosticsManager]  [classpath + loader.0] file:/home/andrea/Scrivania/springExample/neo4j-community-2.3.1/system/lib/jersey-multipart-1.19.jar
2016-02-17 12:26:51.648+0000 INFO  [o.n.k.i.DiagnosticsManager]  [classpath + loader.0] file:/home/andrea/Scrivania/springExample/neo4j-community-2.3.1/lib/neo4j-unsafe-2.3.1.jar
2016-02-17 12:26:51.648+0000 INFO  [o.n.k.i.DiagnosticsManager]  [classpath + loader.0] file:/home/andrea/Scrivania/springExample/neo4j-community-2.3.1/system/lib/jackson-core-asl-1.9.13.jar
2016-02-17 12:26:51.648+0000 INFO  [o.n.k.i.DiagnosticsManager]  [classpath + loader.0] file:/home/andrea/Scrivania/springExample/neo4j-community-2.3.1/lib/neo4j-cypher-compiler-2.3-2.3.1.jar
2016-02-17 12:26:51.648+0000 INFO  [o.n.k.i.DiagnosticsManager]  [classpath + loader.0] file:/home/andrea/Scrivania/springExample/neo4j-community-2.3.1/system/lib/commons-digester-2.1.jar
2016-02-17 12:26:51.648+0000 INFO  [o.n.k.i.DiagnosticsManager]  [classpath + loader.0] file:/home/andrea/Scrivania/springExample/neo4j-community-2.3.1/system/lib/commons-configuration-1.10.jar
2016-02-17 12:26:51.648+0000 INFO  [o.n.k.i.DiagnosticsManager]  [classpath + loader.0] file:/home/andrea/Scrivania/springExample/neo4j-community-2.3.1/system/lib/neo4j-server-2.3.1.jar
2016-02-17 12:26:51.648+0000 INFO  [o.n.k.i.DiagnosticsManager]  [bootstrap] /usr/lib/jvm/java-7-openjdk-amd64/jre/lib/resources.jar
2016-02-17 12:26:51.648+0000 INFO  [o.n.k.i.DiagnosticsManager]  [classpath + loader.0] file:/home/andrea/Scrivania/springExample/neo4j-community-2.3.1/lib/neo4j-logging-2.3.1.jar
2016-02-17 12:26:51.648+0000 INFO  [o.n.k.i.DiagnosticsManager]  [classpath + loader.0] file:/home/andrea/Scrivania/springExample/neo4j-community-2.3.1/system/lib/jetty-server-9.2.4.v20141103.jar
2016-02-17 12:26:51.649+0000 INFO  [o.n.k.i.DiagnosticsManager]  [classpath + loader.0] file:/home/andrea/Scrivania/springExample/neo4j-community-2.3.1/system/lib/jetty-servlet-9.2.4.v20141103.jar
2016-02-17 12:26:51.649+0000 INFO  [o.n.k.i.DiagnosticsManager]  [classpath + loader.0] file:/home/andrea/Scrivania/springExample/neo4j-community-2.3.1/system/lib/commons-lang-2.6.jar
2016-02-17 12:26:51.649+0000 INFO  [o.n.k.i.DiagnosticsManager]  [classpath + loader.0] file:/home/andrea/Scrivania/springExample/neo4j-community-2.3.1/lib/neo4j-graph-matching-2.3.1.jar
2016-02-17 12:26:51.649+0000 INFO  [o.n.k.i.DiagnosticsManager]  [classpath + loader.0] file:/home/andrea/Scrivania/springExample/neo4j-community-2.3.1/lib/neo4j-function-2.3.1.jar
2016-02-17 12:26:51.649+0000 INFO  [o.n.k.i.DiagnosticsManager]  [classpath + loader.0] file:/home/andrea/Scrivania/springExample/neo4j-community-2.3.1/lib/jline-2.12.jar
2016-02-17 12:26:51.649+0000 INFO  [o.n.k.i.DiagnosticsManager]  [loader.1] file:/usr/lib/jvm/java-7-openjdk-amd64/jre/lib/ext/icedtea-sound.jar
2016-02-17 12:26:51.649+0000 INFO  [o.n.k.i.DiagnosticsManager]  [classpath + loader.0] file:/home/andrea/Scrivania/springExample/neo4j-community-2.3.1/lib/neo4j-cypher-compiler-2.2_2.11-2.2.6.jar
2016-02-17 12:26:51.649+0000 INFO  [o.n.k.i.DiagnosticsManager]  [classpath + loader.0] file:/home/andrea/Scrivania/springExample/neo4j-community-2.3.1/system/lib/logback-access-1.1.2.jar
2016-02-17 12:26:51.649+0000 INFO  [o.n.k.i.DiagnosticsManager]  [classpath + loader.0] file:/home/andrea/Scrivania/springExample/neo4j-community-2.3.1/system/lib/commons-beanutils-1.8.3.jar
2016-02-17 12:26:51.649+0000 INFO  [o.n.k.i.DiagnosticsManager]  [classpath + loader.0] file:/home/andrea/Scrivania/springExample/neo4j-community-2.3.1/lib/scala-parser-combinators_2.11-1.0.4.jar
2016-02-17 12:26:51.649+0000 INFO  [o.n.k.i.DiagnosticsManager]  [loader.1] file:/usr/lib/jvm/java-7-openjdk-amd64/jre/lib/ext/sunjce_provider.jar
2016-02-17 12:26:51.649+0000 INFO  [o.n.k.i.DiagnosticsManager]  [classpath + loader.0] file:/home/andrea/Scrivania/springExample/neo4j-community-2.3.1/lib/scala-library-2.11.7.jar
2016-02-17 12:26:51.650+0000 INFO  [o.n.k.i.DiagnosticsManager]  [classpath + loader.0] file:/home/andrea/Scrivania/springExample/neo4j-community-2.3.1/lib/neo4j-cypher-2.3.1.jar
2016-02-17 12:26:51.650+0000 INFO  [o.n.k.i.DiagnosticsManager]  [classpath + loader.0] file:/home/andrea/Scrivania/springExample/neo4j-community-2.3.1/lib/opencsv-2.3.jar
2016-02-17 12:26:51.650+0000 INFO  [o.n.k.i.DiagnosticsManager]  [classpath + loader.0] file:/home/andrea/Scrivania/springExample/neo4j-community-2.3.1/lib/neo4j-lucene-index-2.3.1.jar
2016-02-17 12:26:51.650+0000 INFO  [o.n.k.i.DiagnosticsManager]  [bootstrap] /usr/lib/jvm/java-7-openjdk-amd64/jre/lib/jce.jar
2016-02-17 12:26:51.650+0000 INFO  [o.n.k.i.DiagnosticsManager]  [loader.1] file:/usr/lib/jvm/java-7-openjdk-amd64/jre/lib/ext/dnsns.jar
2016-02-17 12:26:51.650+0000 INFO  [o.n.k.i.DiagnosticsManager]  [classpath + loader.0] file:/home/andrea/Scrivania/springExample/neo4j-community-2.3.1/system/lib/jersey-servlet-1.19.jar
2016-02-17 12:26:51.650+0000 INFO  [o.n.k.i.DiagnosticsManager]  [classpath + loader.0] file:/home/andrea/Scrivania/springExample/neo4j-community-2.3.1/lib/neo4j-consistency-check-legacy-2.3.1.jar
2016-02-17 12:26:51.650+0000 INFO  [o.n.k.i.DiagnosticsManager]  [classpath + loader.0] file:/home/andrea/Scrivania/springExample/neo4j-community-2.3.1/conf/
2016-02-17 12:26:51.650+0000 INFO  [o.n.k.i.DiagnosticsManager]  [classpath + loader.0] file:/home/andrea/Scrivania/springExample/neo4j-community-2.3.1/lib/server-api-2.3.1.jar
2016-02-17 12:26:51.650+0000 INFO  [o.n.k.i.DiagnosticsManager]  [classpath + loader.0] file:/home/andrea/Scrivania/springExample/neo4j-community-2.3.1/lib/neo4j-cypher-frontend-2.3-2.3.1.jar
2016-02-17 12:26:51.650+0000 INFO  [o.n.k.i.DiagnosticsManager]  [classpath + loader.0] file:/home/andrea/Scrivania/springExample/neo4j-community-2.3.1/system/lib/commons-logging-1.1.1.jar
2016-02-17 12:26:51.650+0000 INFO  [o.n.k.i.DiagnosticsManager]  [bootstrap] /usr/lib/jvm/java-7-openjdk-amd64/jre/lib/jsse.jar
2016-02-17 12:26:51.651+0000 INFO  [o.n.k.i.DiagnosticsManager]  [classpath + loader.0] file:/home/andrea/Scrivania/springExample/neo4j-community-2.3.1/lib/neo4j-import-tool-2.3.1.jar
2016-02-17 12:26:51.651+0000 INFO  [o.n.k.i.DiagnosticsManager]  [classpath + loader.0] file:/home/andrea/Scrivania/springExample/neo4j-community-2.3.1/system/lib/rrd4j-2.2.jar
2016-02-17 12:26:51.651+0000 INFO  [o.n.k.i.DiagnosticsManager]  [classpath + loader.0] file:/home/andrea/Scrivania/springExample/neo4j-community-2.3.1/system/lib/jsr311-api-1.1.2.r612.jar
2016-02-17 12:26:51.651+0000 INFO  [o.n.k.i.DiagnosticsManager]  [classpath + loader.0] file:/home/andrea/Scrivania/springExample/neo4j-community-2.3.1/system/lib/jackson-jaxrs-1.9.13.jar
2016-02-17 12:26:51.651+0000 INFO  [o.n.k.i.DiagnosticsManager]  [classpath + loader.0] file:/home/andrea/Scrivania/springExample/neo4j-community-2.3.1/lib/lucene-core-3.6.2.jar
2016-02-17 12:26:51.651+0000 INFO  [o.n.k.i.DiagnosticsManager]  [classpath + loader.0] file:/home/andrea/Scrivania/springExample/neo4j-community-2.3.1/system/lib/jetty-security-9.2.4.v20141103.jar
2016-02-17 12:26:51.651+0000 INFO  [o.n.k.i.DiagnosticsManager]  [classpath + loader.0] file:/home/andrea/Scrivania/springExample/neo4j-community-2.3.1/system/lib/neo4j-server-2.3.1-static-web.jar
2016-02-17 12:26:51.651+0000 INFO  [o.n.k.i.DiagnosticsManager]  [classpath + loader.0] file:/home/andrea/Scrivania/springExample/neo4j-community-2.3.1/lib/neo4j-cypher-compiler-1.9_2.11-2.0.5.jar
2016-02-17 12:26:51.651+0000 INFO  [o.n.k.i.DiagnosticsManager]  [classpath + loader.0] file:/home/andrea/Scrivania/springExample/neo4j-community-2.3.1/lib/concurrentlinkedhashmap-lru-1.4.2.jar
2016-02-17 12:26:51.651+0000 INFO  [o.n.k.i.DiagnosticsManager]  [classpath + loader.0] file:/home/andrea/Scrivania/springExample/neo4j-community-2.3.1/system/lib/jetty-xml-9.2.4.v20141103.jar
2016-02-17 12:26:51.651+0000 INFO  [o.n.k.i.DiagnosticsManager]  [bootstrap] /usr/lib/jvm/java-7-openjdk-amd64/jre/classes
2016-02-17 12:26:51.652+0000 INFO  [o.n.k.i.DiagnosticsManager]  [classpath + loader.0] file:/home/andrea/Scrivania/springExample/neo4j-community-2.3.1/system/lib/commons-io-2.4.jar
2016-02-17 12:26:51.652+0000 INFO  [o.n.k.i.DiagnosticsManager]  [bootstrap] /usr/lib/jvm/java-7-openjdk-amd64/jre/lib/jfr.jar
2016-02-17 12:26:51.652+0000 INFO  [o.n.k.i.DiagnosticsManager]  [classpath + loader.0] file:/home/andrea/Scrivania/springExample/neo4j-community-2.3.1/system/lib/jersey-server-1.19.jar
2016-02-17 12:26:51.652+0000 INFO  [o.n.k.i.DiagnosticsManager]  [classpath + loader.0] file:/home/andrea/Scrivania/springExample/neo4j-community-2.3.1/lib/neo4j-io-2.3.1.jar
2016-02-17 12:26:51.652+0000 INFO  [o.n.k.i.DiagnosticsManager]  [classpath + loader.0] file:/home/andrea/Scrivania/springExample/neo4j-community-2.3.1/lib/neo4j-csv-2.3.1.jar
2016-02-17 12:26:51.652+0000 INFO  [o.n.k.i.DiagnosticsManager]  [classpath + loader.0] file:/home/andrea/Scrivania/springExample/neo4j-community-2.3.1/system/lib/netty-all-4.0.28.Final.jar
2016-02-17 12:26:51.652+0000 INFO  [o.n.k.i.DiagnosticsManager]  [classpath + loader.0] file:/home/andrea/Scrivania/springExample/neo4j-community-2.3.1/lib/neo4j-graph-algo-2.3.1.jar
2016-02-17 12:26:51.652+0000 INFO  [o.n.k.i.DiagnosticsManager]  [bootstrap] /usr/lib/jvm/java-7-openjdk-amd64/jre/lib/rt.jar
2016-02-17 12:26:51.652+0000 INFO  [o.n.k.i.DiagnosticsManager]  [classpath + loader.0] file:/home/andrea/Scrivania/springExample/neo4j-community-2.3.1/lib/parboiled-core-1.1.7.jar
2016-02-17 12:26:51.652+0000 INFO  [o.n.k.i.DiagnosticsManager]  [classpath + loader.0] file:/home/andrea/Scrivania/springExample/neo4j-community-2.3.1/lib/neo4j-kernel-2.3.1.jar
2016-02-17 12:26:51.653+0000 INFO  [o.n.k.i.DiagnosticsManager]  [classpath + loader.0] file:/home/andrea/Scrivania/springExample/neo4j-community-2.3.1/system/lib/jackson-mapper-asl-1.9.13.jar
2016-02-17 12:26:51.653+0000 INFO  [o.n.k.i.DiagnosticsManager]  [classpath + loader.0] file:/home/andrea/Scrivania/springExample/neo4j-community-2.3.1/system/lib/bcprov-jdk15on-1.52.jar
2016-02-17 12:26:51.653+0000 INFO  [o.n.k.i.DiagnosticsManager]  [classpath + loader.0] file:/home/andrea/Scrivania/springExample/neo4j-community-2.3.1/system/lib/jetty-util-9.2.4.v20141103.jar
2016-02-17 12:26:51.653+0000 INFO  [o.n.k.i.DiagnosticsManager]  [classpath + loader.0] file:/home/andrea/Scrivania/springExample/neo4j-community-2.3.1/system/lib/jersey-core-1.19.jar
2016-02-17 12:26:51.653+0000 INFO  [o.n.k.i.DiagnosticsManager]  [classpath + loader.0] file:/home/andrea/Scrivania/springExample/neo4j-community-2.3.1/system/lib/neo4j-browser-2.3.1.jar
2016-02-17 12:26:51.653+0000 INFO  [o.n.k.i.DiagnosticsManager]  [classpath + loader.0] file:/home/andrea/Scrivania/springExample/neo4j-community-2.3.1/lib/neo4j-udc-2.3.1.jar
2016-02-17 12:26:51.653+0000 INFO  [o.n.k.i.DiagnosticsManager]  [classpath + loader.0] file:/home/andrea/Scrivania/springExample/neo4j-community-2.3.1/system/lib/slf4j-api-1.7.6.jar
2016-02-17 12:26:51.653+0000 INFO  [o.n.k.i.DiagnosticsManager]  [classpath + loader.0] file:/home/andrea/Scrivania/springExample/neo4j-community-2.3.1/system/lib/bcpkix-jdk15on-1.52.jar
2016-02-17 12:26:51.653+0000 INFO  [o.n.k.i.DiagnosticsManager]  [classpath + loader.0] file:/home/andrea/Scrivania/springExample/neo4j-community-2.3.1/system/lib/jetty-http-9.2.4.v20141103.jar
2016-02-17 12:26:51.653+0000 INFO  [o.n.k.i.DiagnosticsManager]  [classpath + loader.0] file:/home/andrea/Scrivania/springExample/neo4j-community-2.3.1/lib/neo4j-jmx-2.3.1.jar
2016-02-17 12:26:51.653+0000 INFO  [o.n.k.i.DiagnosticsManager]  [classpath + loader.0] file:/home/andrea/Scrivania/springExample/neo4j-community-2.3.1/lib/scala-reflect-2.11.7.jar
2016-02-17 12:26:51.654+0000 INFO  [o.n.k.i.DiagnosticsManager]  [loader.1] file:/usr/lib/jvm/java-7-openjdk-amd64/jre/lib/ext/localedata.jar
2016-02-17 12:26:51.654+0000 INFO  [o.n.k.i.DiagnosticsManager]  [classpath + loader.0] file:/home/andrea/Scrivania/springExample/neo4j-community-2.3.1/system/lib/rhino-1.7R4.jar
2016-02-17 12:26:51.654+0000 INFO  [o.n.k.i.DiagnosticsManager]  [classpath + loader.0] file:/home/andrea/Scrivania/springExample/neo4j-community-2.3.1/system/lib/jetty-webapp-9.2.4.v20141103.jar
2016-02-17 12:26:51.654+0000 INFO  [o.n.k.i.DiagnosticsManager]  [classpath + loader.0] file:/home/andrea/Scrivania/springExample/neo4j-community-2.3.1/lib/neo4j-consistency-check-2.3.1.jar
2016-02-17 12:26:51.654+0000 INFO  [o.n.k.i.DiagnosticsManager] Library path:
2016-02-17 12:26:51.654+0000 INFO  [o.n.k.i.DiagnosticsManager] /usr/java/packages/lib/amd64
2016-02-17 12:26:51.654+0000 INFO  [o.n.k.i.DiagnosticsManager] /usr/lib/x86_64-linux-gnu/jni
2016-02-17 12:26:51.654+0000 INFO  [o.n.k.i.DiagnosticsManager] /lib/x86_64-linux-gnu
2016-02-17 12:26:51.655+0000 INFO  [o.n.k.i.DiagnosticsManager] /usr/lib/x86_64-linux-gnu
2016-02-17 12:26:51.655+0000 INFO  [o.n.k.i.DiagnosticsManager] /usr/lib/jni
2016-02-17 12:26:51.655+0000 INFO  [o.n.k.i.DiagnosticsManager] /lib
2016-02-17 12:26:51.655+0000 INFO  [o.n.k.i.DiagnosticsManager] /usr/lib
2016-02-17 12:26:51.655+0000 INFO  [o.n.k.i.DiagnosticsManager] System.properties:
2016-02-17 12:26:51.655+0000 INFO  [o.n.k.i.DiagnosticsManager] sun.boot.library.path = /usr/lib/jvm/java-7-openjdk-amd64/jre/lib/amd64
2016-02-17 12:26:51.655+0000 INFO  [o.n.k.i.DiagnosticsManager] org.neo4j.server.properties = conf/neo4j-server.properties
2016-02-17 12:26:51.656+0000 INFO  [o.n.k.i.DiagnosticsManager] path.separator = :
2016-02-17 12:26:51.656+0000 INFO  [o.n.k.i.DiagnosticsManager] file.encoding.pkg = sun.io
2016-02-17 12:26:51.656+0000 INFO  [o.n.k.i.DiagnosticsManager] user.country = US
2016-02-17 12:26:51.656+0000 INFO  [o.n.k.i.DiagnosticsManager] sun.java.launcher = SUN_STANDARD
2016-02-17 12:26:51.656+0000 INFO  [o.n.k.i.DiagnosticsManager] sun.os.patch.level = unknown
2016-02-17 12:26:51.656+0000 INFO  [o.n.k.i.DiagnosticsManager] user.dir = /home/andrea/Scrivania/springExample/neo4j-community-2.3.1
2016-02-17 12:26:51.656+0000 INFO  [o.n.k.i.DiagnosticsManager] neo4j.ext.udc.source = tarball
2016-02-17 12:26:51.656+0000 INFO  [o.n.k.i.DiagnosticsManager] log4j.configuration = file:conf/log4j.properties
2016-02-17 12:26:51.656+0000 INFO  [o.n.k.i.DiagnosticsManager] sun.jnu.encoding = UTF-8
2016-02-17 12:26:51.656+0000 INFO  [o.n.k.i.DiagnosticsManager] sun.management.compiler = HotSpot 64-Bit Tiered Compilers
2016-02-17 12:26:51.657+0000 INFO  [o.n.k.i.DiagnosticsManager] user.home = /home/andrea
2016-02-17 12:26:51.657+0000 INFO  [o.n.k.i.DiagnosticsManager] user.timezone = Europe/Rome
2016-02-17 12:26:51.657+0000 INFO  [o.n.k.i.DiagnosticsManager] file.encoding = UTF-8
2016-02-17 12:26:51.657+0000 INFO  [o.n.k.i.DiagnosticsManager] user.name = andrea
2016-02-17 12:26:51.657+0000 INFO  [o.n.k.i.DiagnosticsManager] sun.java.command = org.neo4j.server.CommunityBootstrapper
2016-02-17 12:26:51.657+0000 INFO  [o.n.k.i.DiagnosticsManager] sun.arch.data.model = 64
2016-02-17 12:26:51.657+0000 INFO  [o.n.k.i.DiagnosticsManager] user.language = en
2016-02-17 12:26:51.657+0000 INFO  [o.n.k.i.DiagnosticsManager] awt.toolkit = sun.awt.X11.XToolkit
2016-02-17 12:26:51.657+0000 INFO  [o.n.k.i.DiagnosticsManager] file.separator = /
2016-02-17 12:26:51.657+0000 INFO  [o.n.k.i.DiagnosticsManager] sun.io.unicode.encoding = UnicodeLittle
2016-02-17 12:26:51.657+0000 INFO  [o.n.k.i.DiagnosticsManager] sun.cpu.endian = little
2016-02-17 12:26:51.657+0000 INFO  [o.n.k.i.DiagnosticsManager] neo4j.instance = /home/andrea/Scrivania/springExample/neo4j-community-2.3.1
2016-02-17 12:26:51.657+0000 INFO  [o.n.k.i.DiagnosticsManager] sun.desktop = gnome
2016-02-17 12:26:51.658+0000 INFO  [o.n.k.i.DiagnosticsManager] neo4j.home = /home/andrea/Scrivania/springExample/neo4j-community-2.3.1
2016-02-17 12:26:51.658+0000 INFO  [o.n.k.i.DiagnosticsManager] sun.cpu.isalist = 
2016-02-17 12:26:51.658+0000 INFO  [o.n.k.i.DiagnosticsManager] Linux scheduler information:
2016-02-17 12:26:51.659+0000 INFO  [o.n.k.i.DiagnosticsManager] noop [deadline] cfq 
2016-02-17 12:26:51.659+0000 INFO  [o.n.k.i.DiagnosticsManager] noop [deadline] cfq 
2016-02-17 12:26:51.659+0000 INFO  [o.n.k.i.DiagnosticsManager] none
2016-02-17 12:26:51.659+0000 INFO  [o.n.k.i.DiagnosticsManager] none
2016-02-17 12:26:51.659+0000 INFO  [o.n.k.i.DiagnosticsManager] none
2016-02-17 12:26:51.659+0000 INFO  [o.n.k.i.DiagnosticsManager] none
2016-02-17 12:26:51.660+0000 INFO  [o.n.k.i.DiagnosticsManager] none
2016-02-17 12:26:51.660+0000 INFO  [o.n.k.i.DiagnosticsManager] none
2016-02-17 12:26:51.660+0000 INFO  [o.n.k.i.DiagnosticsManager] none
2016-02-17 12:26:51.660+0000 INFO  [o.n.k.i.DiagnosticsManager] none
2016-02-17 12:26:51.660+0000 INFO  [o.n.k.i.DiagnosticsManager] none
2016-02-17 12:26:51.660+0000 INFO  [o.n.k.i.DiagnosticsManager] none
2016-02-17 12:26:51.661+0000 INFO  [o.n.k.i.DiagnosticsManager] none
2016-02-17 12:26:51.661+0000 INFO  [o.n.k.i.DiagnosticsManager] none
2016-02-17 12:26:51.661+0000 INFO  [o.n.k.i.DiagnosticsManager] none
2016-02-17 12:26:51.661+0000 INFO  [o.n.k.i.DiagnosticsManager] none
2016-02-17 12:26:51.661+0000 INFO  [o.n.k.i.DiagnosticsManager] none
2016-02-17 12:26:51.661+0000 INFO  [o.n.k.i.DiagnosticsManager] none
2016-02-17 12:26:51.662+0000 INFO  [o.n.k.i.DiagnosticsManager] none
2016-02-17 12:26:51.662+0000 INFO  [o.n.k.i.DiagnosticsManager] none
2016-02-17 12:26:51.662+0000 INFO  [o.n.k.i.DiagnosticsManager] none
2016-02-17 12:26:51.662+0000 INFO  [o.n.k.i.DiagnosticsManager] none
2016-02-17 12:26:51.662+0000 INFO  [o.n.k.i.DiagnosticsManager] none
2016-02-17 12:26:51.662+0000 INFO  [o.n.k.i.DiagnosticsManager] none
2016-02-17 12:26:51.662+0000 INFO  [o.n.k.i.DiagnosticsManager] none
2016-02-17 12:26:51.663+0000 INFO  [o.n.k.i.DiagnosticsManager] none
2016-02-17 12:26:51.663+0000 INFO  [o.n.k.i.DiagnosticsManager] Network information:
2016-02-17 12:26:51.664+0000 INFO  [o.n.k.i.DiagnosticsManager] Interface docker0:
2016-02-17 12:26:51.664+0000 INFO  [o.n.k.i.DiagnosticsManager]     address: 172.17.0.1
2016-02-17 12:26:51.664+0000 INFO  [o.n.k.i.DiagnosticsManager] Interface wlan0:
2016-02-17 12:26:51.664+0000 INFO  [o.n.k.i.DiagnosticsManager]     address: fe80:0:0:0:2e33:7aff:fe4e:ebc5%3
2016-02-17 12:26:51.665+0000 INFO  [o.n.k.i.DiagnosticsManager]     address: 10.0.7.99
2016-02-17 12:26:51.665+0000 INFO  [o.n.k.i.DiagnosticsManager] Interface lo:
2016-02-17 12:26:51.665+0000 INFO  [o.n.k.i.DiagnosticsManager]     address: 0:0:0:0:0:0:0:1%1
2016-02-17 12:26:51.665+0000 INFO  [o.n.k.i.DiagnosticsManager]     address: 127.0.0.1
2016-02-17 12:26:51.665+0000 INFO  [o.n.k.i.DiagnosticsManager] --- INITIALIZED diagnostics END ---
2016-02-17 12:26:51.998+0000 INFO  [o.n.k.i.a.i.IndexingService] IndexingService.init: index 1 on :label[0](property[0]) is ONLINE
2016-02-17 12:26:52.051+0000 INFO  [o.n.k.a.i.i.LuceneLabelScanStore] No lucene scan store index found, this might just be first use. Preparing to rebuild.
2016-02-17 12:26:52.094+0000 INFO  [o.n.k.NeoStoreDataSource] Recovery required from position LogPosition{logVersion=0, byteOffset=16}
2016-02-17 12:26:52.347+0000 INFO  [o.n.k.i.s.c.CountsTracker] About to rotate counts store at transaction 32 to [/home/andrea/Scrivania/springExample/ZanellaProjectLast/dbBad/neostore.counts.db.b], from [/home/andrea/Scrivania/springExample/ZanellaProjectLast/dbBad/neostore.counts.db.a].
2016-02-17 12:26:52.350+0000 INFO  [o.n.k.i.s.c.CountsTracker] Successfully rotated counts store at transaction 32 to [/home/andrea/Scrivania/springExample/ZanellaProjectLast/dbBad/neostore.counts.db.b], from [/home/andrea/Scrivania/springExample/ZanellaProjectLast/dbBad/neostore.counts.db.a].
2016-02-17 12:26:52.544+0000 INFO  [o.n.k.i.s.DynamicArrayStore] Rebuilding id generator for[/home/andrea/Scrivania/springExample/ZanellaProjectLast/dbBad/neostore.nodestore.db.labels] ...
2016-02-17 12:26:52.609+0000 INFO  [o.n.k.i.s.DynamicArrayStore] [/home/andrea/Scrivania/springExample/ZanellaProjectLast/dbBad/neostore.nodestore.db.labels] high id=1 (defragged=0)
2016-02-17 12:26:52.610+0000 INFO  [o.n.k.i.s.DynamicArrayStore] /home/andrea/Scrivania/springExample/ZanellaProjectLast/dbBad/neostore.nodestore.db.labels rebuild id generator, highId=1 defragged count=0
2016-02-17 12:26:52.610+0000 INFO  [o.n.k.i.s.NodeStore] Rebuilding id generator for[/home/andrea/Scrivania/springExample/ZanellaProjectLast/dbBad/neostore.nodestore.db] ...
2016-02-17 12:26:52.665+0000 INFO  [o.n.k.i.s.NodeStore] [/home/andrea/Scrivania/springExample/ZanellaProjectLast/dbBad/neostore.nodestore.db] high id=7 (defragged=0)
2016-02-17 12:26:52.665+0000 INFO  [o.n.k.i.s.NodeStore] /home/andrea/Scrivania/springExample/ZanellaProjectLast/dbBad/neostore.nodestore.db rebuild id generator, highId=7 defragged count=0
2016-02-17 12:26:52.665+0000 INFO  [o.n.k.i.s.DynamicStringStore] Rebuilding id generator for[/home/andrea/Scrivania/springExample/ZanellaProjectLast/dbBad/neostore.propertystore.db.index.keys] ...
2016-02-17 12:26:52.720+0000 INFO  [o.n.k.i.s.DynamicStringStore] [/home/andrea/Scrivania/springExample/ZanellaProjectLast/dbBad/neostore.propertystore.db.index.keys] high id=8 (defragged=0)
2016-02-17 12:26:52.720+0000 INFO  [o.n.k.i.s.DynamicStringStore] /home/andrea/Scrivania/springExample/ZanellaProjectLast/dbBad/neostore.propertystore.db.index.keys rebuild id generator, highId=8 defragged count=0
2016-02-17 12:26:52.720+0000 INFO  [o.n.k.i.s.PropertyKeyTokenStore] Rebuilding id generator for[/home/andrea/Scrivania/springExample/ZanellaProjectLast/dbBad/neostore.propertystore.db.index] ...
2016-02-17 12:26:52.776+0000 INFO  [o.n.k.i.s.PropertyKeyTokenStore] [/home/andrea/Scrivania/springExample/ZanellaProjectLast/dbBad/neostore.propertystore.db.index] high id=7 (defragged=0)
2016-02-17 12:26:52.776+0000 INFO  [o.n.k.i.s.PropertyKeyTokenStore] /home/andrea/Scrivania/springExample/ZanellaProjectLast/dbBad/neostore.propertystore.db.index rebuild id generator, highId=7 defragged count=0
2016-02-17 12:26:52.809+0000 INFO  [o.n.k.i.s.DynamicStringStore] Rebuilding id generator for[/home/andrea/Scrivania/springExample/ZanellaProjectLast/dbBad/neostore.propertystore.db.strings] ...
2016-02-17 12:26:52.865+0000 INFO  [o.n.k.i.s.DynamicStringStore] [/home/andrea/Scrivania/springExample/ZanellaProjectLast/dbBad/neostore.propertystore.db.strings] high id=1 (defragged=0)
2016-02-17 12:26:52.865+0000 INFO  [o.n.k.i.s.DynamicStringStore] /home/andrea/Scrivania/springExample/ZanellaProjectLast/dbBad/neostore.propertystore.db.strings rebuild id generator, highId=1 defragged count=0
2016-02-17 12:26:52.865+0000 INFO  [o.n.k.i.s.DynamicArrayStore] Rebuilding id generator for[/home/andrea/Scrivania/springExample/ZanellaProjectLast/dbBad/neostore.propertystore.db.arrays] ...
2016-02-17 12:26:52.920+0000 INFO  [o.n.k.i.s.DynamicArrayStore] [/home/andrea/Scrivania/springExample/ZanellaProjectLast/dbBad/neostore.propertystore.db.arrays] high id=1 (defragged=0)
2016-02-17 12:26:52.920+0000 INFO  [o.n.k.i.s.DynamicArrayStore] /home/andrea/Scrivania/springExample/ZanellaProjectLast/dbBad/neostore.propertystore.db.arrays rebuild id generator, highId=1 defragged count=0
2016-02-17 12:26:52.920+0000 INFO  [o.n.k.i.s.PropertyStore] Rebuilding id generator for[/home/andrea/Scrivania/springExample/ZanellaProjectLast/dbBad/neostore.propertystore.db] ...
2016-02-17 12:26:52.976+0000 INFO  [o.n.k.i.s.PropertyStore] [/home/andrea/Scrivania/springExample/ZanellaProjectLast/dbBad/neostore.propertystore.db] high id=162 (defragged=0)
2016-02-17 12:26:52.976+0000 INFO  [o.n.k.i.s.PropertyStore] /home/andrea/Scrivania/springExample/ZanellaProjectLast/dbBad/neostore.propertystore.db rebuild id generator, highId=162 defragged count=0
2016-02-17 12:26:52.976+0000 INFO  [o.n.k.i.s.RelationshipStore] Rebuilding id generator for[/home/andrea/Scrivania/springExample/ZanellaProjectLast/dbBad/neostore.relationshipstore.db] ...
2016-02-17 12:26:53.031+0000 INFO  [o.n.k.i.s.RelationshipStore] [/home/andrea/Scrivania/springExample/ZanellaProjectLast/dbBad/neostore.relationshipstore.db] high id=66 (defragged=0)
2016-02-17 12:26:53.031+0000 INFO  [o.n.k.i.s.RelationshipStore] /home/andrea/Scrivania/springExample/ZanellaProjectLast/dbBad/neostore.relationshipstore.db rebuild id generator, highId=66 defragged count=0
2016-02-17 12:26:53.032+0000 INFO  [o.n.k.i.s.DynamicStringStore] Rebuilding id generator for[/home/andrea/Scrivania/springExample/ZanellaProjectLast/dbBad/neostore.relationshiptypestore.db.names] ...
2016-02-17 12:26:53.087+0000 INFO  [o.n.k.i.s.DynamicStringStore] [/home/andrea/Scrivania/springExample/ZanellaProjectLast/dbBad/neostore.relationshiptypestore.db.names] high id=2 (defragged=0)
2016-02-17 12:26:53.087+0000 INFO  [o.n.k.i.s.DynamicStringStore] /home/andrea/Scrivania/springExample/ZanellaProjectLast/dbBad/neostore.relationshiptypestore.db.names rebuild id generator, highId=2 defragged count=0
2016-02-17 12:26:53.087+0000 INFO  [o.n.k.i.s.RelationshipTypeTokenStore] Rebuilding id generator for[/home/andrea/Scrivania/springExample/ZanellaProjectLast/dbBad/neostore.relationshiptypestore.db] ...
2016-02-17 12:26:53.143+0000 INFO  [o.n.k.i.s.RelationshipTypeTokenStore] [/home/andrea/Scrivania/springExample/ZanellaProjectLast/dbBad/neostore.relationshiptypestore.db] high id=1 (defragged=0)
2016-02-17 12:26:53.143+0000 INFO  [o.n.k.i.s.RelationshipTypeTokenStore] /home/andrea/Scrivania/springExample/ZanellaProjectLast/dbBad/neostore.relationshiptypestore.db rebuild id generator, highId=1 defragged count=0
2016-02-17 12:26:53.176+0000 INFO  [o.n.k.i.s.DynamicStringStore] Rebuilding id generator for[/home/andrea/Scrivania/springExample/ZanellaProjectLast/dbBad/neostore.labeltokenstore.db.names] ...
2016-02-17 12:26:53.232+0000 INFO  [o.n.k.i.s.DynamicStringStore] [/home/andrea/Scrivania/springExample/ZanellaProjectLast/dbBad/neostore.labeltokenstore.db.names] high id=2 (defragged=0)
2016-02-17 12:26:53.232+0000 INFO  [o.n.k.i.s.DynamicStringStore] /home/andrea/Scrivania/springExample/ZanellaProjectLast/dbBad/neostore.labeltokenstore.db.names rebuild id generator, highId=2 defragged count=0
2016-02-17 12:26:53.232+0000 INFO  [o.n.k.i.s.LabelTokenStore] Rebuilding id generator for[/home/andrea/Scrivania/springExample/ZanellaProjectLast/dbBad/neostore.labeltokenstore.db] ...
2016-02-17 12:26:53.287+0000 INFO  [o.n.k.i.s.LabelTokenStore] [/home/andrea/Scrivania/springExample/ZanellaProjectLast/dbBad/neostore.labeltokenstore.db] high id=1 (defragged=0)
2016-02-17 12:26:53.287+0000 INFO  [o.n.k.i.s.LabelTokenStore] /home/andrea/Scrivania/springExample/ZanellaProjectLast/dbBad/neostore.labeltokenstore.db rebuild id generator, highId=1 defragged count=0
2016-02-17 12:26:53.320+0000 INFO  [o.n.k.i.s.SchemaStore] Rebuilding id generator for[/home/andrea/Scrivania/springExample/ZanellaProjectLast/dbBad/neostore.schemastore.db] ...
2016-02-17 12:26:53.376+0000 INFO  [o.n.k.i.s.SchemaStore] [/home/andrea/Scrivania/springExample/ZanellaProjectLast/dbBad/neostore.schemastore.db] high id=2 (defragged=0)
2016-02-17 12:26:53.376+0000 INFO  [o.n.k.i.s.SchemaStore] /home/andrea/Scrivania/springExample/ZanellaProjectLast/dbBad/neostore.schemastore.db rebuild id generator, highId=2 defragged count=0
2016-02-17 12:26:53.376+0000 INFO  [o.n.k.i.s.RelationshipGroupStore] Rebuilding id generator for[/home/andrea/Scrivania/springExample/ZanellaProjectLast/dbBad/neostore.relationshipgroupstore.db] ...
2016-02-17 12:26:53.432+0000 INFO  [o.n.k.i.s.RelationshipGroupStore] [/home/andrea/Scrivania/springExample/ZanellaProjectLast/dbBad/neostore.relationshipgroupstore.db] high id=1 (defragged=0)
2016-02-17 12:26:53.432+0000 INFO  [o.n.k.i.s.RelationshipGroupStore] /home/andrea/Scrivania/springExample/ZanellaProjectLast/dbBad/neostore.relationshipgroupstore.db rebuild id generator, highId=1 defragged count=0
2016-02-17 12:26:53.432+0000 INFO  [o.n.k.i.s.MetaDataStore] Rebuilding id generator for[/home/andrea/Scrivania/springExample/ZanellaProjectLast/dbBad/neostore] ...
2016-02-17 12:26:53.487+0000 INFO  [o.n.k.i.s.MetaDataStore] [/home/andrea/Scrivania/springExample/ZanellaProjectLast/dbBad/neostore] high id=13 (defragged=0)
2016-02-17 12:26:53.487+0000 INFO  [o.n.k.i.s.MetaDataStore] /home/andrea/Scrivania/springExample/ZanellaProjectLast/dbBad/neostore rebuild id generator, highId=13 defragged count=0
2016-02-17 12:26:53.496+0000 INFO  [o.n.k.i.a.i.IndexingService] IndexingService.start: index 1 on :Nome(name) is ONLINE
2016-02-17 12:26:53.497+0000 WARN  [o.n.k.i.a.i.s.IndexSamplingController] Recovering index sampling for index :Nome(name)
2016-02-17 12:26:53.501+0000 INFO  [o.n.k.i.a.i.s.OnlineIndexSamplingJob] Sampled index :Nome(name) with 0 unique values in sample of avg size 0 taken from index containing 0 entries
2016-02-17 12:26:53.503+0000 INFO  [o.n.k.a.i.i.LuceneLabelScanStore] Rebuilding lucene scan store, this may take a while
2016-02-17 12:26:53.513+0000 INFO  [o.n.k.a.i.i.LuceneLabelScanStore] Lucene scan store rebuilt (roughly 6 nodes)
2016-02-17 12:26:53.733+0000 INFO  [o.n.k.i.s.c.CountsTracker] About to rotate counts store at transaction 32 to [/home/andrea/Scrivania/springExample/ZanellaProjectLast/dbBad/neostore.counts.db.a], from [/home/andrea/Scrivania/springExample/ZanellaProjectLast/dbBad/neostore.counts.db.b].
2016-02-17 12:26:53.734+0000 INFO  [o.n.k.i.s.c.CountsTracker] Successfully rotated counts store at transaction 32 to [/home/andrea/Scrivania/springExample/ZanellaProjectLast/dbBad/neostore.counts.db.a], from [/home/andrea/Scrivania/springExample/ZanellaProjectLast/dbBad/neostore.counts.db.b].
2016-02-17 12:26:53.807+0000 INFO  [o.n.k.NeoStoreDataSource] Recovery completed. 31 transactions, first:2, last:32 recovered
2016-02-17 12:26:53.808+0000 INFO  [o.n.k.KernelHealth] Kernel health set to OK
2016-02-17 12:26:54.050+0000 INFO  [o.n.k.AvailabilityGuard] Fulfilling of requirement makes database available: Database available
2016-02-17 12:26:54.050+0000 INFO  [o.n.k.i.f.CommunityFacadeFactory] Database is now ready
2016-02-17 12:26:54.052+0000 INFO  [o.n.k.i.DiagnosticsManager] --- STARTED diagnostics for KernelDiagnostics:Versions START ---
2016-02-17 12:26:54.052+0000 INFO  [o.n.k.i.DiagnosticsManager] Graph Database: Community StoreId{creationTime=1455711972421, randomId=8778569065232224943, storeVersion=15250506225055238, upgradeTime=1455711972421, upgradeId=1}
2016-02-17 12:26:54.052+0000 INFO  [o.n.k.i.DiagnosticsManager] Kernel version: 2.3.1,dd67f90
2016-02-17 12:26:54.052+0000 INFO  [o.n.k.i.DiagnosticsManager] --- STARTED diagnostics for KernelDiagnostics:Versions END ---
2016-02-17 12:26:54.054+0000 INFO  [o.n.k.i.DiagnosticsManager] --- STARTED diagnostics for NEO_STORE_VERSIONS START ---
2016-02-17 12:26:54.054+0000 INFO  [o.n.k.i.DiagnosticsManager] Store versions:
2016-02-17 12:26:54.054+0000 INFO  [o.n.k.i.DiagnosticsManager] Store versions:
2016-02-17 12:26:54.054+0000 INFO  [o.n.k.i.DiagnosticsManager] ArrayPropertyStore v0.A.6
2016-02-17 12:26:54.054+0000 INFO  [o.n.k.i.DiagnosticsManager] NodeStore v0.A.6
2016-02-17 12:26:54.054+0000 INFO  [o.n.k.i.DiagnosticsManager] StringPropertyStore v0.A.6
2016-02-17 12:26:54.054+0000 INFO  [o.n.k.i.DiagnosticsManager] PropertyIndexStore v0.A.6
2016-02-17 12:26:54.054+0000 INFO  [o.n.k.i.DiagnosticsManager] StringPropertyStore v0.A.6
2016-02-17 12:26:54.054+0000 INFO  [o.n.k.i.DiagnosticsManager] ArrayPropertyStore v0.A.6
2016-02-17 12:26:54.055+0000 INFO  [o.n.k.i.DiagnosticsManager] PropertyStore v0.A.6
2016-02-17 12:26:54.055+0000 INFO  [o.n.k.i.DiagnosticsManager] RelationshipStore v0.A.6
2016-02-17 12:26:54.055+0000 INFO  [o.n.k.i.DiagnosticsManager] StringPropertyStore v0.A.6
2016-02-17 12:26:54.055+0000 INFO  [o.n.k.i.DiagnosticsManager] RelationshipTypeStore v0.A.6
2016-02-17 12:26:54.055+0000 INFO  [o.n.k.i.DiagnosticsManager] StringPropertyStore v0.A.6
2016-02-17 12:26:54.055+0000 INFO  [o.n.k.i.DiagnosticsManager] LabelTokenStore v0.A.6
2016-02-17 12:26:54.055+0000 INFO  [o.n.k.i.DiagnosticsManager] SchemaStore v0.A.6
2016-02-17 12:26:54.055+0000 INFO  [o.n.k.i.DiagnosticsManager] RelationshipGroupStore v0.A.6
2016-02-17 12:26:54.055+0000 INFO  [o.n.k.i.DiagnosticsManager] NeoStore v0.A.6
2016-02-17 12:26:54.055+0000 INFO  [o.n.k.i.DiagnosticsManager] --- STARTED diagnostics for NEO_STORE_VERSIONS END ---
2016-02-17 12:26:54.055+0000 INFO  [o.n.k.i.DiagnosticsManager] --- STARTED diagnostics for NEO_STORE_ID_USAGE START ---
2016-02-17 12:26:54.055+0000 INFO  [o.n.k.i.DiagnosticsManager] Id usage:
2016-02-17 12:26:54.055+0000 INFO  [o.n.k.i.DiagnosticsManager] Id usage:
2016-02-17 12:26:54.055+0000 INFO  [o.n.k.i.DiagnosticsManager]   ArrayPropertyStore v0.A.6: used=1 high=0
2016-02-17 12:26:54.056+0000 INFO  [o.n.k.i.DiagnosticsManager]   NodeStore v0.A.6: used=7 high=6
2016-02-17 12:26:54.056+0000 INFO  [o.n.k.i.DiagnosticsManager]   StringPropertyStore v0.A.6: used=8 high=7
2016-02-17 12:26:54.056+0000 INFO  [o.n.k.i.DiagnosticsManager]   PropertyIndexStore v0.A.6: used=7 high=6
2016-02-17 12:26:54.056+0000 INFO  [o.n.k.i.DiagnosticsManager]   StringPropertyStore v0.A.6: used=1 high=0
2016-02-17 12:26:54.056+0000 INFO  [o.n.k.i.DiagnosticsManager]   ArrayPropertyStore v0.A.6: used=1 high=0
2016-02-17 12:26:54.056+0000 INFO  [o.n.k.i.DiagnosticsManager]   PropertyStore v0.A.6: used=162 high=161
2016-02-17 12:26:54.056+0000 INFO  [o.n.k.i.DiagnosticsManager]   RelationshipStore v0.A.6: used=66 high=65
2016-02-17 12:26:54.057+0000 INFO  [o.n.k.i.DiagnosticsManager]   StringPropertyStore v0.A.6: used=2 high=1
2016-02-17 12:26:54.057+0000 INFO  [o.n.k.i.DiagnosticsManager]   RelationshipTypeStore v0.A.6: used=1 high=0
2016-02-17 12:26:54.057+0000 INFO  [o.n.k.i.DiagnosticsManager]   StringPropertyStore v0.A.6: used=2 high=1
2016-02-17 12:26:54.057+0000 INFO  [o.n.k.i.DiagnosticsManager]   LabelTokenStore v0.A.6: used=1 high=0
2016-02-17 12:26:54.057+0000 INFO  [o.n.k.i.DiagnosticsManager]   SchemaStore v0.A.6: used=2 high=1
2016-02-17 12:26:54.058+0000 INFO  [o.n.k.i.DiagnosticsManager]   RelationshipGroupStore v0.A.6: used=1 high=0
2016-02-17 12:26:54.058+0000 INFO  [o.n.k.i.DiagnosticsManager]   NeoStore v0.A.6: used=13 high=12
2016-02-17 12:26:54.058+0000 INFO  [o.n.k.i.DiagnosticsManager] --- STARTED diagnostics for NEO_STORE_ID_USAGE END ---
2016-02-17 12:26:54.058+0000 INFO  [o.n.k.i.DiagnosticsManager] --- STARTED diagnostics for NEO_STORE_RECORDS START ---
2016-02-17 12:26:54.058+0000 INFO  [o.n.k.i.DiagnosticsManager] Neostore records:
2016-02-17 12:26:54.059+0000 INFO  [o.n.k.i.DiagnosticsManager] TIME (Creation time): 1455711972421
2016-02-17 12:26:54.059+0000 INFO  [o.n.k.i.DiagnosticsManager] RANDOM_NUMBER (Random number for store id): 8778569065232224943
2016-02-17 12:26:54.059+0000 INFO  [o.n.k.i.DiagnosticsManager] LOG_VERSION (Current log version): 0
2016-02-17 12:26:54.059+0000 INFO  [o.n.k.i.DiagnosticsManager] LAST_TRANSACTION_ID (Last committed transaction): 32
2016-02-17 12:26:54.059+0000 INFO  [o.n.k.i.DiagnosticsManager] STORE_VERSION (Store format version): 15250506225055238
2016-02-17 12:26:54.059+0000 INFO  [o.n.k.i.DiagnosticsManager] FIRST_GRAPH_PROPERTY (First property record containing graph properties): -1
2016-02-17 12:26:54.059+0000 INFO  [o.n.k.i.DiagnosticsManager] LAST_CONSTRAINT_TRANSACTION (Last committed transaction containing constraint changes): 0
2016-02-17 12:26:54.059+0000 INFO  [o.n.k.i.DiagnosticsManager] UPGRADE_TRANSACTION_ID (Transaction id most recent upgrade was performed at): 1
2016-02-17 12:26:54.059+0000 INFO  [o.n.k.i.DiagnosticsManager] UPGRADE_TIME (Time of last upgrade): 1455711972421
2016-02-17 12:26:54.059+0000 INFO  [o.n.k.i.DiagnosticsManager] LAST_TRANSACTION_CHECKSUM (Checksum of last committed transaction): -163168205532
2016-02-17 12:26:54.060+0000 INFO  [o.n.k.i.DiagnosticsManager] UPGRADE_TRANSACTION_CHECKSUM (Checksum of transaction id the most recent upgrade was performed at): 0
2016-02-17 12:26:54.060+0000 INFO  [o.n.k.i.DiagnosticsManager] LAST_CLOSED_TRANSACTION_LOG_VERSION (Log version where the last transaction commit entry has been written into): 0
2016-02-17 12:26:54.060+0000 INFO  [o.n.k.i.DiagnosticsManager] LAST_CLOSED_TRANSACTION_LOG_BYTE_OFFSET (Byte offset in the log file where the last transaction commit entry has been written into): 33730
2016-02-17 12:26:54.060+0000 INFO  [o.n.k.i.DiagnosticsManager] --- STARTED diagnostics for NEO_STORE_RECORDS END ---
2016-02-17 12:26:54.060+0000 INFO  [o.n.k.i.DiagnosticsManager] --- STARTED diagnostics for TRANSACTION_RANGE START ---
2016-02-17 12:26:54.060+0000 INFO  [o.n.k.i.DiagnosticsManager] Transaction log:
2016-02-17 12:26:54.061+0000 INFO  [o.n.k.i.DiagnosticsManager] Oldest transaction 2 found in log with version 0
2016-02-17 12:26:54.061+0000 INFO  [o.n.k.i.DiagnosticsManager] --- STARTED diagnostics for TRANSACTION_RANGE END ---
2016-02-17 12:26:54.061+0000 INFO  [o.n.k.i.DiagnosticsManager] --- STARTED diagnostics for KernelDiagnostics:StoreFiles START ---
2016-02-17 12:26:54.062+0000 INFO  [o.n.k.i.DiagnosticsManager] Disk space on partition (Total / Free / Free %): 286945980416 / 183957471232 / 64
Storage files: (filename : modification date - size)
2016-02-17 12:26:54.062+0000 INFO  [o.n.k.i.DiagnosticsManager]   dbGood:
2016-02-17 12:26:54.062+0000 INFO  [o.n.k.i.DiagnosticsManager]     index:
2016-02-17 12:26:54.063+0000 INFO  [o.n.k.i.DiagnosticsManager]     - Total: 2016-02-17T13:26:14+0100 - 0.00 B
2016-02-17 12:26:54.063+0000 INFO  [o.n.k.i.DiagnosticsManager]     messages.log: 2016-02-17T13:26:20+0100 - 32.51 kB
2016-02-17 12:26:54.063+0000 INFO  [o.n.k.i.DiagnosticsManager]     neostore: 2016-02-17T13:26:20+0100 - 8.00 kB
2016-02-17 12:26:54.063+0000 INFO  [o.n.k.i.DiagnosticsManager]     neostore.counts.db.a: 2016-02-17T13:26:14+0100 - 96.00 B
2016-02-17 12:26:54.064+0000 INFO  [o.n.k.i.DiagnosticsManager]     neostore.id: 2016-02-17T13:26:14+0100 - 9.00 B
2016-02-17 12:26:54.064+0000 INFO  [o.n.k.i.DiagnosticsManager]     neostore.labeltokenstore.db: 2016-02-17T13:26:15+0100 - 8.00 kB
2016-02-17 12:26:54.064+0000 INFO  [o.n.k.i.DiagnosticsManager]     neostore.labeltokenstore.db.id: 2016-02-17T13:26:14+0100 - 9.00 B
2016-02-17 12:26:54.064+0000 INFO  [o.n.k.i.DiagnosticsManager]     neostore.labeltokenstore.db.names: 2016-02-17T13:26:15+0100 - 8.00 kB
2016-02-17 12:26:54.065+0000 INFO  [o.n.k.i.DiagnosticsManager]     neostore.labeltokenstore.db.names.id: 2016-02-17T13:26:14+0100 - 9.00 B
2016-02-17 12:26:54.065+0000 INFO  [o.n.k.i.DiagnosticsManager]     neostore.nodestore.db: 2016-02-17T13:26:20+0100 - 8.00 kB
2016-02-17 12:26:54.065+0000 INFO  [o.n.k.i.DiagnosticsManager]     neostore.nodestore.db.id: 2016-02-17T13:26:13+0100 - 9.00 B
2016-02-17 12:26:54.065+0000 INFO  [o.n.k.i.DiagnosticsManager]     neostore.nodestore.db.labels: 2016-02-17T13:26:13+0100 - 8.00 kB
2016-02-17 12:26:54.066+0000 INFO  [o.n.k.i.DiagnosticsManager]     neostore.nodestore.db.labels.id: 2016-02-17T13:26:13+0100 - 9.00 B
2016-02-17 12:26:54.066+0000 INFO  [o.n.k.i.DiagnosticsManager]     neostore.propertystore.db: 2016-02-17T13:26:20+0100 - 7.97 kB
2016-02-17 12:26:54.066+0000 INFO  [o.n.k.i.DiagnosticsManager]     neostore.propertystore.db.arrays: 2016-02-17T13:26:13+0100 - 8.00 kB
2016-02-17 12:26:54.066+0000 INFO  [o.n.k.i.DiagnosticsManager]     neostore.propertystore.db.arrays.id: 2016-02-17T13:26:13+0100 - 9.00 B
2016-02-17 12:26:54.066+0000 INFO  [o.n.k.i.DiagnosticsManager]     neostore.propertystore.db.id: 2016-02-17T13:26:13+0100 - 9.00 B
2016-02-17 12:26:54.067+0000 INFO  [o.n.k.i.DiagnosticsManager]     neostore.propertystore.db.index: 2016-02-17T13:26:17+0100 - 8.00 kB
2016-02-17 12:26:54.067+0000 INFO  [o.n.k.i.DiagnosticsManager]     neostore.propertystore.db.index.id: 2016-02-17T13:26:13+0100 - 9.00 B
2016-02-17 12:26:54.067+0000 INFO  [o.n.k.i.DiagnosticsManager]     neostore.propertystore.db.index.keys: 2016-02-17T13:26:17+0100 - 8.00 kB
2016-02-17 12:26:54.067+0000 INFO  [o.n.k.i.DiagnosticsManager]     neostore.propertystore.db.index.keys.id: 2016-02-17T13:26:13+0100 - 9.00 B
2016-02-17 12:26:54.067+0000 INFO  [o.n.k.i.DiagnosticsManager]     neostore.propertystore.db.strings: 2016-02-17T13:26:13+0100 - 8.00 kB
2016-02-17 12:26:54.068+0000 INFO  [o.n.k.i.DiagnosticsManager]     neostore.propertystore.db.strings.id: 2016-02-17T13:26:13+0100 - 9.00 B
2016-02-17 12:26:54.068+0000 INFO  [o.n.k.i.DiagnosticsManager]     neostore.relationshipgroupstore.db: 2016-02-17T13:26:14+0100 - 8.00 kB
2016-02-17 12:26:54.068+0000 INFO  [o.n.k.i.DiagnosticsManager]     neostore.relationshipgroupstore.db.id: 2016-02-17T13:26:14+0100 - 9.00 B
2016-02-17 12:26:54.069+0000 INFO  [o.n.k.i.DiagnosticsManager]     neostore.relationshipstore.db: 2016-02-17T13:26:20+0100 - 7.97 kB
2016-02-17 12:26:54.069+0000 INFO  [o.n.k.i.DiagnosticsManager]     neostore.relationshipstore.db.id: 2016-02-17T13:26:13+0100 - 9.00 B
2016-02-17 12:26:54.069+0000 INFO  [o.n.k.i.DiagnosticsManager]     neostore.relationshiptypestore.db: 2016-02-17T13:26:16+0100 - 8.00 kB
2016-02-17 12:26:54.069+0000 INFO  [o.n.k.i.DiagnosticsManager]     neostore.relationshiptypestore.db.id: 2016-02-17T13:26:13+0100 - 9.00 B
2016-02-17 12:26:54.069+0000 INFO  [o.n.k.i.DiagnosticsManager]     neostore.relationshiptypestore.db.names: 2016-02-17T13:26:17+0100 - 8.00 kB
2016-02-17 12:26:54.070+0000 INFO  [o.n.k.i.DiagnosticsManager]     neostore.relationshiptypestore.db.names.id: 2016-02-17T13:26:13+0100 - 9.00 B
2016-02-17 12:26:54.070+0000 INFO  [o.n.k.i.DiagnosticsManager]     neostore.schemastore.db: 2016-02-17T13:26:15+0100 - 8.00 kB
2016-02-17 12:26:54.070+0000 INFO  [o.n.k.i.DiagnosticsManager]     neostore.schemastore.db.id: 2016-02-17T13:26:14+0100 - 9.00 B
2016-02-17 12:26:54.070+0000 INFO  [o.n.k.i.DiagnosticsManager]     neostore.transaction.db.0: 2016-02-17T13:26:24+0100 - 87.54 kB
2016-02-17 12:26:54.070+0000 INFO  [o.n.k.i.DiagnosticsManager]     schema:
2016-02-17 12:26:54.071+0000 INFO  [o.n.k.i.DiagnosticsManager]       index:
2016-02-17 12:26:54.071+0000 INFO  [o.n.k.i.DiagnosticsManager]         lucene:
2016-02-17 12:26:54.071+0000 INFO  [o.n.k.i.DiagnosticsManager]           1:
2016-02-17 12:26:54.071+0000 INFO  [o.n.k.i.DiagnosticsManager]             _14.cfs: 2016-02-17T13:26:21+0100 - 705.00 B
2016-02-17 12:26:54.071+0000 INFO  [o.n.k.i.DiagnosticsManager]             failure-message: 2016-02-17T13:26:14+0100 - 16.00 kB
2016-02-17 12:26:54.071+0000 INFO  [o.n.k.i.DiagnosticsManager]             segments.gen: 2016-02-17T13:26:14+0100 - 20.00 B
2016-02-17 12:26:54.072+0000 INFO  [o.n.k.i.DiagnosticsManager]             segments_1: 2016-02-17T13:26:14+0100 - 46.00 B
2016-02-17 12:26:54.072+0000 INFO  [o.n.k.i.DiagnosticsManager]             write.lock: 2016-02-17T13:26:15+0100 - 0.00 B
2016-02-17 12:26:54.072+0000 INFO  [o.n.k.i.DiagnosticsManager]           - Total: 2016-02-17T13:26:21+0100 - 16.75 kB
2016-02-17 12:26:54.072+0000 INFO  [o.n.k.i.DiagnosticsManager]         - Total: 2016-02-17T13:26:14+0100 - 16.75 kB
2016-02-17 12:26:54.072+0000 INFO  [o.n.k.i.DiagnosticsManager]       - Total: 2016-02-17T13:26:14+0100 - 16.75 kB
2016-02-17 12:26:54.073+0000 INFO  [o.n.k.i.DiagnosticsManager]       label:
2016-02-17 12:26:54.073+0000 INFO  [o.n.k.i.DiagnosticsManager]         lucene:
2016-02-17 12:26:54.073+0000 INFO  [o.n.k.i.DiagnosticsManager]           _k.cfs: 2016-02-17T13:26:21+0100 - 225.00 B
2016-02-17 12:26:54.073+0000 INFO  [o.n.k.i.DiagnosticsManager]           write.lock: 2016-02-17T13:26:14+0100 - 0.00 B
2016-02-17 12:26:54.074+0000 INFO  [o.n.k.i.DiagnosticsManager]         - Total: 2016-02-17T13:26:21+0100 - 225.00 B
2016-02-17 12:26:54.074+0000 INFO  [o.n.k.i.DiagnosticsManager]       - Total: 2016-02-17T13:26:14+0100 - 225.00 B
2016-02-17 12:26:54.074+0000 INFO  [o.n.k.i.DiagnosticsManager]     - Total: 2016-02-17T13:26:14+0100 - 16.97 kB
2016-02-17 12:26:54.075+0000 INFO  [o.n.k.i.DiagnosticsManager]     store_lock: 2016-02-17T13:26:13+0100 - 0.00 B
2016-02-17 12:26:54.075+0000 INFO  [o.n.k.i.DiagnosticsManager]   - Total: 2016-02-17T13:26:14+0100 - 257.18 kB
2016-02-17 12:26:54.075+0000 INFO  [o.n.k.i.DiagnosticsManager]   index:
2016-02-17 12:26:54.075+0000 INFO  [o.n.k.i.DiagnosticsManager]   - Total: 2016-02-17T13:26:12+0100 - 0.00 B
2016-02-17 12:26:54.076+0000 INFO  [o.n.k.i.DiagnosticsManager]   messages.log: 2016-02-17T13:26:54+0100 - 85.75 kB
2016-02-17 12:26:54.076+0000 INFO  [o.n.k.i.DiagnosticsManager]   neostore: 2016-02-17T13:26:52+0100 - 8.00 kB
2016-02-17 12:26:54.076+0000 INFO  [o.n.k.i.DiagnosticsManager]   neostore.counts.db.a: 2016-02-17T13:26:53+0100 - 352.00 B
2016-02-17 12:26:54.076+0000 INFO  [o.n.k.i.DiagnosticsManager]   neostore.counts.db.b: 2016-02-17T13:26:52+0100 - 352.00 B
2016-02-17 12:26:54.077+0000 INFO  [o.n.k.i.DiagnosticsManager]   neostore.id: 2016-02-17T13:26:53+0100 - 9.00 B
2016-02-17 12:26:54.077+0000 INFO  [o.n.k.i.DiagnosticsManager]   neostore.labeltokenstore.db: 2016-02-17T13:26:53+0100 - 8.00 kB
2016-02-17 12:26:54.077+0000 INFO  [o.n.k.i.DiagnosticsManager]   neostore.labeltokenstore.db.id: 2016-02-17T13:26:53+0100 - 9.00 B
2016-02-17 12:26:54.077+0000 INFO  [o.n.k.i.DiagnosticsManager]   neostore.labeltokenstore.db.names: 2016-02-17T13:26:52+0100 - 8.00 kB
2016-02-17 12:26:54.078+0000 INFO  [o.n.k.i.DiagnosticsManager]   neostore.labeltokenstore.db.names.id: 2016-02-17T13:26:53+0100 - 9.00 B
2016-02-17 12:26:54.078+0000 INFO  [o.n.k.i.DiagnosticsManager]   neostore.nodestore.db: 2016-02-17T13:26:52+0100 - 8.00 kB
2016-02-17 12:26:54.078+0000 INFO  [o.n.k.i.DiagnosticsManager]   neostore.nodestore.db.id: 2016-02-17T13:26:52+0100 - 9.00 B
2016-02-17 12:26:54.078+0000 INFO  [o.n.k.i.DiagnosticsManager]   neostore.nodestore.db.labels: 2016-02-17T13:26:11+0100 - 8.00 kB
2016-02-17 12:26:54.078+0000 INFO  [o.n.k.i.DiagnosticsManager]   neostore.nodestore.db.labels.id: 2016-02-17T13:26:52+0100 - 9.00 B
2016-02-17 12:26:54.079+0000 INFO  [o.n.k.i.DiagnosticsManager]   neostore.propertystore.db: 2016-02-17T13:26:52+0100 - 7.97 kB
2016-02-17 12:26:54.079+0000 INFO  [o.n.k.i.DiagnosticsManager]   neostore.propertystore.db.arrays: 2016-02-17T13:26:11+0100 - 8.00 kB
2016-02-17 12:26:54.079+0000 INFO  [o.n.k.i.DiagnosticsManager]   neostore.propertystore.db.arrays.id: 2016-02-17T13:26:52+0100 - 9.00 B
2016-02-17 12:26:54.079+0000 INFO  [o.n.k.i.DiagnosticsManager]   neostore.propertystore.db.id: 2016-02-17T13:26:52+0100 - 9.00 B
2016-02-17 12:26:54.080+0000 INFO  [o.n.k.i.DiagnosticsManager]   neostore.propertystore.db.index: 2016-02-17T13:26:53+0100 - 8.00 kB
2016-02-17 12:26:54.080+0000 INFO  [o.n.k.i.DiagnosticsManager]   neostore.propertystore.db.index.id: 2016-02-17T13:26:52+0100 - 9.00 B
2016-02-17 12:26:54.080+0000 INFO  [o.n.k.i.DiagnosticsManager]   neostore.propertystore.db.index.keys: 2016-02-17T13:26:52+0100 - 8.00 kB
2016-02-17 12:26:54.081+0000 INFO  [o.n.k.i.DiagnosticsManager]   neostore.propertystore.db.index.keys.id: 2016-02-17T13:26:52+0100 - 9.00 B
2016-02-17 12:26:54.081+0000 INFO  [o.n.k.i.DiagnosticsManager]   neostore.propertystore.db.strings: 2016-02-17T13:26:11+0100 - 8.00 kB
2016-02-17 12:26:54.081+0000 INFO  [o.n.k.i.DiagnosticsManager]   neostore.propertystore.db.strings.id: 2016-02-17T13:26:52+0100 - 9.00 B
2016-02-17 12:26:54.082+0000 INFO  [o.n.k.i.DiagnosticsManager]   neostore.relationshipgroupstore.db: 2016-02-17T13:26:12+0100 - 8.00 kB
2016-02-17 12:26:54.082+0000 INFO  [o.n.k.i.DiagnosticsManager]   neostore.relationshipgroupstore.db.id: 2016-02-17T13:26:53+0100 - 9.00 B
2016-02-17 12:26:54.082+0000 INFO  [o.n.k.i.DiagnosticsManager]   neostore.relationshipstore.db: 2016-02-17T13:26:52+0100 - 7.97 kB
2016-02-17 12:26:54.082+0000 INFO  [o.n.k.i.DiagnosticsManager]   neostore.relationshipstore.db.id: 2016-02-17T13:26:53+0100 - 9.00 B
2016-02-17 12:26:54.083+0000 INFO  [o.n.k.i.DiagnosticsManager]   neostore.relationshiptypestore.db: 2016-02-17T13:26:53+0100 - 8.00 kB
2016-02-17 12:26:54.083+0000 INFO  [o.n.k.i.DiagnosticsManager]   neostore.relationshiptypestore.db.id: 2016-02-17T13:26:53+0100 - 9.00 B
2016-02-17 12:26:54.083+0000 INFO  [o.n.k.i.DiagnosticsManager]   neostore.relationshiptypestore.db.names: 2016-02-17T13:26:52+0100 - 8.00 kB
2016-02-17 12:26:54.084+0000 INFO  [o.n.k.i.DiagnosticsManager]   neostore.relationshiptypestore.db.names.id: 2016-02-17T13:26:53+0100 - 9.00 B
2016-02-17 12:26:54.084+0000 INFO  [o.n.k.i.DiagnosticsManager]   neostore.schemastore.db: 2016-02-17T13:26:52+0100 - 8.00 kB
2016-02-17 12:26:54.084+0000 INFO  [o.n.k.i.DiagnosticsManager]   neostore.schemastore.db.id: 2016-02-17T13:26:53+0100 - 9.00 B
2016-02-17 12:26:54.084+0000 INFO  [o.n.k.i.DiagnosticsManager]   neostore.transaction.db.0: 2016-02-17T13:26:21+0100 - 32.94 kB
2016-02-17 12:26:54.085+0000 INFO  [o.n.k.i.DiagnosticsManager]   schema:
2016-02-17 12:26:54.085+0000 INFO  [o.n.k.i.DiagnosticsManager]     index:
2016-02-17 12:26:54.085+0000 INFO  [o.n.k.i.DiagnosticsManager]       lucene:
2016-02-17 12:26:54.085+0000 INFO  [o.n.k.i.DiagnosticsManager]         1:
2016-02-17 12:26:54.085+0000 INFO  [o.n.k.i.DiagnosticsManager]           _0.cfs: 2016-02-17T13:26:53+0100 - 394.00 B
2016-02-17 12:26:54.085+0000 INFO  [o.n.k.i.DiagnosticsManager]           failure-message: 2016-02-17T13:26:14+0100 - 16.00 kB
2016-02-17 12:26:54.086+0000 INFO  [o.n.k.i.DiagnosticsManager]           segments.gen: 2016-02-17T13:26:53+0100 - 20.00 B
2016-02-17 12:26:54.086+0000 INFO  [o.n.k.i.DiagnosticsManager]           segments_2: 2016-02-17T13:26:53+0100 - 264.00 B
2016-02-17 12:26:54.086+0000 INFO  [o.n.k.i.DiagnosticsManager]           write.lock: 2016-02-17T13:26:52+0100 - 0.00 B
2016-02-17 12:26:54.086+0000 INFO  [o.n.k.i.DiagnosticsManager]         - Total: 2016-02-17T13:26:53+0100 - 16.66 kB
2016-02-17 12:26:54.086+0000 INFO  [o.n.k.i.DiagnosticsManager]       - Total: 2016-02-17T13:26:14+0100 - 16.66 kB
2016-02-17 12:26:54.086+0000 INFO  [o.n.k.i.DiagnosticsManager]     - Total: 2016-02-17T13:26:14+0100 - 16.66 kB
2016-02-17 12:26:54.087+0000 INFO  [o.n.k.i.DiagnosticsManager]     label:
2016-02-17 12:26:54.087+0000 INFO  [o.n.k.i.DiagnosticsManager]       lucene:
2016-02-17 12:26:54.087+0000 INFO  [o.n.k.i.DiagnosticsManager]         _1.cfs: 2016-02-17T13:26:53+0100 - 225.00 B
2016-02-17 12:26:54.087+0000 INFO  [o.n.k.i.DiagnosticsManager]         segments.gen: 2016-02-17T13:26:53+0100 - 20.00 B
2016-02-17 12:26:54.087+0000 INFO  [o.n.k.i.DiagnosticsManager]         segments_2: 2016-02-17T13:26:53+0100 - 250.00 B
2016-02-17 12:26:54.087+0000 INFO  [o.n.k.i.DiagnosticsManager]         write.lock: 2016-02-17T13:26:52+0100 - 0.00 B
2016-02-17 12:26:54.088+0000 INFO  [o.n.k.i.DiagnosticsManager]       - Total: 2016-02-17T13:26:53+0100 - 495.00 B
2016-02-17 12:26:54.088+0000 INFO  [o.n.k.i.DiagnosticsManager]     - Total: 2016-02-17T13:26:52+0100 - 495.00 B
2016-02-17 12:26:54.088+0000 INFO  [o.n.k.i.DiagnosticsManager]   - Total: 2016-02-17T13:26:14+0100 - 17.15 kB
2016-02-17 12:26:54.088+0000 INFO  [o.n.k.i.DiagnosticsManager]   store_lock: 2016-02-17T13:26:11+0100 - 0.00 B
2016-02-17 12:26:54.088+0000 INFO  [o.n.k.i.DiagnosticsManager] --- STARTED diagnostics for KernelDiagnostics:StoreFiles END ---
2016-02-17 12:26:55.047+0000 INFO  [o.n.k.i.DiagnosticsManager] --- SERVER STARTED START ---
2016-02-17 12:26:56.274+0000 INFO  [o.n.k.i.DiagnosticsManager] --- SERVER STARTED END ---
