2016-03-16 09:36:42.945+0000 INFO  [o.n.k.i.f.CommunityFacadeFactory] No locking implementation specified, defaulting to 'community'
2016-03-16 09:36:42.947+0000 INFO  [o.n.k.AvailabilityGuard] Requirement makes database unavailable: Database available
2016-03-16 09:36:42.948+0000 INFO  [o.n.k.i.DiagnosticsManager] --- INITIALIZED diagnostics START ---
2016-03-16 09:36:42.948+0000 INFO  [o.n.k.i.DiagnosticsManager] Neo4j Kernel properties:
2016-03-16 09:36:42.948+0000 INFO  [o.n.k.i.DiagnosticsManager] edition=Community
2016-03-16 09:36:42.948+0000 INFO  [o.n.k.i.DiagnosticsManager] ephemeral=false
2016-03-16 09:36:42.948+0000 INFO  [o.n.k.i.DiagnosticsManager] Diagnostics providers:
2016-03-16 09:36:42.948+0000 INFO  [o.n.k.i.DiagnosticsManager] org.neo4j.kernel.configuration.Config
2016-03-16 09:36:42.948+0000 INFO  [o.n.k.i.DiagnosticsManager] org.neo4j.kernel.info.DiagnosticsManager
2016-03-16 09:36:42.948+0000 INFO  [o.n.k.i.DiagnosticsManager] SYSTEM_MEMORY
2016-03-16 09:36:42.948+0000 INFO  [o.n.k.i.DiagnosticsManager] JAVA_MEMORY
2016-03-16 09:36:42.948+0000 INFO  [o.n.k.i.DiagnosticsManager] OPERATING_SYSTEM
2016-03-16 09:36:42.948+0000 INFO  [o.n.k.i.DiagnosticsManager] JAVA_VIRTUAL_MACHINE
2016-03-16 09:36:42.948+0000 INFO  [o.n.k.i.DiagnosticsManager] CLASSPATH
2016-03-16 09:36:42.948+0000 INFO  [o.n.k.i.DiagnosticsManager] LIBRARY_PATH
2016-03-16 09:36:42.948+0000 INFO  [o.n.k.i.DiagnosticsManager] SYSTEM_PROPERTIES
2016-03-16 09:36:42.948+0000 INFO  [o.n.k.i.DiagnosticsManager] LINUX_SCHEDULERS
2016-03-16 09:36:42.948+0000 INFO  [o.n.k.i.DiagnosticsManager] NETWORK
2016-03-16 09:36:42.948+0000 INFO  [o.n.k.i.DiagnosticsManager] System memory information:
2016-03-16 09:36:42.949+0000 INFO  [o.n.k.i.DiagnosticsManager] Total Physical memory: 15,60 GB
2016-03-16 09:36:42.949+0000 INFO  [o.n.k.i.DiagnosticsManager] Free Physical memory: 9,19 GB
2016-03-16 09:36:42.949+0000 INFO  [o.n.k.i.DiagnosticsManager] Committed virtual memory: 5,95 GB
2016-03-16 09:36:42.949+0000 INFO  [o.n.k.i.DiagnosticsManager] Total swap space: 15,92 GB
2016-03-16 09:36:42.949+0000 INFO  [o.n.k.i.DiagnosticsManager] Free swap space: 15,92 GB
2016-03-16 09:36:42.949+0000 INFO  [o.n.k.i.DiagnosticsManager] JVM memory information:
2016-03-16 09:36:42.949+0000 INFO  [o.n.k.i.DiagnosticsManager] Free  memory: 122,08 MB
2016-03-16 09:36:42.949+0000 INFO  [o.n.k.i.DiagnosticsManager] Total memory: 303,00 MB
2016-03-16 09:36:42.949+0000 INFO  [o.n.k.i.DiagnosticsManager] Max   memory: 3,47 GB
2016-03-16 09:36:42.950+0000 INFO  [o.n.k.i.DiagnosticsManager] Garbage Collector: PS Scavenge: [PS Eden Space, PS Survivor Space]
2016-03-16 09:36:42.950+0000 INFO  [o.n.k.i.DiagnosticsManager] Garbage Collector: PS MarkSweep: [PS Eden Space, PS Survivor Space, PS Old Gen, PS Perm Gen]
2016-03-16 09:36:42.950+0000 INFO  [o.n.k.i.DiagnosticsManager] Memory Pool: Code Cache (Non-heap memory): committed=2,44 MB, used=808,06 kB, max=48,00 MB, threshold=0,00 B
2016-03-16 09:36:42.950+0000 INFO  [o.n.k.i.DiagnosticsManager] Memory Pool: PS Eden Space (Heap memory): committed=127,00 MB, used=117,81 MB, max=1,28 GB, threshold=?
2016-03-16 09:36:42.951+0000 INFO  [o.n.k.i.DiagnosticsManager] Memory Pool: PS Survivor Space (Heap memory): committed=10,00 MB, used=9,97 MB, max=10,00 MB, threshold=?
2016-03-16 09:36:42.951+0000 INFO  [o.n.k.i.DiagnosticsManager] Memory Pool: PS Old Gen (Heap memory): committed=166,00 MB, used=53,14 MB, max=2,60 GB, threshold=0,00 B
2016-03-16 09:36:42.951+0000 INFO  [o.n.k.i.DiagnosticsManager] Memory Pool: PS Perm Gen (Non-heap memory): committed=21,00 MB, used=17,84 MB, max=166,00 MB, threshold=0,00 B
2016-03-16 09:36:42.951+0000 INFO  [o.n.k.i.DiagnosticsManager] Operating system information:
2016-03-16 09:36:42.952+0000 INFO  [o.n.k.i.DiagnosticsManager] Operating System: Linux; version: 3.19.0-47-generic; arch: amd64; cpus: 4
2016-03-16 09:36:42.952+0000 INFO  [o.n.k.i.DiagnosticsManager] Max number of file descriptors: 64,00 kB
2016-03-16 09:36:42.952+0000 INFO  [o.n.k.i.DiagnosticsManager] Number of open file descriptors: 215,00 B
2016-03-16 09:36:42.952+0000 INFO  [o.n.k.i.DiagnosticsManager] Process id: 4279@andrea-HP-Pavilion-15-Notebook-PC
2016-03-16 09:36:42.952+0000 INFO  [o.n.k.i.DiagnosticsManager] Byte order: LITTLE_ENDIAN
2016-03-16 09:36:42.952+0000 INFO  [o.n.k.i.DiagnosticsManager] Local timezone: Europe/Rome
2016-03-16 09:36:42.952+0000 INFO  [o.n.k.i.DiagnosticsManager] JVM information:
2016-03-16 09:36:42.952+0000 INFO  [o.n.k.i.DiagnosticsManager] VM Name: OpenJDK 64-Bit Server VM
2016-03-16 09:36:42.952+0000 INFO  [o.n.k.i.DiagnosticsManager] VM Vendor: Oracle Corporation
2016-03-16 09:36:42.952+0000 INFO  [o.n.k.i.DiagnosticsManager] VM Version: 24.95-b01
2016-03-16 09:36:42.952+0000 INFO  [o.n.k.i.DiagnosticsManager] JIT compiler: HotSpot 64-Bit Tiered Compilers
2016-03-16 09:36:42.952+0000 INFO  [o.n.k.i.DiagnosticsManager] VM Arguments: [-Dfile.encoding=UTF-8]
2016-03-16 09:36:42.952+0000 INFO  [o.n.k.i.DiagnosticsManager] Java classpath:
2016-03-16 09:36:42.953+0000 INFO  [o.n.k.i.DiagnosticsManager]  [classpath + loader.0] file:/home/andrea/Scrivania/springExample/neo4j-community-2.3.1/lib/neo4j-shell-2.3.1.jar
2016-03-16 09:36:42.953+0000 INFO  [o.n.k.i.DiagnosticsManager]  [loader.1] file:/usr/lib/jvm/java-7-openjdk-amd64/jre/lib/ext/libatk-wrapper.so
2016-03-16 09:36:42.953+0000 INFO  [o.n.k.i.DiagnosticsManager]  [classpath + loader.0] file:/home/andrea/Scrivania/springExample/neo4j-community-2.3.1/lib/neo4j-codegen-2.3.1.jar
2016-03-16 09:36:42.953+0000 INFO  [o.n.k.i.DiagnosticsManager]  [classpath + loader.0] file:/home/andrea/Scrivania/springExample/neo4j-community-2.3.1/lib/neo4j-primitive-collections-2.3.1.jar
2016-03-16 09:36:42.953+0000 INFO  [o.n.k.i.DiagnosticsManager]  [classpath + loader.0] file:/home/andrea/Scrivania/springExample/neo4j-community-2.3.1/lib/commons-lang3-3.3.2.jar
2016-03-16 09:36:42.953+0000 INFO  [o.n.k.i.DiagnosticsManager]  [bootstrap] /usr/lib/jvm/java-7-openjdk-amd64/jre/lib/charsets.jar
2016-03-16 09:36:42.953+0000 INFO  [o.n.k.i.DiagnosticsManager]  [bootstrap] /usr/lib/jvm/java-7-openjdk-amd64/jre/lib/sunrsasign.jar
2016-03-16 09:36:42.953+0000 INFO  [o.n.k.i.DiagnosticsManager]  [bootstrap] /usr/lib/jvm/java-7-openjdk-amd64/jre/lib/rhino.jar
2016-03-16 09:36:42.953+0000 INFO  [o.n.k.i.DiagnosticsManager]  [loader.1] file:/usr/lib/jvm/java-7-openjdk-amd64/jre/lib/ext/zipfs.jar
2016-03-16 09:36:42.953+0000 INFO  [o.n.k.i.DiagnosticsManager]  [classpath + loader.0] file:/home/andrea/Scrivania/springExample/neo4j-community-2.3.1/lib/parboiled-scala_2.11-1.1.7.jar
2016-03-16 09:36:42.953+0000 INFO  [o.n.k.i.DiagnosticsManager]  [loader.1] file:/usr/lib/jvm/java-7-openjdk-amd64/jre/lib/ext/sunpkcs11.jar
2016-03-16 09:36:42.953+0000 INFO  [o.n.k.i.DiagnosticsManager]  [loader.1] file:/usr/share/java/java-atk-wrapper.jar
2016-03-16 09:36:42.953+0000 INFO  [o.n.k.i.DiagnosticsManager]  [classpath + loader.0] file:/home/andrea/Scrivania/springExample/neo4j-community-2.3.1/lib/neo4j-unsafe-2.3.1.jar
2016-03-16 09:36:42.954+0000 INFO  [o.n.k.i.DiagnosticsManager]  [classpath + loader.0] file:/home/andrea/Scrivania/springExample/neo4j-community-2.3.1/lib/neo4j-cypher-compiler-2.3-2.3.1.jar
2016-03-16 09:36:42.954+0000 INFO  [o.n.k.i.DiagnosticsManager]  [bootstrap] /usr/lib/jvm/java-7-openjdk-amd64/jre/lib/resources.jar
2016-03-16 09:36:42.954+0000 INFO  [o.n.k.i.DiagnosticsManager]  [classpath + loader.0] file:/home/andrea/Scrivania/springExample/neo4j-community-2.3.1/lib/neo4j-logging-2.3.1.jar
2016-03-16 09:36:42.954+0000 INFO  [o.n.k.i.DiagnosticsManager]  [classpath + loader.0] file:/home/andrea/Scrivania/springExample/neo4j-community-2.3.1/lib/neo4j-graph-matching-2.3.1.jar
2016-03-16 09:36:42.954+0000 INFO  [o.n.k.i.DiagnosticsManager]  [classpath + loader.0] file:/home/andrea/Scrivania/springExample/neo4j-community-2.3.1/lib/neo4j-function-2.3.1.jar
2016-03-16 09:36:42.954+0000 INFO  [o.n.k.i.DiagnosticsManager]  [classpath + loader.0] file:/home/andrea/Scrivania/springExample/neo4j-community-2.3.1/lib/jline-2.12.jar
2016-03-16 09:36:42.954+0000 INFO  [o.n.k.i.DiagnosticsManager]  [loader.1] file:/usr/lib/jvm/java-7-openjdk-amd64/jre/lib/ext/icedtea-sound.jar
2016-03-16 09:36:42.954+0000 INFO  [o.n.k.i.DiagnosticsManager]  [classpath + loader.0] file:/home/andrea/Scrivania/springExample/neo4j-community-2.3.1/lib/neo4j-cypher-compiler-2.2_2.11-2.2.6.jar
2016-03-16 09:36:42.954+0000 INFO  [o.n.k.i.DiagnosticsManager]  [classpath + loader.0] file:/home/andrea/Scrivania/springExample/neo4j-community-2.3.1/lib/scala-parser-combinators_2.11-1.0.4.jar
2016-03-16 09:36:42.954+0000 INFO  [o.n.k.i.DiagnosticsManager]  [classpath + loader.0] file:/home/andrea/Scrivania/springExample/neo4j-community-2.3.1/lib/scala-library-2.11.7.jar
2016-03-16 09:36:42.954+0000 INFO  [o.n.k.i.DiagnosticsManager]  [loader.1] file:/usr/lib/jvm/java-7-openjdk-amd64/jre/lib/ext/sunjce_provider.jar
2016-03-16 09:36:42.954+0000 INFO  [o.n.k.i.DiagnosticsManager]  [classpath + loader.0] file:/home/andrea/Scrivania/springExample/neo4j-community-2.3.1/lib/neo4j-cypher-2.3.1.jar
2016-03-16 09:36:42.954+0000 INFO  [o.n.k.i.DiagnosticsManager]  [classpath + loader.0] file:/home/andrea/Scrivania/springExample/neo4j-community-2.3.1/lib/opencsv-2.3.jar
2016-03-16 09:36:42.954+0000 INFO  [o.n.k.i.DiagnosticsManager]  [classpath + loader.0] file:/home/andrea/Scrivania/springExample/neo4j-community-2.3.1/lib/neo4j-lucene-index-2.3.1.jar
2016-03-16 09:36:42.954+0000 INFO  [o.n.k.i.DiagnosticsManager]  [bootstrap] /usr/lib/jvm/java-7-openjdk-amd64/jre/lib/jce.jar
2016-03-16 09:36:42.954+0000 INFO  [o.n.k.i.DiagnosticsManager]  [loader.1] file:/usr/lib/jvm/java-7-openjdk-amd64/jre/lib/ext/dnsns.jar
2016-03-16 09:36:42.954+0000 INFO  [o.n.k.i.DiagnosticsManager]  [classpath + loader.0] file:/home/andrea/Scrivania/springExample/neo4j-community-2.3.1/lib/neo4j-consistency-check-legacy-2.3.1.jar
2016-03-16 09:36:42.954+0000 INFO  [o.n.k.i.DiagnosticsManager]  [classpath + loader.0] file:/home/andrea/Scrivania/springExample/neo4j-community-2.3.1/lib/neo4j-cypher-frontend-2.3-2.3.1.jar
2016-03-16 09:36:42.954+0000 INFO  [o.n.k.i.DiagnosticsManager]  [classpath + loader.0] file:/home/andrea/Scrivania/springExample/neo4j-community-2.3.1/lib/server-api-2.3.1.jar
2016-03-16 09:36:42.954+0000 INFO  [o.n.k.i.DiagnosticsManager]  [bootstrap] /usr/lib/jvm/java-7-openjdk-amd64/jre/lib/jsse.jar
2016-03-16 09:36:42.954+0000 INFO  [o.n.k.i.DiagnosticsManager]  [classpath + loader.0] file:/home/andrea/Scrivania/springExample/neo4j-community-2.3.1/lib/neo4j-import-tool-2.3.1.jar
2016-03-16 09:36:42.954+0000 INFO  [o.n.k.i.DiagnosticsManager]  [classpath + loader.0] file:/home/andrea/Scrivania/springExample/neo4j-community-2.3.1/lib/lucene-core-3.6.2.jar
2016-03-16 09:36:42.954+0000 INFO  [o.n.k.i.DiagnosticsManager]  [classpath + loader.0] file:/home/andrea/Scrivania/springExample/neo4j-community-2.3.1/lib/neo4j-cypher-compiler-1.9_2.11-2.0.5.jar
2016-03-16 09:36:42.954+0000 INFO  [o.n.k.i.DiagnosticsManager]  [classpath + loader.0] file:/home/andrea/Scrivania/springExample/neo4j-community-2.3.1/lib/concurrentlinkedhashmap-lru-1.4.2.jar
2016-03-16 09:36:42.954+0000 INFO  [o.n.k.i.DiagnosticsManager]  [bootstrap] /usr/lib/jvm/java-7-openjdk-amd64/jre/classes
2016-03-16 09:36:42.954+0000 INFO  [o.n.k.i.DiagnosticsManager]  [classpath + loader.0] file:/home/andrea/Scrivania/springExample/ZanellaProjectLast/bin/
2016-03-16 09:36:42.954+0000 INFO  [o.n.k.i.DiagnosticsManager]  [bootstrap] /usr/lib/jvm/java-7-openjdk-amd64/jre/lib/jfr.jar
2016-03-16 09:36:42.954+0000 INFO  [o.n.k.i.DiagnosticsManager]  [classpath + loader.0] file:/home/andrea/Scrivania/springExample/neo4j-community-2.3.1/lib/neo4j-io-2.3.1.jar
2016-03-16 09:36:42.955+0000 INFO  [o.n.k.i.DiagnosticsManager]  [classpath + loader.0] file:/home/andrea/Scrivania/springExample/neo4j-community-2.3.1/lib/neo4j-csv-2.3.1.jar
2016-03-16 09:36:42.955+0000 INFO  [o.n.k.i.DiagnosticsManager]  [bootstrap] /usr/lib/jvm/java-7-openjdk-amd64/jre/lib/rt.jar
2016-03-16 09:36:42.955+0000 INFO  [o.n.k.i.DiagnosticsManager]  [classpath + loader.0] file:/home/andrea/Scrivania/springExample/neo4j-community-2.3.1/lib/neo4j-graph-algo-2.3.1.jar
2016-03-16 09:36:42.955+0000 INFO  [o.n.k.i.DiagnosticsManager]  [classpath + loader.0] file:/home/andrea/Scrivania/springExample/neo4j-community-2.3.1/lib/parboiled-core-1.1.7.jar
2016-03-16 09:36:42.955+0000 INFO  [o.n.k.i.DiagnosticsManager]  [classpath + loader.0] file:/home/andrea/Scrivania/springExample/neo4j-community-2.3.1/lib/neo4j-kernel-2.3.1.jar
2016-03-16 09:36:42.955+0000 INFO  [o.n.k.i.DiagnosticsManager]  [classpath + loader.0] file:/home/andrea/Scrivania/springExample/neo4j-community-2.3.1/lib/neo4j-udc-2.3.1.jar
2016-03-16 09:36:42.955+0000 INFO  [o.n.k.i.DiagnosticsManager]  [classpath + loader.0] file:/home/andrea/Scrivania/springExample/neo4j-community-2.3.1/lib/neo4j-jmx-2.3.1.jar
2016-03-16 09:36:42.955+0000 INFO  [o.n.k.i.DiagnosticsManager]  [classpath + loader.0] file:/home/andrea/Scrivania/springExample/neo4j-community-2.3.1/lib/scala-reflect-2.11.7.jar
2016-03-16 09:36:42.955+0000 INFO  [o.n.k.i.DiagnosticsManager]  [loader.1] file:/usr/lib/jvm/java-7-openjdk-amd64/jre/lib/ext/localedata.jar
2016-03-16 09:36:42.955+0000 INFO  [o.n.k.i.DiagnosticsManager]  [classpath + loader.0] file:/home/andrea/Scrivania/springExample/neo4j-community-2.3.1/lib/neo4j-consistency-check-2.3.1.jar
2016-03-16 09:36:42.955+0000 INFO  [o.n.k.i.DiagnosticsManager] Library path:
2016-03-16 09:36:42.955+0000 INFO  [o.n.k.i.DiagnosticsManager] /usr/java/packages/lib/amd64
2016-03-16 09:36:42.955+0000 INFO  [o.n.k.i.DiagnosticsManager] /usr/lib/x86_64-linux-gnu/jni
2016-03-16 09:36:42.955+0000 INFO  [o.n.k.i.DiagnosticsManager] /lib/x86_64-linux-gnu
2016-03-16 09:36:42.955+0000 INFO  [o.n.k.i.DiagnosticsManager] /usr/lib/x86_64-linux-gnu
2016-03-16 09:36:42.955+0000 INFO  [o.n.k.i.DiagnosticsManager] /usr/lib/jni
2016-03-16 09:36:42.955+0000 INFO  [o.n.k.i.DiagnosticsManager] /lib
2016-03-16 09:36:42.955+0000 INFO  [o.n.k.i.DiagnosticsManager] /usr/lib
2016-03-16 09:36:42.955+0000 INFO  [o.n.k.i.DiagnosticsManager] System.properties:
2016-03-16 09:36:42.955+0000 INFO  [o.n.k.i.DiagnosticsManager] sun.boot.library.path = /usr/lib/jvm/java-7-openjdk-amd64/jre/lib/amd64
2016-03-16 09:36:42.955+0000 INFO  [o.n.k.i.DiagnosticsManager] path.separator = :
2016-03-16 09:36:42.955+0000 INFO  [o.n.k.i.DiagnosticsManager] file.encoding.pkg = sun.io
2016-03-16 09:36:42.955+0000 INFO  [o.n.k.i.DiagnosticsManager] user.country = IT
2016-03-16 09:36:42.955+0000 INFO  [o.n.k.i.DiagnosticsManager] sun.java.launcher = SUN_STANDARD
2016-03-16 09:36:42.955+0000 INFO  [o.n.k.i.DiagnosticsManager] sun.os.patch.level = unknown
2016-03-16 09:36:42.955+0000 INFO  [o.n.k.i.DiagnosticsManager] user.dir = /home/andrea/Scrivania/springExample/ZanellaProjectLast
2016-03-16 09:36:42.955+0000 INFO  [o.n.k.i.DiagnosticsManager] sun.jnu.encoding = UTF-8
2016-03-16 09:36:42.956+0000 INFO  [o.n.k.i.DiagnosticsManager] sun.management.compiler = HotSpot 64-Bit Tiered Compilers
2016-03-16 09:36:42.956+0000 INFO  [o.n.k.i.DiagnosticsManager] user.home = /home/andrea
2016-03-16 09:36:42.956+0000 INFO  [o.n.k.i.DiagnosticsManager] user.timezone = Europe/Rome
2016-03-16 09:36:42.956+0000 INFO  [o.n.k.i.DiagnosticsManager] file.encoding = UTF-8
2016-03-16 09:36:42.956+0000 INFO  [o.n.k.i.DiagnosticsManager] user.name = andrea
2016-03-16 09:36:42.956+0000 INFO  [o.n.k.i.DiagnosticsManager] sun.java.command = main.Main
2016-03-16 09:36:42.956+0000 INFO  [o.n.k.i.DiagnosticsManager] sun.arch.data.model = 64
2016-03-16 09:36:42.956+0000 INFO  [o.n.k.i.DiagnosticsManager] user.language = it
2016-03-16 09:36:42.956+0000 INFO  [o.n.k.i.DiagnosticsManager] awt.toolkit = sun.awt.X11.XToolkit
2016-03-16 09:36:42.956+0000 INFO  [o.n.k.i.DiagnosticsManager] file.separator = /
2016-03-16 09:36:42.956+0000 INFO  [o.n.k.i.DiagnosticsManager] sun.io.unicode.encoding = UnicodeLittle
2016-03-16 09:36:42.956+0000 INFO  [o.n.k.i.DiagnosticsManager] sun.cpu.endian = little
2016-03-16 09:36:42.956+0000 INFO  [o.n.k.i.DiagnosticsManager] sun.desktop = gnome
2016-03-16 09:36:42.956+0000 INFO  [o.n.k.i.DiagnosticsManager] sun.cpu.isalist = 
2016-03-16 09:36:42.956+0000 INFO  [o.n.k.i.DiagnosticsManager] Linux scheduler information:
2016-03-16 09:36:42.956+0000 INFO  [o.n.k.i.DiagnosticsManager] noop [deadline] cfq 
2016-03-16 09:36:42.957+0000 INFO  [o.n.k.i.DiagnosticsManager] noop [deadline] cfq 
2016-03-16 09:36:42.957+0000 INFO  [o.n.k.i.DiagnosticsManager] none
2016-03-16 09:36:42.957+0000 INFO  [o.n.k.i.DiagnosticsManager] none
2016-03-16 09:36:42.957+0000 INFO  [o.n.k.i.DiagnosticsManager] none
2016-03-16 09:36:42.957+0000 INFO  [o.n.k.i.DiagnosticsManager] none
2016-03-16 09:36:42.957+0000 INFO  [o.n.k.i.DiagnosticsManager] none
2016-03-16 09:36:42.957+0000 INFO  [o.n.k.i.DiagnosticsManager] none
2016-03-16 09:36:42.957+0000 INFO  [o.n.k.i.DiagnosticsManager] none
2016-03-16 09:36:42.957+0000 INFO  [o.n.k.i.DiagnosticsManager] none
2016-03-16 09:36:42.957+0000 INFO  [o.n.k.i.DiagnosticsManager] none
2016-03-16 09:36:42.957+0000 INFO  [o.n.k.i.DiagnosticsManager] none
2016-03-16 09:36:42.958+0000 INFO  [o.n.k.i.DiagnosticsManager] none
2016-03-16 09:36:42.958+0000 INFO  [o.n.k.i.DiagnosticsManager] none
2016-03-16 09:36:42.958+0000 INFO  [o.n.k.i.DiagnosticsManager] none
2016-03-16 09:36:42.958+0000 INFO  [o.n.k.i.DiagnosticsManager] none
2016-03-16 09:36:42.958+0000 INFO  [o.n.k.i.DiagnosticsManager] none
2016-03-16 09:36:42.958+0000 INFO  [o.n.k.i.DiagnosticsManager] none
2016-03-16 09:36:42.958+0000 INFO  [o.n.k.i.DiagnosticsManager] none
2016-03-16 09:36:42.958+0000 INFO  [o.n.k.i.DiagnosticsManager] none
2016-03-16 09:36:42.959+0000 INFO  [o.n.k.i.DiagnosticsManager] none
2016-03-16 09:36:42.959+0000 INFO  [o.n.k.i.DiagnosticsManager] none
2016-03-16 09:36:42.959+0000 INFO  [o.n.k.i.DiagnosticsManager] none
2016-03-16 09:36:42.959+0000 INFO  [o.n.k.i.DiagnosticsManager] none
2016-03-16 09:36:42.959+0000 INFO  [o.n.k.i.DiagnosticsManager] none
2016-03-16 09:36:42.959+0000 INFO  [o.n.k.i.DiagnosticsManager] none
2016-03-16 09:36:42.959+0000 INFO  [o.n.k.i.DiagnosticsManager] Network information:
2016-03-16 09:36:42.959+0000 INFO  [o.n.k.i.DiagnosticsManager] Interface docker0:
2016-03-16 09:36:42.959+0000 INFO  [o.n.k.i.DiagnosticsManager]     address: 172.17.0.1
2016-03-16 09:36:42.959+0000 INFO  [o.n.k.i.DiagnosticsManager] Interface wlan0:
2016-03-16 09:36:42.960+0000 INFO  [o.n.k.i.DiagnosticsManager]     address: fe80:0:0:0:2e33:7aff:fe4e:ebc5%3
2016-03-16 09:36:42.960+0000 INFO  [o.n.k.i.DiagnosticsManager]     address: 10.0.12.139
2016-03-16 09:36:42.960+0000 INFO  [o.n.k.i.DiagnosticsManager] Interface lo:
2016-03-16 09:36:42.960+0000 INFO  [o.n.k.i.DiagnosticsManager]     address: 0:0:0:0:0:0:0:1%1
2016-03-16 09:36:42.960+0000 INFO  [o.n.k.i.DiagnosticsManager]     address: 127.0.0.1
2016-03-16 09:36:42.960+0000 INFO  [o.n.k.i.DiagnosticsManager] --- INITIALIZED diagnostics END ---
2016-03-16 09:36:45.282+0000 INFO  [o.n.k.a.i.i.LuceneLabelScanStore] No lucene scan store index found, this might just be first use. Preparing to rebuild.
2016-03-16 09:36:45.284+0000 INFO  [o.n.k.NeoStoreDataSource] Opened logical log [/home/andrea/Scrivania/springExample/ZanellaProjectLast/dbBad/dbSyncro/neostore.transaction.db.0] version=0, lastTxId=1 (clean)
2016-03-16 09:36:45.284+0000 WARN  [o.n.k.i.s.MetaDataStore] Missing counts store, rebuilding it.
2016-03-16 09:36:45.974+0000 INFO  [o.n.k.a.i.i.LuceneLabelScanStore] Rebuilding lucene scan store, this may take a while
2016-03-16 09:36:45.974+0000 INFO  [o.n.k.a.i.i.LuceneLabelScanStore] Lucene scan store rebuilt (roughly -1 nodes)
2016-03-16 09:36:45.974+0000 INFO  [o.n.k.KernelHealth] Kernel health set to OK
2016-03-16 09:36:45.976+0000 INFO  [o.n.k.AvailabilityGuard] Fulfilling of requirement makes database available: Database available
2016-03-16 09:36:45.976+0000 INFO  [o.n.k.i.f.CommunityFacadeFactory] Database is now ready
2016-03-16 09:36:45.976+0000 INFO  [o.n.k.i.DiagnosticsManager] --- STARTED diagnostics for KernelDiagnostics:Versions START ---
2016-03-16 09:36:45.976+0000 INFO  [o.n.k.i.DiagnosticsManager] Graph Database: Community StoreId{creationTime=1458121005219, randomId=-4222798333064986228, storeVersion=15250506225055238, upgradeTime=1458121005219, upgradeId=1}
2016-03-16 09:36:45.976+0000 INFO  [o.n.k.i.DiagnosticsManager] Kernel version: 2.3.1,dd67f90
2016-03-16 09:36:45.976+0000 INFO  [o.n.k.i.DiagnosticsManager] --- STARTED diagnostics for KernelDiagnostics:Versions END ---
2016-03-16 09:36:45.977+0000 INFO  [o.n.k.i.DiagnosticsManager] --- STARTED diagnostics for NEO_STORE_VERSIONS START ---
2016-03-16 09:36:45.977+0000 INFO  [o.n.k.i.DiagnosticsManager] Store versions:
2016-03-16 09:36:45.977+0000 INFO  [o.n.k.i.DiagnosticsManager] Store versions:
2016-03-16 09:36:45.977+0000 INFO  [o.n.k.i.DiagnosticsManager] ArrayPropertyStore v0.A.6
2016-03-16 09:36:45.977+0000 INFO  [o.n.k.i.DiagnosticsManager] NodeStore v0.A.6
2016-03-16 09:36:45.977+0000 INFO  [o.n.k.i.DiagnosticsManager] StringPropertyStore v0.A.6
2016-03-16 09:36:45.977+0000 INFO  [o.n.k.i.DiagnosticsManager] PropertyIndexStore v0.A.6
2016-03-16 09:36:45.977+0000 INFO  [o.n.k.i.DiagnosticsManager] StringPropertyStore v0.A.6
2016-03-16 09:36:45.977+0000 INFO  [o.n.k.i.DiagnosticsManager] ArrayPropertyStore v0.A.6
2016-03-16 09:36:45.977+0000 INFO  [o.n.k.i.DiagnosticsManager] PropertyStore v0.A.6
2016-03-16 09:36:45.977+0000 INFO  [o.n.k.i.DiagnosticsManager] RelationshipStore v0.A.6
2016-03-16 09:36:45.977+0000 INFO  [o.n.k.i.DiagnosticsManager] StringPropertyStore v0.A.6
2016-03-16 09:36:45.977+0000 INFO  [o.n.k.i.DiagnosticsManager] RelationshipTypeStore v0.A.6
2016-03-16 09:36:45.977+0000 INFO  [o.n.k.i.DiagnosticsManager] StringPropertyStore v0.A.6
2016-03-16 09:36:45.977+0000 INFO  [o.n.k.i.DiagnosticsManager] LabelTokenStore v0.A.6
2016-03-16 09:36:45.977+0000 INFO  [o.n.k.i.DiagnosticsManager] SchemaStore v0.A.6
2016-03-16 09:36:45.977+0000 INFO  [o.n.k.i.DiagnosticsManager] RelationshipGroupStore v0.A.6
2016-03-16 09:36:45.977+0000 INFO  [o.n.k.i.DiagnosticsManager] NeoStore v0.A.6
2016-03-16 09:36:45.978+0000 INFO  [o.n.k.i.DiagnosticsManager] --- STARTED diagnostics for NEO_STORE_VERSIONS END ---
2016-03-16 09:36:45.978+0000 INFO  [o.n.k.i.DiagnosticsManager] --- STARTED diagnostics for NEO_STORE_ID_USAGE START ---
2016-03-16 09:36:45.978+0000 INFO  [o.n.k.i.DiagnosticsManager] Id usage:
2016-03-16 09:36:45.978+0000 INFO  [o.n.k.i.DiagnosticsManager] Id usage:
2016-03-16 09:36:45.978+0000 INFO  [o.n.k.i.DiagnosticsManager]   ArrayPropertyStore v0.A.6: used=1 high=0
2016-03-16 09:36:45.978+0000 INFO  [o.n.k.i.DiagnosticsManager]   NodeStore v0.A.6: used=0 high=-1
2016-03-16 09:36:45.978+0000 INFO  [o.n.k.i.DiagnosticsManager]   StringPropertyStore v0.A.6: used=1 high=0
2016-03-16 09:36:45.978+0000 INFO  [o.n.k.i.DiagnosticsManager]   PropertyIndexStore v0.A.6: used=0 high=-1
2016-03-16 09:36:45.978+0000 INFO  [o.n.k.i.DiagnosticsManager]   StringPropertyStore v0.A.6: used=1 high=0
2016-03-16 09:36:45.978+0000 INFO  [o.n.k.i.DiagnosticsManager]   ArrayPropertyStore v0.A.6: used=1 high=0
2016-03-16 09:36:45.979+0000 INFO  [o.n.k.i.DiagnosticsManager]   PropertyStore v0.A.6: used=0 high=-1
2016-03-16 09:36:45.979+0000 INFO  [o.n.k.i.DiagnosticsManager]   RelationshipStore v0.A.6: used=0 high=-1
2016-03-16 09:36:45.979+0000 INFO  [o.n.k.i.DiagnosticsManager]   StringPropertyStore v0.A.6: used=1 high=0
2016-03-16 09:36:45.979+0000 INFO  [o.n.k.i.DiagnosticsManager]   RelationshipTypeStore v0.A.6: used=0 high=-1
2016-03-16 09:36:45.979+0000 INFO  [o.n.k.i.DiagnosticsManager]   StringPropertyStore v0.A.6: used=1 high=0
2016-03-16 09:36:45.979+0000 INFO  [o.n.k.i.DiagnosticsManager]   LabelTokenStore v0.A.6: used=0 high=-1
2016-03-16 09:36:45.979+0000 INFO  [o.n.k.i.DiagnosticsManager]   SchemaStore v0.A.6: used=1 high=0
2016-03-16 09:36:45.979+0000 INFO  [o.n.k.i.DiagnosticsManager]   RelationshipGroupStore v0.A.6: used=1 high=0
2016-03-16 09:36:45.979+0000 INFO  [o.n.k.i.DiagnosticsManager]   NeoStore v0.A.6: used=13 high=12
2016-03-16 09:36:45.980+0000 INFO  [o.n.k.i.DiagnosticsManager] --- STARTED diagnostics for NEO_STORE_ID_USAGE END ---
2016-03-16 09:36:45.980+0000 INFO  [o.n.k.i.DiagnosticsManager] --- STARTED diagnostics for NEO_STORE_RECORDS START ---
2016-03-16 09:36:45.980+0000 INFO  [o.n.k.i.DiagnosticsManager] Neostore records:
2016-03-16 09:36:45.980+0000 INFO  [o.n.k.i.DiagnosticsManager] TIME (Creation time): 1458121005219
2016-03-16 09:36:45.980+0000 INFO  [o.n.k.i.DiagnosticsManager] RANDOM_NUMBER (Random number for store id): -4222798333064986228
2016-03-16 09:36:45.980+0000 INFO  [o.n.k.i.DiagnosticsManager] LOG_VERSION (Current log version): 0
2016-03-16 09:36:45.980+0000 INFO  [o.n.k.i.DiagnosticsManager] LAST_TRANSACTION_ID (Last committed transaction): 1
2016-03-16 09:36:45.980+0000 INFO  [o.n.k.i.DiagnosticsManager] STORE_VERSION (Store format version): 15250506225055238
2016-03-16 09:36:45.980+0000 INFO  [o.n.k.i.DiagnosticsManager] FIRST_GRAPH_PROPERTY (First property record containing graph properties): -1
2016-03-16 09:36:45.980+0000 INFO  [o.n.k.i.DiagnosticsManager] LAST_CONSTRAINT_TRANSACTION (Last committed transaction containing constraint changes): 0
2016-03-16 09:36:45.980+0000 INFO  [o.n.k.i.DiagnosticsManager] UPGRADE_TRANSACTION_ID (Transaction id most recent upgrade was performed at): 1
2016-03-16 09:36:45.980+0000 INFO  [o.n.k.i.DiagnosticsManager] UPGRADE_TIME (Time of last upgrade): 1458121005219
2016-03-16 09:36:45.980+0000 INFO  [o.n.k.i.DiagnosticsManager] LAST_TRANSACTION_CHECKSUM (Checksum of last committed transaction): 0
2016-03-16 09:36:45.980+0000 INFO  [o.n.k.i.DiagnosticsManager] UPGRADE_TRANSACTION_CHECKSUM (Checksum of transaction id the most recent upgrade was performed at): 0
2016-03-16 09:36:45.980+0000 INFO  [o.n.k.i.DiagnosticsManager] LAST_CLOSED_TRANSACTION_LOG_VERSION (Log version where the last transaction commit entry has been written into): 0
2016-03-16 09:36:45.980+0000 INFO  [o.n.k.i.DiagnosticsManager] LAST_CLOSED_TRANSACTION_LOG_BYTE_OFFSET (Byte offset in the log file where the last transaction commit entry has been written into): 16
2016-03-16 09:36:45.980+0000 INFO  [o.n.k.i.DiagnosticsManager] --- STARTED diagnostics for NEO_STORE_RECORDS END ---
2016-03-16 09:36:45.981+0000 INFO  [o.n.k.i.DiagnosticsManager] --- STARTED diagnostics for TRANSACTION_RANGE START ---
2016-03-16 09:36:45.981+0000 INFO  [o.n.k.i.DiagnosticsManager] Transaction log:
2016-03-16 09:36:45.981+0000 INFO  [o.n.k.i.DiagnosticsManager] No transactions found in any log
2016-03-16 09:36:45.981+0000 INFO  [o.n.k.i.DiagnosticsManager] --- STARTED diagnostics for TRANSACTION_RANGE END ---
2016-03-16 09:36:45.981+0000 INFO  [o.n.k.i.DiagnosticsManager] --- STARTED diagnostics for KernelDiagnostics:StoreFiles START ---
2016-03-16 09:36:45.981+0000 INFO  [o.n.k.i.DiagnosticsManager] Disk space on partition (Total / Free / Free %): 286945980416 / 177700110336 / 61
Storage files: (filename : modification date - size)
2016-03-16 09:36:45.982+0000 INFO  [o.n.k.i.DiagnosticsManager]   index:
2016-03-16 09:36:45.982+0000 INFO  [o.n.k.i.DiagnosticsManager]   - Total: 2016-03-16T10:36:45+0100 - 0,00 B
2016-03-16 09:36:45.982+0000 INFO  [o.n.k.i.DiagnosticsManager]   messages.log: 2016-03-16T10:36:45+0100 - 26,86 kB
2016-03-16 09:36:45.982+0000 INFO  [o.n.k.i.DiagnosticsManager]   neostore: 2016-03-16T10:36:45+0100 - 8,00 kB
2016-03-16 09:36:45.982+0000 INFO  [o.n.k.i.DiagnosticsManager]   neostore.counts.db.a: 2016-03-16T10:36:45+0100 - 96,00 B
2016-03-16 09:36:45.983+0000 INFO  [o.n.k.i.DiagnosticsManager]   neostore.id: 2016-03-16T10:36:45+0100 - 9,00 B
2016-03-16 09:36:45.983+0000 INFO  [o.n.k.i.DiagnosticsManager]   neostore.labeltokenstore.db: 2016-03-16T10:36:44+0100 - 0,00 B
2016-03-16 09:36:45.983+0000 INFO  [o.n.k.i.DiagnosticsManager]   neostore.labeltokenstore.db.id: 2016-03-16T10:36:44+0100 - 9,00 B
2016-03-16 09:36:45.983+0000 INFO  [o.n.k.i.DiagnosticsManager]   neostore.labeltokenstore.db.names: 2016-03-16T10:36:44+0100 - 8,00 kB
2016-03-16 09:36:45.983+0000 INFO  [o.n.k.i.DiagnosticsManager]   neostore.labeltokenstore.db.names.id: 2016-03-16T10:36:44+0100 - 9,00 B
2016-03-16 09:36:45.984+0000 INFO  [o.n.k.i.DiagnosticsManager]   neostore.nodestore.db: 2016-03-16T10:36:43+0100 - 0,00 B
2016-03-16 09:36:45.984+0000 INFO  [o.n.k.i.DiagnosticsManager]   neostore.nodestore.db.id: 2016-03-16T10:36:43+0100 - 9,00 B
2016-03-16 09:36:45.984+0000 INFO  [o.n.k.i.DiagnosticsManager]   neostore.nodestore.db.labels: 2016-03-16T10:36:42+0100 - 8,00 kB
2016-03-16 09:36:45.984+0000 INFO  [o.n.k.i.DiagnosticsManager]   neostore.nodestore.db.labels.id: 2016-03-16T10:36:43+0100 - 9,00 B
2016-03-16 09:36:45.984+0000 INFO  [o.n.k.i.DiagnosticsManager]   neostore.propertystore.db: 2016-03-16T10:36:43+0100 - 0,00 B
2016-03-16 09:36:45.985+0000 INFO  [o.n.k.i.DiagnosticsManager]   neostore.propertystore.db.arrays: 2016-03-16T10:36:43+0100 - 8,00 kB
2016-03-16 09:36:45.985+0000 INFO  [o.n.k.i.DiagnosticsManager]   neostore.propertystore.db.arrays.id: 2016-03-16T10:36:43+0100 - 9,00 B
2016-03-16 09:36:45.985+0000 INFO  [o.n.k.i.DiagnosticsManager]   neostore.propertystore.db.id: 2016-03-16T10:36:43+0100 - 9,00 B
2016-03-16 09:36:45.985+0000 INFO  [o.n.k.i.DiagnosticsManager]   neostore.propertystore.db.index: 2016-03-16T10:36:43+0100 - 0,00 B
2016-03-16 09:36:45.986+0000 INFO  [o.n.k.i.DiagnosticsManager]   neostore.propertystore.db.index.id: 2016-03-16T10:36:43+0100 - 9,00 B
2016-03-16 09:36:45.986+0000 INFO  [o.n.k.i.DiagnosticsManager]   neostore.propertystore.db.index.keys: 2016-03-16T10:36:43+0100 - 8,00 kB
2016-03-16 09:36:45.986+0000 INFO  [o.n.k.i.DiagnosticsManager]   neostore.propertystore.db.index.keys.id: 2016-03-16T10:36:43+0100 - 9,00 B
2016-03-16 09:36:45.986+0000 INFO  [o.n.k.i.DiagnosticsManager]   neostore.propertystore.db.strings: 2016-03-16T10:36:43+0100 - 8,00 kB
2016-03-16 09:36:45.986+0000 INFO  [o.n.k.i.DiagnosticsManager]   neostore.propertystore.db.strings.id: 2016-03-16T10:36:43+0100 - 9,00 B
2016-03-16 09:36:45.987+0000 INFO  [o.n.k.i.DiagnosticsManager]   neostore.relationshipgroupstore.db: 2016-03-16T10:36:45+0100 - 8,00 kB
2016-03-16 09:36:45.987+0000 INFO  [o.n.k.i.DiagnosticsManager]   neostore.relationshipgroupstore.db.id: 2016-03-16T10:36:45+0100 - 9,00 B
2016-03-16 09:36:45.987+0000 INFO  [o.n.k.i.DiagnosticsManager]   neostore.relationshipstore.db: 2016-03-16T10:36:43+0100 - 0,00 B
2016-03-16 09:36:45.987+0000 INFO  [o.n.k.i.DiagnosticsManager]   neostore.relationshipstore.db.id: 2016-03-16T10:36:43+0100 - 9,00 B
2016-03-16 09:36:45.987+0000 INFO  [o.n.k.i.DiagnosticsManager]   neostore.relationshiptypestore.db: 2016-03-16T10:36:44+0100 - 0,00 B
2016-03-16 09:36:45.988+0000 INFO  [o.n.k.i.DiagnosticsManager]   neostore.relationshiptypestore.db.id: 2016-03-16T10:36:44+0100 - 9,00 B
2016-03-16 09:36:45.988+0000 INFO  [o.n.k.i.DiagnosticsManager]   neostore.relationshiptypestore.db.names: 2016-03-16T10:36:44+0100 - 8,00 kB
2016-03-16 09:36:45.988+0000 INFO  [o.n.k.i.DiagnosticsManager]   neostore.relationshiptypestore.db.names.id: 2016-03-16T10:36:44+0100 - 9,00 B
2016-03-16 09:36:45.988+0000 INFO  [o.n.k.i.DiagnosticsManager]   neostore.schemastore.db: 2016-03-16T10:36:44+0100 - 8,00 kB
2016-03-16 09:36:45.988+0000 INFO  [o.n.k.i.DiagnosticsManager]   neostore.schemastore.db.id: 2016-03-16T10:36:45+0100 - 9,00 B
2016-03-16 09:36:45.989+0000 INFO  [o.n.k.i.DiagnosticsManager]   neostore.transaction.db.0: 2016-03-16T10:36:45+0100 - 16,00 B
2016-03-16 09:36:45.989+0000 INFO  [o.n.k.i.DiagnosticsManager]   schema:
2016-03-16 09:36:45.989+0000 INFO  [o.n.k.i.DiagnosticsManager]     label:
2016-03-16 09:36:45.989+0000 INFO  [o.n.k.i.DiagnosticsManager]       lucene:
2016-03-16 09:36:45.989+0000 INFO  [o.n.k.i.DiagnosticsManager]         write.lock: 2016-03-16T10:36:45+0100 - 0,00 B
2016-03-16 09:36:45.989+0000 INFO  [o.n.k.i.DiagnosticsManager]       - Total: 2016-03-16T10:36:45+0100 - 0,00 B
2016-03-16 09:36:45.989+0000 INFO  [o.n.k.i.DiagnosticsManager]     - Total: 2016-03-16T10:36:45+0100 - 0,00 B
2016-03-16 09:36:45.990+0000 INFO  [o.n.k.i.DiagnosticsManager]   - Total: 2016-03-16T10:36:45+0100 - 0,00 B
2016-03-16 09:36:45.990+0000 INFO  [o.n.k.i.DiagnosticsManager]   store_lock: 2016-03-16T10:36:42+0100 - 0,00 B
2016-03-16 09:36:45.990+0000 INFO  [o.n.k.i.DiagnosticsManager] --- STARTED diagnostics for KernelDiagnostics:StoreFiles END ---
2016-03-16 09:37:07.629+0000 INFO  [o.n.k.i.f.CommunityFacadeFactory] No locking implementation specified, defaulting to 'community'
2016-03-16 09:37:07.754+0000 INFO  [o.n.k.AvailabilityGuard] Requirement makes database unavailable: Database available
2016-03-16 09:37:07.760+0000 INFO  [o.n.k.i.DiagnosticsManager] --- INITIALIZED diagnostics START ---
2016-03-16 09:37:07.760+0000 INFO  [o.n.k.i.DiagnosticsManager] Neo4j Kernel properties:
2016-03-16 09:37:07.760+0000 INFO  [o.n.k.i.DiagnosticsManager] org.neo4j.server.webserver.https.keystore.location=data/keystore
2016-03-16 09:37:07.760+0000 INFO  [o.n.k.i.DiagnosticsManager] org.neo4j.server.db.tuning.properties=conf/neo4j.properties
2016-03-16 09:37:07.760+0000 INFO  [o.n.k.i.DiagnosticsManager] org.neo4j.server.database.location=/home/andrea/Scrivania/springExample/ZanellaProjectLast/dbBad/dbSyncro
2016-03-16 09:37:07.760+0000 INFO  [o.n.k.i.DiagnosticsManager] org.neo4j.server.webserver.port=7474
2016-03-16 09:37:07.760+0000 INFO  [o.n.k.i.DiagnosticsManager] org.neo4j.server.http.log.config=conf/neo4j-http-logging.xml
2016-03-16 09:37:07.760+0000 INFO  [o.n.k.i.DiagnosticsManager] dbms.querylog.filename=data/log/queries.log
2016-03-16 09:37:07.760+0000 INFO  [o.n.k.i.DiagnosticsManager] org.neo4j.server.webserver.https.enabled=true
2016-03-16 09:37:07.761+0000 INFO  [o.n.k.i.DiagnosticsManager] org.neo4j.server.http.log.enabled=false
2016-03-16 09:37:07.761+0000 INFO  [o.n.k.i.DiagnosticsManager] dbms.security.tls_certificate_file=conf/ssl/snakeoil.cert
2016-03-16 09:37:07.761+0000 INFO  [o.n.k.i.DiagnosticsManager] org.neo4j.server.webserver.https.port=7473
2016-03-16 09:37:07.761+0000 INFO  [o.n.k.i.DiagnosticsManager] org.neo4j.server.webadmin.rrdb.location=data/rrd
2016-03-16 09:37:07.761+0000 INFO  [o.n.k.i.DiagnosticsManager] remote_shell_enabled=true
2016-03-16 09:37:07.761+0000 INFO  [o.n.k.i.DiagnosticsManager] edition=Community
2016-03-16 09:37:07.761+0000 INFO  [o.n.k.i.DiagnosticsManager] dbms.security.tls_key_file=conf/ssl/snakeoil.key
2016-03-16 09:37:07.761+0000 INFO  [o.n.k.i.DiagnosticsManager] dbms.security.auth_enabled=false
2016-03-16 09:37:07.761+0000 INFO  [o.n.k.i.DiagnosticsManager] Diagnostics providers:
2016-03-16 09:37:07.761+0000 INFO  [o.n.k.i.DiagnosticsManager] org.neo4j.kernel.configuration.Config
2016-03-16 09:37:07.761+0000 INFO  [o.n.k.i.DiagnosticsManager] org.neo4j.kernel.info.DiagnosticsManager
2016-03-16 09:37:07.761+0000 INFO  [o.n.k.i.DiagnosticsManager] SYSTEM_MEMORY
2016-03-16 09:37:07.762+0000 INFO  [o.n.k.i.DiagnosticsManager] JAVA_MEMORY
2016-03-16 09:37:07.762+0000 INFO  [o.n.k.i.DiagnosticsManager] OPERATING_SYSTEM
2016-03-16 09:37:07.762+0000 INFO  [o.n.k.i.DiagnosticsManager] JAVA_VIRTUAL_MACHINE
2016-03-16 09:37:07.762+0000 INFO  [o.n.k.i.DiagnosticsManager] CLASSPATH
2016-03-16 09:37:07.762+0000 INFO  [o.n.k.i.DiagnosticsManager] LIBRARY_PATH
2016-03-16 09:37:07.762+0000 INFO  [o.n.k.i.DiagnosticsManager] SYSTEM_PROPERTIES
2016-03-16 09:37:07.762+0000 INFO  [o.n.k.i.DiagnosticsManager] LINUX_SCHEDULERS
2016-03-16 09:37:07.762+0000 INFO  [o.n.k.i.DiagnosticsManager] NETWORK
2016-03-16 09:37:07.762+0000 INFO  [o.n.k.i.DiagnosticsManager] System memory information:
2016-03-16 09:37:07.764+0000 INFO  [o.n.k.i.DiagnosticsManager] Total Physical memory: 15.60 GB
2016-03-16 09:37:07.764+0000 INFO  [o.n.k.i.DiagnosticsManager] Free Physical memory: 9.65 GB
2016-03-16 09:37:07.765+0000 INFO  [o.n.k.i.DiagnosticsManager] Committed virtual memory: 5.85 GB
2016-03-16 09:37:07.765+0000 INFO  [o.n.k.i.DiagnosticsManager] Total swap space: 15.92 GB
2016-03-16 09:37:07.765+0000 INFO  [o.n.k.i.DiagnosticsManager] Free swap space: 15.92 GB
2016-03-16 09:37:07.765+0000 INFO  [o.n.k.i.DiagnosticsManager] JVM memory information:
2016-03-16 09:37:07.765+0000 INFO  [o.n.k.i.DiagnosticsManager] Free  memory: 180.67 MB
2016-03-16 09:37:07.765+0000 INFO  [o.n.k.i.DiagnosticsManager] Total memory: 250.00 MB
2016-03-16 09:37:07.766+0000 INFO  [o.n.k.i.DiagnosticsManager] Max   memory: 3.90 GB
2016-03-16 09:37:07.767+0000 INFO  [o.n.k.i.DiagnosticsManager] Garbage Collector: G1 Young Generation: [G1 Eden Space, G1 Survivor Space]
2016-03-16 09:37:07.767+0000 INFO  [o.n.k.i.DiagnosticsManager] Garbage Collector: G1 Old Generation: [G1 Eden Space, G1 Survivor Space, G1 Old Gen, G1 Perm Gen]
2016-03-16 09:37:07.768+0000 INFO  [o.n.k.i.DiagnosticsManager] Memory Pool: Code Cache (Non-heap memory): committed=2.44 MB, used=773.00 kB, max=48.00 MB, threshold=0.00 B
2016-03-16 09:37:07.768+0000 INFO  [o.n.k.i.DiagnosticsManager] Memory Pool: G1 Eden Space (Heap memory): committed=9.00 MB, used=4.00 MB, max=-1.00 B, threshold=?
2016-03-16 09:37:07.768+0000 INFO  [o.n.k.i.DiagnosticsManager] Memory Pool: G1 Survivor Space (Heap memory): committed=4.00 MB, used=4.00 MB, max=-1.00 B, threshold=?
2016-03-16 09:37:07.769+0000 INFO  [o.n.k.i.DiagnosticsManager] Memory Pool: G1 Old Gen (Heap memory): committed=237.00 MB, used=60.92 MB, max=3.90 GB, threshold=0.00 B
2016-03-16 09:37:07.769+0000 INFO  [o.n.k.i.DiagnosticsManager] Memory Pool: G1 Perm Gen (Non-heap memory): committed=20.00 MB, used=12.79 MB, max=166.00 MB, threshold=0.00 B
2016-03-16 09:37:07.769+0000 INFO  [o.n.k.i.DiagnosticsManager] Operating system information:
2016-03-16 09:37:07.770+0000 INFO  [o.n.k.i.DiagnosticsManager] Operating System: Linux; version: 3.19.0-47-generic; arch: amd64; cpus: 4
2016-03-16 09:37:07.770+0000 INFO  [o.n.k.i.DiagnosticsManager] Max number of file descriptors: 64.00 kB
2016-03-16 09:37:07.770+0000 INFO  [o.n.k.i.DiagnosticsManager] Number of open file descriptors: 87.00 B
2016-03-16 09:37:07.772+0000 INFO  [o.n.k.i.DiagnosticsManager] Process id: 4485@andrea-HP-Pavilion-15-Notebook-PC
2016-03-16 09:37:07.772+0000 INFO  [o.n.k.i.DiagnosticsManager] Byte order: LITTLE_ENDIAN
2016-03-16 09:37:07.773+0000 INFO  [o.n.k.i.DiagnosticsManager] Local timezone: Europe/Rome
2016-03-16 09:37:07.773+0000 INFO  [o.n.k.i.DiagnosticsManager] JVM information:
2016-03-16 09:37:07.773+0000 INFO  [o.n.k.i.DiagnosticsManager] VM Name: OpenJDK 64-Bit Server VM
2016-03-16 09:37:07.773+0000 INFO  [o.n.k.i.DiagnosticsManager] VM Vendor: Oracle Corporation
2016-03-16 09:37:07.773+0000 INFO  [o.n.k.i.DiagnosticsManager] VM Version: 24.95-b01
2016-03-16 09:37:07.773+0000 INFO  [o.n.k.i.DiagnosticsManager] JIT compiler: HotSpot 64-Bit Tiered Compilers
2016-03-16 09:37:07.773+0000 INFO  [o.n.k.i.DiagnosticsManager] VM Arguments: [-XX:+DisableExplicitGC, -Dorg.neo4j.server.properties=conf/neo4j-server.properties, -Dlog4j.configuration=file:conf/log4j.properties, -XX:+UseG1GC, -XX:-OmitStackTraceInFastThrow, -XX:hashCode=5, -Dneo4j.ext.udc.source=tarball, -Dneo4j.home=/home/andrea/Scrivania/springExample/neo4j-community-2.3.1, -Dneo4j.instance=/home/andrea/Scrivania/springExample/neo4j-community-2.3.1, -Dfile.encoding=UTF-8]
2016-03-16 09:37:07.773+0000 INFO  [o.n.k.i.DiagnosticsManager] Java classpath:
2016-03-16 09:37:07.775+0000 INFO  [o.n.k.i.DiagnosticsManager]  [loader.1] file:/usr/lib/jvm/java-7-openjdk-amd64/jre/lib/ext/libatk-wrapper.so
2016-03-16 09:37:07.775+0000 INFO  [o.n.k.i.DiagnosticsManager]  [classpath + loader.0] file:/home/andrea/Scrivania/springExample/neo4j-community-2.3.1/lib/neo4j-shell-2.3.1.jar
2016-03-16 09:37:07.775+0000 INFO  [o.n.k.i.DiagnosticsManager]  [classpath + loader.0] file:/home/andrea/Scrivania/springExample/neo4j-community-2.3.1/lib/neo4j-codegen-2.3.1.jar
2016-03-16 09:37:07.775+0000 INFO  [o.n.k.i.DiagnosticsManager]  [classpath + loader.0] file:/home/andrea/Scrivania/springExample/neo4j-community-2.3.1/system/lib/logback-classic-1.1.2.jar
2016-03-16 09:37:07.775+0000 INFO  [o.n.k.i.DiagnosticsManager]  [classpath + loader.0] file:/home/andrea/Scrivania/springExample/neo4j-community-2.3.1/lib/neo4j-primitive-collections-2.3.1.jar
2016-03-16 09:37:07.775+0000 INFO  [o.n.k.i.DiagnosticsManager]  [classpath + loader.0] file:/home/andrea/Scrivania/springExample/neo4j-community-2.3.1/lib/commons-lang3-3.3.2.jar
2016-03-16 09:37:07.775+0000 INFO  [o.n.k.i.DiagnosticsManager]  [bootstrap] /usr/lib/jvm/java-7-openjdk-amd64/jre/lib/charsets.jar
2016-03-16 09:37:07.776+0000 INFO  [o.n.k.i.DiagnosticsManager]  [classpath + loader.0] file:/home/andrea/Scrivania/springExample/neo4j-community-2.3.1/system/lib/javax.servlet-api-3.1.0.jar
2016-03-16 09:37:07.776+0000 INFO  [o.n.k.i.DiagnosticsManager]  [bootstrap] /usr/lib/jvm/java-7-openjdk-amd64/jre/lib/sunrsasign.jar
2016-03-16 09:37:07.776+0000 INFO  [o.n.k.i.DiagnosticsManager]  [classpath + loader.0] file:/home/andrea/Scrivania/springExample/neo4j-community-2.3.1/system/lib/asm-5.0.2.jar
2016-03-16 09:37:07.776+0000 INFO  [o.n.k.i.DiagnosticsManager]  [bootstrap] /usr/lib/jvm/java-7-openjdk-amd64/jre/lib/rhino.jar
2016-03-16 09:37:07.776+0000 INFO  [o.n.k.i.DiagnosticsManager]  [loader.1] file:/usr/lib/jvm/java-7-openjdk-amd64/jre/lib/ext/zipfs.jar
2016-03-16 09:37:07.776+0000 INFO  [o.n.k.i.DiagnosticsManager]  [classpath + loader.0] file:/home/andrea/Scrivania/springExample/neo4j-community-2.3.1/lib/parboiled-scala_2.11-1.1.7.jar
2016-03-16 09:37:07.776+0000 INFO  [o.n.k.i.DiagnosticsManager]  [loader.1] file:/usr/lib/jvm/java-7-openjdk-amd64/jre/lib/ext/sunpkcs11.jar
2016-03-16 09:37:07.776+0000 INFO  [o.n.k.i.DiagnosticsManager]  [classpath + loader.0] file:/home/andrea/Scrivania/springExample/neo4j-community-2.3.1/system/lib/logback-core-1.1.2.jar
2016-03-16 09:37:07.776+0000 INFO  [o.n.k.i.DiagnosticsManager]  [loader.1] file:/usr/share/java/java-atk-wrapper.jar
2016-03-16 09:37:07.776+0000 INFO  [o.n.k.i.DiagnosticsManager]  [classpath + loader.0] file:/home/andrea/Scrivania/springExample/neo4j-community-2.3.1/system/lib/mimepull-1.9.3.jar
2016-03-16 09:37:07.776+0000 INFO  [o.n.k.i.DiagnosticsManager]  [classpath + loader.0] file:/home/andrea/Scrivania/springExample/neo4j-community-2.3.1/system/lib/jetty-io-9.2.4.v20141103.jar
2016-03-16 09:37:07.776+0000 INFO  [o.n.k.i.DiagnosticsManager]  [classpath + loader.0] file:/home/andrea/Scrivania/springExample/neo4j-community-2.3.1/system/lib/jersey-multipart-1.19.jar
2016-03-16 09:37:07.776+0000 INFO  [o.n.k.i.DiagnosticsManager]  [classpath + loader.0] file:/home/andrea/Scrivania/springExample/neo4j-community-2.3.1/lib/neo4j-unsafe-2.3.1.jar
2016-03-16 09:37:07.776+0000 INFO  [o.n.k.i.DiagnosticsManager]  [classpath + loader.0] file:/home/andrea/Scrivania/springExample/neo4j-community-2.3.1/system/lib/jackson-core-asl-1.9.13.jar
2016-03-16 09:37:07.776+0000 INFO  [o.n.k.i.DiagnosticsManager]  [classpath + loader.0] file:/home/andrea/Scrivania/springExample/neo4j-community-2.3.1/lib/neo4j-cypher-compiler-2.3-2.3.1.jar
2016-03-16 09:37:07.777+0000 INFO  [o.n.k.i.DiagnosticsManager]  [classpath + loader.0] file:/home/andrea/Scrivania/springExample/neo4j-community-2.3.1/system/lib/commons-digester-2.1.jar
2016-03-16 09:37:07.777+0000 INFO  [o.n.k.i.DiagnosticsManager]  [classpath + loader.0] file:/home/andrea/Scrivania/springExample/neo4j-community-2.3.1/system/lib/commons-configuration-1.10.jar
2016-03-16 09:37:07.777+0000 INFO  [o.n.k.i.DiagnosticsManager]  [classpath + loader.0] file:/home/andrea/Scrivania/springExample/neo4j-community-2.3.1/system/lib/neo4j-server-2.3.1.jar
2016-03-16 09:37:07.777+0000 INFO  [o.n.k.i.DiagnosticsManager]  [bootstrap] /usr/lib/jvm/java-7-openjdk-amd64/jre/lib/resources.jar
2016-03-16 09:37:07.777+0000 INFO  [o.n.k.i.DiagnosticsManager]  [classpath + loader.0] file:/home/andrea/Scrivania/springExample/neo4j-community-2.3.1/lib/neo4j-logging-2.3.1.jar
2016-03-16 09:37:07.777+0000 INFO  [o.n.k.i.DiagnosticsManager]  [classpath + loader.0] file:/home/andrea/Scrivania/springExample/neo4j-community-2.3.1/system/lib/jetty-server-9.2.4.v20141103.jar
2016-03-16 09:37:07.777+0000 INFO  [o.n.k.i.DiagnosticsManager]  [classpath + loader.0] file:/home/andrea/Scrivania/springExample/neo4j-community-2.3.1/system/lib/jetty-servlet-9.2.4.v20141103.jar
2016-03-16 09:37:07.777+0000 INFO  [o.n.k.i.DiagnosticsManager]  [classpath + loader.0] file:/home/andrea/Scrivania/springExample/neo4j-community-2.3.1/system/lib/commons-lang-2.6.jar
2016-03-16 09:37:07.777+0000 INFO  [o.n.k.i.DiagnosticsManager]  [classpath + loader.0] file:/home/andrea/Scrivania/springExample/neo4j-community-2.3.1/lib/neo4j-graph-matching-2.3.1.jar
2016-03-16 09:37:07.777+0000 INFO  [o.n.k.i.DiagnosticsManager]  [classpath + loader.0] file:/home/andrea/Scrivania/springExample/neo4j-community-2.3.1/lib/neo4j-function-2.3.1.jar
2016-03-16 09:37:07.777+0000 INFO  [o.n.k.i.DiagnosticsManager]  [classpath + loader.0] file:/home/andrea/Scrivania/springExample/neo4j-community-2.3.1/lib/jline-2.12.jar
2016-03-16 09:37:07.777+0000 INFO  [o.n.k.i.DiagnosticsManager]  [loader.1] file:/usr/lib/jvm/java-7-openjdk-amd64/jre/lib/ext/icedtea-sound.jar
2016-03-16 09:37:07.778+0000 INFO  [o.n.k.i.DiagnosticsManager]  [classpath + loader.0] file:/home/andrea/Scrivania/springExample/neo4j-community-2.3.1/lib/neo4j-cypher-compiler-2.2_2.11-2.2.6.jar
2016-03-16 09:37:07.778+0000 INFO  [o.n.k.i.DiagnosticsManager]  [classpath + loader.0] file:/home/andrea/Scrivania/springExample/neo4j-community-2.3.1/system/lib/logback-access-1.1.2.jar
2016-03-16 09:37:07.778+0000 INFO  [o.n.k.i.DiagnosticsManager]  [classpath + loader.0] file:/home/andrea/Scrivania/springExample/neo4j-community-2.3.1/system/lib/commons-beanutils-1.8.3.jar
2016-03-16 09:37:07.778+0000 INFO  [o.n.k.i.DiagnosticsManager]  [classpath + loader.0] file:/home/andrea/Scrivania/springExample/neo4j-community-2.3.1/lib/scala-parser-combinators_2.11-1.0.4.jar
2016-03-16 09:37:07.778+0000 INFO  [o.n.k.i.DiagnosticsManager]  [loader.1] file:/usr/lib/jvm/java-7-openjdk-amd64/jre/lib/ext/sunjce_provider.jar
2016-03-16 09:37:07.778+0000 INFO  [o.n.k.i.DiagnosticsManager]  [classpath + loader.0] file:/home/andrea/Scrivania/springExample/neo4j-community-2.3.1/lib/scala-library-2.11.7.jar
2016-03-16 09:37:07.778+0000 INFO  [o.n.k.i.DiagnosticsManager]  [classpath + loader.0] file:/home/andrea/Scrivania/springExample/neo4j-community-2.3.1/lib/neo4j-cypher-2.3.1.jar
2016-03-16 09:37:07.778+0000 INFO  [o.n.k.i.DiagnosticsManager]  [classpath + loader.0] file:/home/andrea/Scrivania/springExample/neo4j-community-2.3.1/lib/opencsv-2.3.jar
2016-03-16 09:37:07.778+0000 INFO  [o.n.k.i.DiagnosticsManager]  [classpath + loader.0] file:/home/andrea/Scrivania/springExample/neo4j-community-2.3.1/lib/neo4j-lucene-index-2.3.1.jar
2016-03-16 09:37:07.778+0000 INFO  [o.n.k.i.DiagnosticsManager]  [bootstrap] /usr/lib/jvm/java-7-openjdk-amd64/jre/lib/jce.jar
2016-03-16 09:37:07.778+0000 INFO  [o.n.k.i.DiagnosticsManager]  [loader.1] file:/usr/lib/jvm/java-7-openjdk-amd64/jre/lib/ext/dnsns.jar
2016-03-16 09:37:07.778+0000 INFO  [o.n.k.i.DiagnosticsManager]  [classpath + loader.0] file:/home/andrea/Scrivania/springExample/neo4j-community-2.3.1/system/lib/jersey-servlet-1.19.jar
2016-03-16 09:37:07.779+0000 INFO  [o.n.k.i.DiagnosticsManager]  [classpath + loader.0] file:/home/andrea/Scrivania/springExample/neo4j-community-2.3.1/lib/neo4j-consistency-check-legacy-2.3.1.jar
2016-03-16 09:37:07.779+0000 INFO  [o.n.k.i.DiagnosticsManager]  [classpath + loader.0] file:/home/andrea/Scrivania/springExample/neo4j-community-2.3.1/conf/
2016-03-16 09:37:07.779+0000 INFO  [o.n.k.i.DiagnosticsManager]  [classpath + loader.0] file:/home/andrea/Scrivania/springExample/neo4j-community-2.3.1/lib/server-api-2.3.1.jar
2016-03-16 09:37:07.779+0000 INFO  [o.n.k.i.DiagnosticsManager]  [classpath + loader.0] file:/home/andrea/Scrivania/springExample/neo4j-community-2.3.1/lib/neo4j-cypher-frontend-2.3-2.3.1.jar
2016-03-16 09:37:07.779+0000 INFO  [o.n.k.i.DiagnosticsManager]  [classpath + loader.0] file:/home/andrea/Scrivania/springExample/neo4j-community-2.3.1/system/lib/commons-logging-1.1.1.jar
2016-03-16 09:37:07.779+0000 INFO  [o.n.k.i.DiagnosticsManager]  [bootstrap] /usr/lib/jvm/java-7-openjdk-amd64/jre/lib/jsse.jar
2016-03-16 09:37:07.779+0000 INFO  [o.n.k.i.DiagnosticsManager]  [classpath + loader.0] file:/home/andrea/Scrivania/springExample/neo4j-community-2.3.1/lib/neo4j-import-tool-2.3.1.jar
2016-03-16 09:37:07.779+0000 INFO  [o.n.k.i.DiagnosticsManager]  [classpath + loader.0] file:/home/andrea/Scrivania/springExample/neo4j-community-2.3.1/system/lib/rrd4j-2.2.jar
2016-03-16 09:37:07.779+0000 INFO  [o.n.k.i.DiagnosticsManager]  [classpath + loader.0] file:/home/andrea/Scrivania/springExample/neo4j-community-2.3.1/system/lib/jsr311-api-1.1.2.r612.jar
2016-03-16 09:37:07.779+0000 INFO  [o.n.k.i.DiagnosticsManager]  [classpath + loader.0] file:/home/andrea/Scrivania/springExample/neo4j-community-2.3.1/system/lib/jackson-jaxrs-1.9.13.jar
2016-03-16 09:37:07.780+0000 INFO  [o.n.k.i.DiagnosticsManager]  [classpath + loader.0] file:/home/andrea/Scrivania/springExample/neo4j-community-2.3.1/lib/lucene-core-3.6.2.jar
2016-03-16 09:37:07.780+0000 INFO  [o.n.k.i.DiagnosticsManager]  [classpath + loader.0] file:/home/andrea/Scrivania/springExample/neo4j-community-2.3.1/system/lib/jetty-security-9.2.4.v20141103.jar
2016-03-16 09:37:07.780+0000 INFO  [o.n.k.i.DiagnosticsManager]  [classpath + loader.0] file:/home/andrea/Scrivania/springExample/neo4j-community-2.3.1/system/lib/neo4j-server-2.3.1-static-web.jar
2016-03-16 09:37:07.780+0000 INFO  [o.n.k.i.DiagnosticsManager]  [classpath + loader.0] file:/home/andrea/Scrivania/springExample/neo4j-community-2.3.1/lib/neo4j-cypher-compiler-1.9_2.11-2.0.5.jar
2016-03-16 09:37:07.780+0000 INFO  [o.n.k.i.DiagnosticsManager]  [classpath + loader.0] file:/home/andrea/Scrivania/springExample/neo4j-community-2.3.1/lib/concurrentlinkedhashmap-lru-1.4.2.jar
2016-03-16 09:37:07.780+0000 INFO  [o.n.k.i.DiagnosticsManager]  [classpath + loader.0] file:/home/andrea/Scrivania/springExample/neo4j-community-2.3.1/system/lib/jetty-xml-9.2.4.v20141103.jar
2016-03-16 09:37:07.780+0000 INFO  [o.n.k.i.DiagnosticsManager]  [bootstrap] /usr/lib/jvm/java-7-openjdk-amd64/jre/classes
2016-03-16 09:37:07.780+0000 INFO  [o.n.k.i.DiagnosticsManager]  [classpath + loader.0] file:/home/andrea/Scrivania/springExample/neo4j-community-2.3.1/system/lib/commons-io-2.4.jar
2016-03-16 09:37:07.780+0000 INFO  [o.n.k.i.DiagnosticsManager]  [bootstrap] /usr/lib/jvm/java-7-openjdk-amd64/jre/lib/jfr.jar
2016-03-16 09:37:07.780+0000 INFO  [o.n.k.i.DiagnosticsManager]  [classpath + loader.0] file:/home/andrea/Scrivania/springExample/neo4j-community-2.3.1/system/lib/jersey-server-1.19.jar
2016-03-16 09:37:07.781+0000 INFO  [o.n.k.i.DiagnosticsManager]  [classpath + loader.0] file:/home/andrea/Scrivania/springExample/neo4j-community-2.3.1/lib/neo4j-io-2.3.1.jar
2016-03-16 09:37:07.781+0000 INFO  [o.n.k.i.DiagnosticsManager]  [classpath + loader.0] file:/home/andrea/Scrivania/springExample/neo4j-community-2.3.1/lib/neo4j-csv-2.3.1.jar
2016-03-16 09:37:07.781+0000 INFO  [o.n.k.i.DiagnosticsManager]  [classpath + loader.0] file:/home/andrea/Scrivania/springExample/neo4j-community-2.3.1/system/lib/netty-all-4.0.28.Final.jar
2016-03-16 09:37:07.781+0000 INFO  [o.n.k.i.DiagnosticsManager]  [classpath + loader.0] file:/home/andrea/Scrivania/springExample/neo4j-community-2.3.1/lib/neo4j-graph-algo-2.3.1.jar
2016-03-16 09:37:07.781+0000 INFO  [o.n.k.i.DiagnosticsManager]  [bootstrap] /usr/lib/jvm/java-7-openjdk-amd64/jre/lib/rt.jar
2016-03-16 09:37:07.781+0000 INFO  [o.n.k.i.DiagnosticsManager]  [classpath + loader.0] file:/home/andrea/Scrivania/springExample/neo4j-community-2.3.1/lib/parboiled-core-1.1.7.jar
2016-03-16 09:37:07.781+0000 INFO  [o.n.k.i.DiagnosticsManager]  [classpath + loader.0] file:/home/andrea/Scrivania/springExample/neo4j-community-2.3.1/lib/neo4j-kernel-2.3.1.jar
2016-03-16 09:37:07.781+0000 INFO  [o.n.k.i.DiagnosticsManager]  [classpath + loader.0] file:/home/andrea/Scrivania/springExample/neo4j-community-2.3.1/system/lib/jackson-mapper-asl-1.9.13.jar
2016-03-16 09:37:07.781+0000 INFO  [o.n.k.i.DiagnosticsManager]  [classpath + loader.0] file:/home/andrea/Scrivania/springExample/neo4j-community-2.3.1/system/lib/bcprov-jdk15on-1.52.jar
2016-03-16 09:37:07.781+0000 INFO  [o.n.k.i.DiagnosticsManager]  [classpath + loader.0] file:/home/andrea/Scrivania/springExample/neo4j-community-2.3.1/system/lib/jetty-util-9.2.4.v20141103.jar
2016-03-16 09:37:07.781+0000 INFO  [o.n.k.i.DiagnosticsManager]  [classpath + loader.0] file:/home/andrea/Scrivania/springExample/neo4j-community-2.3.1/system/lib/jersey-core-1.19.jar
2016-03-16 09:37:07.782+0000 INFO  [o.n.k.i.DiagnosticsManager]  [classpath + loader.0] file:/home/andrea/Scrivania/springExample/neo4j-community-2.3.1/system/lib/neo4j-browser-2.3.1.jar
2016-03-16 09:37:07.782+0000 INFO  [o.n.k.i.DiagnosticsManager]  [classpath + loader.0] file:/home/andrea/Scrivania/springExample/neo4j-community-2.3.1/lib/neo4j-udc-2.3.1.jar
2016-03-16 09:37:07.782+0000 INFO  [o.n.k.i.DiagnosticsManager]  [classpath + loader.0] file:/home/andrea/Scrivania/springExample/neo4j-community-2.3.1/system/lib/slf4j-api-1.7.6.jar
2016-03-16 09:37:07.782+0000 INFO  [o.n.k.i.DiagnosticsManager]  [classpath + loader.0] file:/home/andrea/Scrivania/springExample/neo4j-community-2.3.1/system/lib/bcpkix-jdk15on-1.52.jar
2016-03-16 09:37:07.782+0000 INFO  [o.n.k.i.DiagnosticsManager]  [classpath + loader.0] file:/home/andrea/Scrivania/springExample/neo4j-community-2.3.1/system/lib/jetty-http-9.2.4.v20141103.jar
2016-03-16 09:37:07.782+0000 INFO  [o.n.k.i.DiagnosticsManager]  [classpath + loader.0] file:/home/andrea/Scrivania/springExample/neo4j-community-2.3.1/lib/neo4j-jmx-2.3.1.jar
2016-03-16 09:37:07.782+0000 INFO  [o.n.k.i.DiagnosticsManager]  [classpath + loader.0] file:/home/andrea/Scrivania/springExample/neo4j-community-2.3.1/lib/scala-reflect-2.11.7.jar
2016-03-16 09:37:07.782+0000 INFO  [o.n.k.i.DiagnosticsManager]  [loader.1] file:/usr/lib/jvm/java-7-openjdk-amd64/jre/lib/ext/localedata.jar
2016-03-16 09:37:07.782+0000 INFO  [o.n.k.i.DiagnosticsManager]  [classpath + loader.0] file:/home/andrea/Scrivania/springExample/neo4j-community-2.3.1/system/lib/rhino-1.7R4.jar
2016-03-16 09:37:07.783+0000 INFO  [o.n.k.i.DiagnosticsManager]  [classpath + loader.0] file:/home/andrea/Scrivania/springExample/neo4j-community-2.3.1/system/lib/jetty-webapp-9.2.4.v20141103.jar
2016-03-16 09:37:07.783+0000 INFO  [o.n.k.i.DiagnosticsManager]  [classpath + loader.0] file:/home/andrea/Scrivania/springExample/neo4j-community-2.3.1/lib/neo4j-consistency-check-2.3.1.jar
2016-03-16 09:37:07.783+0000 INFO  [o.n.k.i.DiagnosticsManager] Library path:
2016-03-16 09:37:07.783+0000 INFO  [o.n.k.i.DiagnosticsManager] /usr/java/packages/lib/amd64
2016-03-16 09:37:07.783+0000 INFO  [o.n.k.i.DiagnosticsManager] /usr/lib/x86_64-linux-gnu/jni
2016-03-16 09:37:07.783+0000 INFO  [o.n.k.i.DiagnosticsManager] /lib/x86_64-linux-gnu
2016-03-16 09:37:07.783+0000 INFO  [o.n.k.i.DiagnosticsManager] /usr/lib/x86_64-linux-gnu
2016-03-16 09:37:07.783+0000 INFO  [o.n.k.i.DiagnosticsManager] /usr/lib/jni
2016-03-16 09:37:07.784+0000 INFO  [o.n.k.i.DiagnosticsManager] /lib
2016-03-16 09:37:07.784+0000 INFO  [o.n.k.i.DiagnosticsManager] /usr/lib
2016-03-16 09:37:07.784+0000 INFO  [o.n.k.i.DiagnosticsManager] System.properties:
2016-03-16 09:37:07.784+0000 INFO  [o.n.k.i.DiagnosticsManager] sun.boot.library.path = /usr/lib/jvm/java-7-openjdk-amd64/jre/lib/amd64
2016-03-16 09:37:07.784+0000 INFO  [o.n.k.i.DiagnosticsManager] org.neo4j.server.properties = conf/neo4j-server.properties
2016-03-16 09:37:07.784+0000 INFO  [o.n.k.i.DiagnosticsManager] path.separator = :
2016-03-16 09:37:07.784+0000 INFO  [o.n.k.i.DiagnosticsManager] file.encoding.pkg = sun.io
2016-03-16 09:37:07.784+0000 INFO  [o.n.k.i.DiagnosticsManager] user.country = US
2016-03-16 09:37:07.785+0000 INFO  [o.n.k.i.DiagnosticsManager] sun.java.launcher = SUN_STANDARD
2016-03-16 09:37:07.785+0000 INFO  [o.n.k.i.DiagnosticsManager] sun.os.patch.level = unknown
2016-03-16 09:37:07.785+0000 INFO  [o.n.k.i.DiagnosticsManager] user.dir = /home/andrea/Scrivania/springExample/neo4j-community-2.3.1
2016-03-16 09:37:07.785+0000 INFO  [o.n.k.i.DiagnosticsManager] neo4j.ext.udc.source = tarball
2016-03-16 09:37:07.785+0000 INFO  [o.n.k.i.DiagnosticsManager] log4j.configuration = file:conf/log4j.properties
2016-03-16 09:37:07.785+0000 INFO  [o.n.k.i.DiagnosticsManager] sun.jnu.encoding = UTF-8
2016-03-16 09:37:07.785+0000 INFO  [o.n.k.i.DiagnosticsManager] sun.management.compiler = HotSpot 64-Bit Tiered Compilers
2016-03-16 09:37:07.785+0000 INFO  [o.n.k.i.DiagnosticsManager] user.home = /home/andrea
2016-03-16 09:37:07.785+0000 INFO  [o.n.k.i.DiagnosticsManager] user.timezone = Europe/Rome
2016-03-16 09:37:07.785+0000 INFO  [o.n.k.i.DiagnosticsManager] file.encoding = UTF-8
2016-03-16 09:37:07.785+0000 INFO  [o.n.k.i.DiagnosticsManager] user.name = andrea
2016-03-16 09:37:07.786+0000 INFO  [o.n.k.i.DiagnosticsManager] sun.java.command = org.neo4j.server.CommunityBootstrapper
2016-03-16 09:37:07.786+0000 INFO  [o.n.k.i.DiagnosticsManager] sun.arch.data.model = 64
2016-03-16 09:37:07.786+0000 INFO  [o.n.k.i.DiagnosticsManager] user.language = en
2016-03-16 09:37:07.786+0000 INFO  [o.n.k.i.DiagnosticsManager] awt.toolkit = sun.awt.X11.XToolkit
2016-03-16 09:37:07.786+0000 INFO  [o.n.k.i.DiagnosticsManager] file.separator = /
2016-03-16 09:37:07.786+0000 INFO  [o.n.k.i.DiagnosticsManager] sun.io.unicode.encoding = UnicodeLittle
2016-03-16 09:37:07.786+0000 INFO  [o.n.k.i.DiagnosticsManager] sun.cpu.endian = little
2016-03-16 09:37:07.786+0000 INFO  [o.n.k.i.DiagnosticsManager] neo4j.instance = /home/andrea/Scrivania/springExample/neo4j-community-2.3.1
2016-03-16 09:37:07.786+0000 INFO  [o.n.k.i.DiagnosticsManager] sun.desktop = gnome
2016-03-16 09:37:07.786+0000 INFO  [o.n.k.i.DiagnosticsManager] neo4j.home = /home/andrea/Scrivania/springExample/neo4j-community-2.3.1
2016-03-16 09:37:07.787+0000 INFO  [o.n.k.i.DiagnosticsManager] sun.cpu.isalist = 
2016-03-16 09:37:07.787+0000 INFO  [o.n.k.i.DiagnosticsManager] Linux scheduler information:
2016-03-16 09:37:07.788+0000 INFO  [o.n.k.i.DiagnosticsManager] noop [deadline] cfq 
2016-03-16 09:37:07.788+0000 INFO  [o.n.k.i.DiagnosticsManager] noop [deadline] cfq 
2016-03-16 09:37:07.788+0000 INFO  [o.n.k.i.DiagnosticsManager] none
2016-03-16 09:37:07.788+0000 INFO  [o.n.k.i.DiagnosticsManager] none
2016-03-16 09:37:07.788+0000 INFO  [o.n.k.i.DiagnosticsManager] none
2016-03-16 09:37:07.788+0000 INFO  [o.n.k.i.DiagnosticsManager] none
2016-03-16 09:37:07.789+0000 INFO  [o.n.k.i.DiagnosticsManager] none
2016-03-16 09:37:07.789+0000 INFO  [o.n.k.i.DiagnosticsManager] none
2016-03-16 09:37:07.789+0000 INFO  [o.n.k.i.DiagnosticsManager] none
2016-03-16 09:37:07.789+0000 INFO  [o.n.k.i.DiagnosticsManager] none
2016-03-16 09:37:07.789+0000 INFO  [o.n.k.i.DiagnosticsManager] none
2016-03-16 09:37:07.790+0000 INFO  [o.n.k.i.DiagnosticsManager] none
2016-03-16 09:37:07.790+0000 INFO  [o.n.k.i.DiagnosticsManager] none
2016-03-16 09:37:07.790+0000 INFO  [o.n.k.i.DiagnosticsManager] none
2016-03-16 09:37:07.790+0000 INFO  [o.n.k.i.DiagnosticsManager] none
2016-03-16 09:37:07.790+0000 INFO  [o.n.k.i.DiagnosticsManager] none
2016-03-16 09:37:07.790+0000 INFO  [o.n.k.i.DiagnosticsManager] none
2016-03-16 09:37:07.790+0000 INFO  [o.n.k.i.DiagnosticsManager] none
2016-03-16 09:37:07.790+0000 INFO  [o.n.k.i.DiagnosticsManager] none
2016-03-16 09:37:07.791+0000 INFO  [o.n.k.i.DiagnosticsManager] none
2016-03-16 09:37:07.791+0000 INFO  [o.n.k.i.DiagnosticsManager] none
2016-03-16 09:37:07.791+0000 INFO  [o.n.k.i.DiagnosticsManager] none
2016-03-16 09:37:07.791+0000 INFO  [o.n.k.i.DiagnosticsManager] none
2016-03-16 09:37:07.791+0000 INFO  [o.n.k.i.DiagnosticsManager] none
2016-03-16 09:37:07.791+0000 INFO  [o.n.k.i.DiagnosticsManager] none
2016-03-16 09:37:07.791+0000 INFO  [o.n.k.i.DiagnosticsManager] none
2016-03-16 09:37:07.791+0000 INFO  [o.n.k.i.DiagnosticsManager] Network information:
2016-03-16 09:37:07.792+0000 INFO  [o.n.k.i.DiagnosticsManager] Interface docker0:
2016-03-16 09:37:07.792+0000 INFO  [o.n.k.i.DiagnosticsManager]     address: 172.17.0.1
2016-03-16 09:37:07.792+0000 INFO  [o.n.k.i.DiagnosticsManager] Interface wlan0:
2016-03-16 09:37:07.793+0000 INFO  [o.n.k.i.DiagnosticsManager]     address: fe80:0:0:0:2e33:7aff:fe4e:ebc5%3
2016-03-16 09:37:07.793+0000 INFO  [o.n.k.i.DiagnosticsManager]     address: 10.0.12.139
2016-03-16 09:37:07.793+0000 INFO  [o.n.k.i.DiagnosticsManager] Interface lo:
2016-03-16 09:37:07.793+0000 INFO  [o.n.k.i.DiagnosticsManager]     address: 0:0:0:0:0:0:0:1%1
2016-03-16 09:37:07.793+0000 INFO  [o.n.k.i.DiagnosticsManager]     address: 127.0.0.1
2016-03-16 09:37:07.793+0000 INFO  [o.n.k.i.DiagnosticsManager] --- INITIALIZED diagnostics END ---
2016-03-16 09:37:08.383+0000 INFO  [o.n.k.a.i.i.LuceneLabelScanStore] No lucene scan store index found, this might just be first use. Preparing to rebuild.
2016-03-16 09:37:08.474+0000 INFO  [o.n.k.NeoStoreDataSource] Recovery required from position LogPosition{logVersion=0, byteOffset=16}
2016-03-16 09:37:08.711+0000 INFO  [o.n.k.i.s.c.CountsTracker] About to rotate counts store at transaction 112 to [/home/andrea/Scrivania/springExample/ZanellaProjectLast/dbBad/dbSyncro/neostore.counts.db.b], from [/home/andrea/Scrivania/springExample/ZanellaProjectLast/dbBad/dbSyncro/neostore.counts.db.a].
2016-03-16 09:37:08.715+0000 INFO  [o.n.k.i.s.c.CountsTracker] Successfully rotated counts store at transaction 112 to [/home/andrea/Scrivania/springExample/ZanellaProjectLast/dbBad/dbSyncro/neostore.counts.db.b], from [/home/andrea/Scrivania/springExample/ZanellaProjectLast/dbBad/dbSyncro/neostore.counts.db.a].
2016-03-16 09:37:08.971+0000 INFO  [o.n.k.i.s.DynamicArrayStore] Rebuilding id generator for[/home/andrea/Scrivania/springExample/ZanellaProjectLast/dbBad/dbSyncro/neostore.nodestore.db.labels] ...
2016-03-16 09:37:09.028+0000 INFO  [o.n.k.i.s.DynamicArrayStore] [/home/andrea/Scrivania/springExample/ZanellaProjectLast/dbBad/dbSyncro/neostore.nodestore.db.labels] high id=1 (defragged=0)
2016-03-16 09:37:09.028+0000 INFO  [o.n.k.i.s.DynamicArrayStore] /home/andrea/Scrivania/springExample/ZanellaProjectLast/dbBad/dbSyncro/neostore.nodestore.db.labels rebuild id generator, highId=1 defragged count=0
2016-03-16 09:37:09.028+0000 INFO  [o.n.k.i.s.NodeStore] Rebuilding id generator for[/home/andrea/Scrivania/springExample/ZanellaProjectLast/dbBad/dbSyncro/neostore.nodestore.db] ...
2016-03-16 09:37:09.083+0000 INFO  [o.n.k.i.s.NodeStore] [/home/andrea/Scrivania/springExample/ZanellaProjectLast/dbBad/dbSyncro/neostore.nodestore.db] high id=9 (defragged=0)
2016-03-16 09:37:09.083+0000 INFO  [o.n.k.i.s.NodeStore] /home/andrea/Scrivania/springExample/ZanellaProjectLast/dbBad/dbSyncro/neostore.nodestore.db rebuild id generator, highId=9 defragged count=0
2016-03-16 09:37:09.083+0000 INFO  [o.n.k.i.s.DynamicStringStore] Rebuilding id generator for[/home/andrea/Scrivania/springExample/ZanellaProjectLast/dbBad/dbSyncro/neostore.propertystore.db.index.keys] ...
2016-03-16 09:37:09.129+0000 INFO  [o.n.k.i.s.DynamicStringStore] [/home/andrea/Scrivania/springExample/ZanellaProjectLast/dbBad/dbSyncro/neostore.propertystore.db.index.keys] high id=7 (defragged=0)
2016-03-16 09:37:09.129+0000 INFO  [o.n.k.i.s.DynamicStringStore] /home/andrea/Scrivania/springExample/ZanellaProjectLast/dbBad/dbSyncro/neostore.propertystore.db.index.keys rebuild id generator, highId=7 defragged count=0
2016-03-16 09:37:09.129+0000 INFO  [o.n.k.i.s.PropertyKeyTokenStore] Rebuilding id generator for[/home/andrea/Scrivania/springExample/ZanellaProjectLast/dbBad/dbSyncro/neostore.propertystore.db.index] ...
2016-03-16 09:37:09.183+0000 INFO  [o.n.k.i.s.PropertyKeyTokenStore] [/home/andrea/Scrivania/springExample/ZanellaProjectLast/dbBad/dbSyncro/neostore.propertystore.db.index] high id=6 (defragged=0)
2016-03-16 09:37:09.183+0000 INFO  [o.n.k.i.s.PropertyKeyTokenStore] /home/andrea/Scrivania/springExample/ZanellaProjectLast/dbBad/dbSyncro/neostore.propertystore.db.index rebuild id generator, highId=6 defragged count=0
2016-03-16 09:37:09.216+0000 INFO  [o.n.k.i.s.DynamicStringStore] Rebuilding id generator for[/home/andrea/Scrivania/springExample/ZanellaProjectLast/dbBad/dbSyncro/neostore.propertystore.db.strings] ...
2016-03-16 09:37:09.271+0000 INFO  [o.n.k.i.s.DynamicStringStore] [/home/andrea/Scrivania/springExample/ZanellaProjectLast/dbBad/dbSyncro/neostore.propertystore.db.strings] high id=1 (defragged=0)
2016-03-16 09:37:09.271+0000 INFO  [o.n.k.i.s.DynamicStringStore] /home/andrea/Scrivania/springExample/ZanellaProjectLast/dbBad/dbSyncro/neostore.propertystore.db.strings rebuild id generator, highId=1 defragged count=0
2016-03-16 09:37:09.272+0000 INFO  [o.n.k.i.s.DynamicArrayStore] Rebuilding id generator for[/home/andrea/Scrivania/springExample/ZanellaProjectLast/dbBad/dbSyncro/neostore.propertystore.db.arrays] ...
2016-03-16 09:37:09.327+0000 INFO  [o.n.k.i.s.DynamicArrayStore] [/home/andrea/Scrivania/springExample/ZanellaProjectLast/dbBad/dbSyncro/neostore.propertystore.db.arrays] high id=1 (defragged=0)
2016-03-16 09:37:09.327+0000 INFO  [o.n.k.i.s.DynamicArrayStore] /home/andrea/Scrivania/springExample/ZanellaProjectLast/dbBad/dbSyncro/neostore.propertystore.db.arrays rebuild id generator, highId=1 defragged count=0
2016-03-16 09:37:09.327+0000 INFO  [o.n.k.i.s.PropertyStore] Rebuilding id generator for[/home/andrea/Scrivania/springExample/ZanellaProjectLast/dbBad/dbSyncro/neostore.propertystore.db] ...
2016-03-16 09:37:09.383+0000 INFO  [o.n.k.i.s.PropertyStore] [/home/andrea/Scrivania/springExample/ZanellaProjectLast/dbBad/dbSyncro/neostore.propertystore.db] high id=197 (defragged=0)
2016-03-16 09:37:09.383+0000 INFO  [o.n.k.i.s.PropertyStore] /home/andrea/Scrivania/springExample/ZanellaProjectLast/dbBad/dbSyncro/neostore.propertystore.db rebuild id generator, highId=197 defragged count=0
2016-03-16 09:37:09.383+0000 INFO  [o.n.k.i.s.RelationshipStore] Rebuilding id generator for[/home/andrea/Scrivania/springExample/ZanellaProjectLast/dbBad/dbSyncro/neostore.relationshipstore.db] ...
2016-03-16 09:37:09.438+0000 INFO  [o.n.k.i.s.RelationshipStore] [/home/andrea/Scrivania/springExample/ZanellaProjectLast/dbBad/dbSyncro/neostore.relationshipstore.db] high id=94 (defragged=0)
2016-03-16 09:37:09.438+0000 INFO  [o.n.k.i.s.RelationshipStore] /home/andrea/Scrivania/springExample/ZanellaProjectLast/dbBad/dbSyncro/neostore.relationshipstore.db rebuild id generator, highId=94 defragged count=0
2016-03-16 09:37:09.438+0000 INFO  [o.n.k.i.s.DynamicStringStore] Rebuilding id generator for[/home/andrea/Scrivania/springExample/ZanellaProjectLast/dbBad/dbSyncro/neostore.relationshiptypestore.db.names] ...
2016-03-16 09:37:09.494+0000 INFO  [o.n.k.i.s.DynamicStringStore] [/home/andrea/Scrivania/springExample/ZanellaProjectLast/dbBad/dbSyncro/neostore.relationshiptypestore.db.names] high id=2 (defragged=0)
2016-03-16 09:37:09.494+0000 INFO  [o.n.k.i.s.DynamicStringStore] /home/andrea/Scrivania/springExample/ZanellaProjectLast/dbBad/dbSyncro/neostore.relationshiptypestore.db.names rebuild id generator, highId=2 defragged count=0
2016-03-16 09:37:09.494+0000 INFO  [o.n.k.i.s.RelationshipTypeTokenStore] Rebuilding id generator for[/home/andrea/Scrivania/springExample/ZanellaProjectLast/dbBad/dbSyncro/neostore.relationshiptypestore.db] ...
2016-03-16 09:37:09.550+0000 INFO  [o.n.k.i.s.RelationshipTypeTokenStore] [/home/andrea/Scrivania/springExample/ZanellaProjectLast/dbBad/dbSyncro/neostore.relationshiptypestore.db] high id=1 (defragged=0)
2016-03-16 09:37:09.550+0000 INFO  [o.n.k.i.s.RelationshipTypeTokenStore] /home/andrea/Scrivania/springExample/ZanellaProjectLast/dbBad/dbSyncro/neostore.relationshiptypestore.db rebuild id generator, highId=1 defragged count=0
2016-03-16 09:37:09.583+0000 INFO  [o.n.k.i.s.DynamicStringStore] Rebuilding id generator for[/home/andrea/Scrivania/springExample/ZanellaProjectLast/dbBad/dbSyncro/neostore.labeltokenstore.db.names] ...
2016-03-16 09:37:09.633+0000 INFO  [o.n.k.i.s.DynamicStringStore] [/home/andrea/Scrivania/springExample/ZanellaProjectLast/dbBad/dbSyncro/neostore.labeltokenstore.db.names] high id=2 (defragged=0)
2016-03-16 09:37:09.633+0000 INFO  [o.n.k.i.s.DynamicStringStore] /home/andrea/Scrivania/springExample/ZanellaProjectLast/dbBad/dbSyncro/neostore.labeltokenstore.db.names rebuild id generator, highId=2 defragged count=0
2016-03-16 09:37:09.633+0000 INFO  [o.n.k.i.s.LabelTokenStore] Rebuilding id generator for[/home/andrea/Scrivania/springExample/ZanellaProjectLast/dbBad/dbSyncro/neostore.labeltokenstore.db] ...
2016-03-16 09:37:09.683+0000 INFO  [o.n.k.i.s.LabelTokenStore] [/home/andrea/Scrivania/springExample/ZanellaProjectLast/dbBad/dbSyncro/neostore.labeltokenstore.db] high id=1 (defragged=0)
2016-03-16 09:37:09.683+0000 INFO  [o.n.k.i.s.LabelTokenStore] /home/andrea/Scrivania/springExample/ZanellaProjectLast/dbBad/dbSyncro/neostore.labeltokenstore.db rebuild id generator, highId=1 defragged count=0
2016-03-16 09:37:09.716+0000 INFO  [o.n.k.i.s.SchemaStore] Rebuilding id generator for[/home/andrea/Scrivania/springExample/ZanellaProjectLast/dbBad/dbSyncro/neostore.schemastore.db] ...
2016-03-16 09:37:09.761+0000 INFO  [o.n.k.i.s.SchemaStore] [/home/andrea/Scrivania/springExample/ZanellaProjectLast/dbBad/dbSyncro/neostore.schemastore.db] high id=1 (defragged=0)
2016-03-16 09:37:09.761+0000 INFO  [o.n.k.i.s.SchemaStore] /home/andrea/Scrivania/springExample/ZanellaProjectLast/dbBad/dbSyncro/neostore.schemastore.db rebuild id generator, highId=1 defragged count=0
2016-03-16 09:37:09.761+0000 INFO  [o.n.k.i.s.RelationshipGroupStore] Rebuilding id generator for[/home/andrea/Scrivania/springExample/ZanellaProjectLast/dbBad/dbSyncro/neostore.relationshipgroupstore.db] ...
2016-03-16 09:37:09.805+0000 INFO  [o.n.k.i.s.RelationshipGroupStore] [/home/andrea/Scrivania/springExample/ZanellaProjectLast/dbBad/dbSyncro/neostore.relationshipgroupstore.db] high id=1 (defragged=0)
2016-03-16 09:37:09.805+0000 INFO  [o.n.k.i.s.RelationshipGroupStore] /home/andrea/Scrivania/springExample/ZanellaProjectLast/dbBad/dbSyncro/neostore.relationshipgroupstore.db rebuild id generator, highId=1 defragged count=0
2016-03-16 09:37:09.805+0000 INFO  [o.n.k.i.s.MetaDataStore] Rebuilding id generator for[/home/andrea/Scrivania/springExample/ZanellaProjectLast/dbBad/dbSyncro/neostore] ...
2016-03-16 09:37:09.849+0000 INFO  [o.n.k.i.s.MetaDataStore] [/home/andrea/Scrivania/springExample/ZanellaProjectLast/dbBad/dbSyncro/neostore] high id=13 (defragged=0)
2016-03-16 09:37:09.849+0000 INFO  [o.n.k.i.s.MetaDataStore] /home/andrea/Scrivania/springExample/ZanellaProjectLast/dbBad/dbSyncro/neostore rebuild id generator, highId=13 defragged count=0
2016-03-16 09:37:09.857+0000 INFO  [o.n.k.a.i.i.LuceneLabelScanStore] Rebuilding lucene scan store, this may take a while
2016-03-16 09:37:09.868+0000 INFO  [o.n.k.a.i.i.LuceneLabelScanStore] Lucene scan store rebuilt (roughly 8 nodes)
2016-03-16 09:37:10.038+0000 INFO  [o.n.k.NeoStoreDataSource] Recovery completed. 111 transactions, first:2, last:112 recovered
2016-03-16 09:37:10.038+0000 INFO  [o.n.k.KernelHealth] Kernel health set to OK
2016-03-16 09:37:10.331+0000 INFO  [o.n.k.AvailabilityGuard] Fulfilling of requirement makes database available: Database available
2016-03-16 09:37:10.332+0000 INFO  [o.n.k.i.f.CommunityFacadeFactory] Database is now ready
2016-03-16 09:37:10.333+0000 INFO  [o.n.k.i.DiagnosticsManager] --- STARTED diagnostics for KernelDiagnostics:Versions START ---
2016-03-16 09:37:10.333+0000 INFO  [o.n.k.i.DiagnosticsManager] Graph Database: Community StoreId{creationTime=1458121005219, randomId=-4222798333064986228, storeVersion=15250506225055238, upgradeTime=1458121005219, upgradeId=1}
2016-03-16 09:37:10.333+0000 INFO  [o.n.k.i.DiagnosticsManager] Kernel version: 2.3.1,dd67f90
2016-03-16 09:37:10.333+0000 INFO  [o.n.k.i.DiagnosticsManager] --- STARTED diagnostics for KernelDiagnostics:Versions END ---
2016-03-16 09:37:10.335+0000 INFO  [o.n.k.i.DiagnosticsManager] --- STARTED diagnostics for NEO_STORE_VERSIONS START ---
2016-03-16 09:37:10.335+0000 INFO  [o.n.k.i.DiagnosticsManager] Store versions:
2016-03-16 09:37:10.335+0000 INFO  [o.n.k.i.DiagnosticsManager] Store versions:
2016-03-16 09:37:10.335+0000 INFO  [o.n.k.i.DiagnosticsManager] ArrayPropertyStore v0.A.6
2016-03-16 09:37:10.335+0000 INFO  [o.n.k.i.DiagnosticsManager] NodeStore v0.A.6
2016-03-16 09:37:10.335+0000 INFO  [o.n.k.i.DiagnosticsManager] StringPropertyStore v0.A.6
2016-03-16 09:37:10.335+0000 INFO  [o.n.k.i.DiagnosticsManager] PropertyIndexStore v0.A.6
2016-03-16 09:37:10.335+0000 INFO  [o.n.k.i.DiagnosticsManager] StringPropertyStore v0.A.6
2016-03-16 09:37:10.335+0000 INFO  [o.n.k.i.DiagnosticsManager] ArrayPropertyStore v0.A.6
2016-03-16 09:37:10.335+0000 INFO  [o.n.k.i.DiagnosticsManager] PropertyStore v0.A.6
2016-03-16 09:37:10.335+0000 INFO  [o.n.k.i.DiagnosticsManager] RelationshipStore v0.A.6
2016-03-16 09:37:10.335+0000 INFO  [o.n.k.i.DiagnosticsManager] StringPropertyStore v0.A.6
2016-03-16 09:37:10.336+0000 INFO  [o.n.k.i.DiagnosticsManager] RelationshipTypeStore v0.A.6
2016-03-16 09:37:10.336+0000 INFO  [o.n.k.i.DiagnosticsManager] StringPropertyStore v0.A.6
2016-03-16 09:37:10.336+0000 INFO  [o.n.k.i.DiagnosticsManager] LabelTokenStore v0.A.6
2016-03-16 09:37:10.336+0000 INFO  [o.n.k.i.DiagnosticsManager] SchemaStore v0.A.6
2016-03-16 09:37:10.336+0000 INFO  [o.n.k.i.DiagnosticsManager] RelationshipGroupStore v0.A.6
2016-03-16 09:37:10.336+0000 INFO  [o.n.k.i.DiagnosticsManager] NeoStore v0.A.6
2016-03-16 09:37:10.336+0000 INFO  [o.n.k.i.DiagnosticsManager] --- STARTED diagnostics for NEO_STORE_VERSIONS END ---
2016-03-16 09:37:10.336+0000 INFO  [o.n.k.i.DiagnosticsManager] --- STARTED diagnostics for NEO_STORE_ID_USAGE START ---
2016-03-16 09:37:10.336+0000 INFO  [o.n.k.i.DiagnosticsManager] Id usage:
2016-03-16 09:37:10.336+0000 INFO  [o.n.k.i.DiagnosticsManager] Id usage:
2016-03-16 09:37:10.336+0000 INFO  [o.n.k.i.DiagnosticsManager]   ArrayPropertyStore v0.A.6: used=1 high=0
2016-03-16 09:37:10.336+0000 INFO  [o.n.k.i.DiagnosticsManager]   NodeStore v0.A.6: used=9 high=8
2016-03-16 09:37:10.337+0000 INFO  [o.n.k.i.DiagnosticsManager]   StringPropertyStore v0.A.6: used=7 high=6
2016-03-16 09:37:10.337+0000 INFO  [o.n.k.i.DiagnosticsManager]   PropertyIndexStore v0.A.6: used=6 high=5
2016-03-16 09:37:10.337+0000 INFO  [o.n.k.i.DiagnosticsManager]   StringPropertyStore v0.A.6: used=1 high=0
2016-03-16 09:37:10.337+0000 INFO  [o.n.k.i.DiagnosticsManager]   ArrayPropertyStore v0.A.6: used=1 high=0
2016-03-16 09:37:10.337+0000 INFO  [o.n.k.i.DiagnosticsManager]   PropertyStore v0.A.6: used=197 high=196
2016-03-16 09:37:10.337+0000 INFO  [o.n.k.i.DiagnosticsManager]   RelationshipStore v0.A.6: used=94 high=93
2016-03-16 09:37:10.337+0000 INFO  [o.n.k.i.DiagnosticsManager]   StringPropertyStore v0.A.6: used=2 high=1
2016-03-16 09:37:10.338+0000 INFO  [o.n.k.i.DiagnosticsManager]   RelationshipTypeStore v0.A.6: used=1 high=0
2016-03-16 09:37:10.338+0000 INFO  [o.n.k.i.DiagnosticsManager]   StringPropertyStore v0.A.6: used=2 high=1
2016-03-16 09:37:10.339+0000 INFO  [o.n.k.i.DiagnosticsManager]   LabelTokenStore v0.A.6: used=1 high=0
2016-03-16 09:37:10.339+0000 INFO  [o.n.k.i.DiagnosticsManager]   SchemaStore v0.A.6: used=1 high=0
2016-03-16 09:37:10.339+0000 INFO  [o.n.k.i.DiagnosticsManager]   RelationshipGroupStore v0.A.6: used=1 high=0
2016-03-16 09:37:10.339+0000 INFO  [o.n.k.i.DiagnosticsManager]   NeoStore v0.A.6: used=13 high=12
2016-03-16 09:37:10.339+0000 INFO  [o.n.k.i.DiagnosticsManager] --- STARTED diagnostics for NEO_STORE_ID_USAGE END ---
2016-03-16 09:37:10.339+0000 INFO  [o.n.k.i.DiagnosticsManager] --- STARTED diagnostics for NEO_STORE_RECORDS START ---
2016-03-16 09:37:10.340+0000 INFO  [o.n.k.i.DiagnosticsManager] Neostore records:
2016-03-16 09:37:10.340+0000 INFO  [o.n.k.i.DiagnosticsManager] TIME (Creation time): 1458121005219
2016-03-16 09:37:10.340+0000 INFO  [o.n.k.i.DiagnosticsManager] RANDOM_NUMBER (Random number for store id): -4222798333064986228
2016-03-16 09:37:10.340+0000 INFO  [o.n.k.i.DiagnosticsManager] LOG_VERSION (Current log version): 0
2016-03-16 09:37:10.340+0000 INFO  [o.n.k.i.DiagnosticsManager] LAST_TRANSACTION_ID (Last committed transaction): 112
2016-03-16 09:37:10.341+0000 INFO  [o.n.k.i.DiagnosticsManager] STORE_VERSION (Store format version): 15250506225055238
2016-03-16 09:37:10.341+0000 INFO  [o.n.k.i.DiagnosticsManager] FIRST_GRAPH_PROPERTY (First property record containing graph properties): -1
2016-03-16 09:37:10.341+0000 INFO  [o.n.k.i.DiagnosticsManager] LAST_CONSTRAINT_TRANSACTION (Last committed transaction containing constraint changes): 0
2016-03-16 09:37:10.341+0000 INFO  [o.n.k.i.DiagnosticsManager] UPGRADE_TRANSACTION_ID (Transaction id most recent upgrade was performed at): 1
2016-03-16 09:37:10.341+0000 INFO  [o.n.k.i.DiagnosticsManager] UPGRADE_TIME (Time of last upgrade): 1458121005219
2016-03-16 09:37:10.341+0000 INFO  [o.n.k.i.DiagnosticsManager] LAST_TRANSACTION_CHECKSUM (Checksum of last committed transaction): -163162322211
2016-03-16 09:37:10.341+0000 INFO  [o.n.k.i.DiagnosticsManager] UPGRADE_TRANSACTION_CHECKSUM (Checksum of transaction id the most recent upgrade was performed at): 0
2016-03-16 09:37:10.341+0000 INFO  [o.n.k.i.DiagnosticsManager] LAST_CLOSED_TRANSACTION_LOG_VERSION (Log version where the last transaction commit entry has been written into): 0
2016-03-16 09:37:10.341+0000 INFO  [o.n.k.i.DiagnosticsManager] LAST_CLOSED_TRANSACTION_LOG_BYTE_OFFSET (Byte offset in the log file where the last transaction commit entry has been written into): 73400
2016-03-16 09:37:10.341+0000 INFO  [o.n.k.i.DiagnosticsManager] --- STARTED diagnostics for NEO_STORE_RECORDS END ---
2016-03-16 09:37:10.341+0000 INFO  [o.n.k.i.DiagnosticsManager] --- STARTED diagnostics for TRANSACTION_RANGE START ---
2016-03-16 09:37:10.341+0000 INFO  [o.n.k.i.DiagnosticsManager] Transaction log:
2016-03-16 09:37:10.342+0000 INFO  [o.n.k.i.DiagnosticsManager] Oldest transaction 2 found in log with version 0
2016-03-16 09:37:10.342+0000 INFO  [o.n.k.i.DiagnosticsManager] --- STARTED diagnostics for TRANSACTION_RANGE END ---
2016-03-16 09:37:10.342+0000 INFO  [o.n.k.i.DiagnosticsManager] --- STARTED diagnostics for KernelDiagnostics:StoreFiles START ---
2016-03-16 09:37:10.343+0000 INFO  [o.n.k.i.DiagnosticsManager] Disk space on partition (Total / Free / Free %): 286945980416 / 177699721216 / 61
Storage files: (filename : modification date - size)
2016-03-16 09:37:10.343+0000 INFO  [o.n.k.i.DiagnosticsManager]   index:
2016-03-16 09:37:10.343+0000 INFO  [o.n.k.i.DiagnosticsManager]   - Total: 2016-03-16T10:36:45+0100 - 0.00 B
2016-03-16 09:37:10.344+0000 INFO  [o.n.k.i.DiagnosticsManager]   messages.log: 2016-03-16T10:37:10+0100 - 77.64 kB
2016-03-16 09:37:10.344+0000 INFO  [o.n.k.i.DiagnosticsManager]   neostore: 2016-03-16T10:37:08+0100 - 8.00 kB
2016-03-16 09:37:10.344+0000 INFO  [o.n.k.i.DiagnosticsManager]   neostore.counts.db.a: 2016-03-16T10:36:45+0100 - 96.00 B
2016-03-16 09:37:10.344+0000 INFO  [o.n.k.i.DiagnosticsManager]   neostore.counts.db.b: 2016-03-16T10:37:08+0100 - 352.00 B
2016-03-16 09:37:10.345+0000 INFO  [o.n.k.i.DiagnosticsManager]   neostore.id: 2016-03-16T10:37:09+0100 - 9.00 B
2016-03-16 09:37:10.345+0000 INFO  [o.n.k.i.DiagnosticsManager]   neostore.labeltokenstore.db: 2016-03-16T10:37:10+0100 - 8.00 kB
2016-03-16 09:37:10.346+0000 INFO  [o.n.k.i.DiagnosticsManager]   neostore.labeltokenstore.db.id: 2016-03-16T10:37:09+0100 - 9.00 B
2016-03-16 09:37:10.346+0000 INFO  [o.n.k.i.DiagnosticsManager]   neostore.labeltokenstore.db.names: 2016-03-16T10:37:08+0100 - 8.00 kB
2016-03-16 09:37:10.346+0000 INFO  [o.n.k.i.DiagnosticsManager]   neostore.labeltokenstore.db.names.id: 2016-03-16T10:37:09+0100 - 9.00 B
2016-03-16 09:37:10.347+0000 INFO  [o.n.k.i.DiagnosticsManager]   neostore.nodestore.db: 2016-03-16T10:37:08+0100 - 8.00 kB
2016-03-16 09:37:10.347+0000 INFO  [o.n.k.i.DiagnosticsManager]   neostore.nodestore.db.id: 2016-03-16T10:37:09+0100 - 9.00 B
2016-03-16 09:37:10.347+0000 INFO  [o.n.k.i.DiagnosticsManager]   neostore.nodestore.db.labels: 2016-03-16T10:36:42+0100 - 8.00 kB
2016-03-16 09:37:10.347+0000 INFO  [o.n.k.i.DiagnosticsManager]   neostore.nodestore.db.labels.id: 2016-03-16T10:37:09+0100 - 9.00 B
2016-03-16 09:37:10.348+0000 INFO  [o.n.k.i.DiagnosticsManager]   neostore.propertystore.db: 2016-03-16T10:37:08+0100 - 7.97 kB
2016-03-16 09:37:10.348+0000 INFO  [o.n.k.i.DiagnosticsManager]   neostore.propertystore.db.arrays: 2016-03-16T10:36:43+0100 - 8.00 kB
2016-03-16 09:37:10.348+0000 INFO  [o.n.k.i.DiagnosticsManager]   neostore.propertystore.db.arrays.id: 2016-03-16T10:37:09+0100 - 9.00 B
2016-03-16 09:37:10.349+0000 INFO  [o.n.k.i.DiagnosticsManager]   neostore.propertystore.db.id: 2016-03-16T10:37:09+0100 - 9.00 B
2016-03-16 09:37:10.349+0000 INFO  [o.n.k.i.DiagnosticsManager]   neostore.propertystore.db.index: 2016-03-16T10:37:10+0100 - 8.00 kB
2016-03-16 09:37:10.349+0000 INFO  [o.n.k.i.DiagnosticsManager]   neostore.propertystore.db.index.id: 2016-03-16T10:37:09+0100 - 9.00 B
2016-03-16 09:37:10.349+0000 INFO  [o.n.k.i.DiagnosticsManager]   neostore.propertystore.db.index.keys: 2016-03-16T10:37:08+0100 - 8.00 kB
2016-03-16 09:37:10.349+0000 INFO  [o.n.k.i.DiagnosticsManager]   neostore.propertystore.db.index.keys.id: 2016-03-16T10:37:09+0100 - 9.00 B
2016-03-16 09:37:10.350+0000 INFO  [o.n.k.i.DiagnosticsManager]   neostore.propertystore.db.strings: 2016-03-16T10:36:43+0100 - 8.00 kB
2016-03-16 09:37:10.350+0000 INFO  [o.n.k.i.DiagnosticsManager]   neostore.propertystore.db.strings.id: 2016-03-16T10:37:09+0100 - 9.00 B
2016-03-16 09:37:10.350+0000 INFO  [o.n.k.i.DiagnosticsManager]   neostore.relationshipgroupstore.db: 2016-03-16T10:36:45+0100 - 8.00 kB
2016-03-16 09:37:10.350+0000 INFO  [o.n.k.i.DiagnosticsManager]   neostore.relationshipgroupstore.db.id: 2016-03-16T10:37:09+0100 - 9.00 B
2016-03-16 09:37:10.351+0000 INFO  [o.n.k.i.DiagnosticsManager]   neostore.relationshipstore.db: 2016-03-16T10:37:08+0100 - 7.97 kB
2016-03-16 09:37:10.351+0000 INFO  [o.n.k.i.DiagnosticsManager]   neostore.relationshipstore.db.id: 2016-03-16T10:37:09+0100 - 9.00 B
2016-03-16 09:37:10.351+0000 INFO  [o.n.k.i.DiagnosticsManager]   neostore.relationshiptypestore.db: 2016-03-16T10:37:10+0100 - 8.00 kB
2016-03-16 09:37:10.351+0000 INFO  [o.n.k.i.DiagnosticsManager]   neostore.relationshiptypestore.db.id: 2016-03-16T10:37:09+0100 - 9.00 B
2016-03-16 09:37:10.352+0000 INFO  [o.n.k.i.DiagnosticsManager]   neostore.relationshiptypestore.db.names: 2016-03-16T10:37:08+0100 - 8.00 kB
2016-03-16 09:37:10.352+0000 INFO  [o.n.k.i.DiagnosticsManager]   neostore.relationshiptypestore.db.names.id: 2016-03-16T10:37:09+0100 - 9.00 B
2016-03-16 09:37:10.352+0000 INFO  [o.n.k.i.DiagnosticsManager]   neostore.schemastore.db: 2016-03-16T10:36:44+0100 - 8.00 kB
2016-03-16 09:37:10.352+0000 INFO  [o.n.k.i.DiagnosticsManager]   neostore.schemastore.db.id: 2016-03-16T10:37:09+0100 - 9.00 B
2016-03-16 09:37:10.353+0000 INFO  [o.n.k.i.DiagnosticsManager]   neostore.transaction.db.0: 2016-03-16T10:36:59+0100 - 71.68 kB
2016-03-16 09:37:10.353+0000 INFO  [o.n.k.i.DiagnosticsManager]   schema:
2016-03-16 09:37:10.353+0000 INFO  [o.n.k.i.DiagnosticsManager]     label:
2016-03-16 09:37:10.353+0000 INFO  [o.n.k.i.DiagnosticsManager]       lucene:
2016-03-16 09:37:10.353+0000 INFO  [o.n.k.i.DiagnosticsManager]         _1.cfs: 2016-03-16T10:37:09+0100 - 225.00 B
2016-03-16 09:37:10.354+0000 INFO  [o.n.k.i.DiagnosticsManager]         segments.gen: 2016-03-16T10:37:09+0100 - 20.00 B
2016-03-16 09:37:10.354+0000 INFO  [o.n.k.i.DiagnosticsManager]         segments_2: 2016-03-16T10:37:09+0100 - 250.00 B
2016-03-16 09:37:10.354+0000 INFO  [o.n.k.i.DiagnosticsManager]         write.lock: 2016-03-16T10:37:08+0100 - 0.00 B
2016-03-16 09:37:10.354+0000 INFO  [o.n.k.i.DiagnosticsManager]       - Total: 2016-03-16T10:37:10+0100 - 495.00 B
2016-03-16 09:37:10.355+0000 INFO  [o.n.k.i.DiagnosticsManager]     - Total: 2016-03-16T10:37:08+0100 - 495.00 B
2016-03-16 09:37:10.355+0000 INFO  [o.n.k.i.DiagnosticsManager]   - Total: 2016-03-16T10:36:45+0100 - 495.00 B
2016-03-16 09:37:10.355+0000 INFO  [o.n.k.i.DiagnosticsManager]   store_lock: 2016-03-16T10:36:42+0100 - 0.00 B
2016-03-16 09:37:10.355+0000 INFO  [o.n.k.i.DiagnosticsManager] --- STARTED diagnostics for KernelDiagnostics:StoreFiles END ---
2016-03-16 09:37:11.348+0000 INFO  [o.n.k.i.DiagnosticsManager] --- SERVER STARTED START ---
2016-03-16 09:37:12.507+0000 INFO  [o.n.k.i.DiagnosticsManager] --- SERVER STARTED END ---
