2016-03-09 15:19:57.641+0000 INFO  [o.n.k.i.f.CommunityFacadeFactory] No locking implementation specified, defaulting to 'community'
2016-03-09 15:19:57.710+0000 INFO  [o.n.k.AvailabilityGuard] Requirement makes database unavailable: Database available
2016-03-09 15:19:57.717+0000 INFO  [o.n.k.i.DiagnosticsManager] --- INITIALIZED diagnostics START ---
2016-03-09 15:19:57.717+0000 INFO  [o.n.k.i.DiagnosticsManager] Neo4j Kernel properties:
2016-03-09 15:19:57.717+0000 INFO  [o.n.k.i.DiagnosticsManager] org.neo4j.server.webserver.https.keystore.location=data/keystore
2016-03-09 15:19:57.717+0000 INFO  [o.n.k.i.DiagnosticsManager] org.neo4j.server.db.tuning.properties=conf/neo4j.properties
2016-03-09 15:19:57.717+0000 INFO  [o.n.k.i.DiagnosticsManager] org.neo4j.server.database.location=/home/andrea/Scrivania/springExample/ZanellaProjectLast/dbGood
2016-03-09 15:19:57.717+0000 INFO  [o.n.k.i.DiagnosticsManager] org.neo4j.server.webserver.port=7474
2016-03-09 15:19:57.717+0000 INFO  [o.n.k.i.DiagnosticsManager] org.neo4j.server.http.log.config=conf/neo4j-http-logging.xml
2016-03-09 15:19:57.717+0000 INFO  [o.n.k.i.DiagnosticsManager] dbms.querylog.filename=data/log/queries.log
2016-03-09 15:19:57.718+0000 INFO  [o.n.k.i.DiagnosticsManager] org.neo4j.server.webserver.https.enabled=true
2016-03-09 15:19:57.718+0000 INFO  [o.n.k.i.DiagnosticsManager] org.neo4j.server.http.log.enabled=false
2016-03-09 15:19:57.718+0000 INFO  [o.n.k.i.DiagnosticsManager] dbms.security.tls_certificate_file=conf/ssl/snakeoil.cert
2016-03-09 15:19:57.718+0000 INFO  [o.n.k.i.DiagnosticsManager] org.neo4j.server.webserver.https.port=7473
2016-03-09 15:19:57.718+0000 INFO  [o.n.k.i.DiagnosticsManager] org.neo4j.server.webadmin.rrdb.location=data/rrd
2016-03-09 15:19:57.718+0000 INFO  [o.n.k.i.DiagnosticsManager] remote_shell_enabled=true
2016-03-09 15:19:57.718+0000 INFO  [o.n.k.i.DiagnosticsManager] edition=Community
2016-03-09 15:19:57.718+0000 INFO  [o.n.k.i.DiagnosticsManager] dbms.security.tls_key_file=conf/ssl/snakeoil.key
2016-03-09 15:19:57.718+0000 INFO  [o.n.k.i.DiagnosticsManager] dbms.security.auth_enabled=false
2016-03-09 15:19:57.718+0000 INFO  [o.n.k.i.DiagnosticsManager] Diagnostics providers:
2016-03-09 15:19:57.718+0000 INFO  [o.n.k.i.DiagnosticsManager] org.neo4j.kernel.configuration.Config
2016-03-09 15:19:57.719+0000 INFO  [o.n.k.i.DiagnosticsManager] org.neo4j.kernel.info.DiagnosticsManager
2016-03-09 15:19:57.719+0000 INFO  [o.n.k.i.DiagnosticsManager] SYSTEM_MEMORY
2016-03-09 15:19:57.719+0000 INFO  [o.n.k.i.DiagnosticsManager] JAVA_MEMORY
2016-03-09 15:19:57.719+0000 INFO  [o.n.k.i.DiagnosticsManager] OPERATING_SYSTEM
2016-03-09 15:19:57.719+0000 INFO  [o.n.k.i.DiagnosticsManager] JAVA_VIRTUAL_MACHINE
2016-03-09 15:19:57.719+0000 INFO  [o.n.k.i.DiagnosticsManager] CLASSPATH
2016-03-09 15:19:57.719+0000 INFO  [o.n.k.i.DiagnosticsManager] LIBRARY_PATH
2016-03-09 15:19:57.719+0000 INFO  [o.n.k.i.DiagnosticsManager] SYSTEM_PROPERTIES
2016-03-09 15:19:57.719+0000 INFO  [o.n.k.i.DiagnosticsManager] LINUX_SCHEDULERS
2016-03-09 15:19:57.719+0000 INFO  [o.n.k.i.DiagnosticsManager] NETWORK
2016-03-09 15:19:57.719+0000 INFO  [o.n.k.i.DiagnosticsManager] System memory information:
2016-03-09 15:19:57.721+0000 INFO  [o.n.k.i.DiagnosticsManager] Total Physical memory: 15.60 GB
2016-03-09 15:19:57.721+0000 INFO  [o.n.k.i.DiagnosticsManager] Free Physical memory: 11.83 GB
2016-03-09 15:19:57.721+0000 INFO  [o.n.k.i.DiagnosticsManager] Committed virtual memory: 5.85 GB
2016-03-09 15:19:57.722+0000 INFO  [o.n.k.i.DiagnosticsManager] Total swap space: 15.92 GB
2016-03-09 15:19:57.722+0000 INFO  [o.n.k.i.DiagnosticsManager] Free swap space: 15.92 GB
2016-03-09 15:19:57.722+0000 INFO  [o.n.k.i.DiagnosticsManager] JVM memory information:
2016-03-09 15:19:57.722+0000 INFO  [o.n.k.i.DiagnosticsManager] Free  memory: 184.70 MB
2016-03-09 15:19:57.722+0000 INFO  [o.n.k.i.DiagnosticsManager] Total memory: 250.00 MB
2016-03-09 15:19:57.722+0000 INFO  [o.n.k.i.DiagnosticsManager] Max   memory: 3.90 GB
2016-03-09 15:19:57.724+0000 INFO  [o.n.k.i.DiagnosticsManager] Garbage Collector: G1 Young Generation: [G1 Eden Space, G1 Survivor Space]
2016-03-09 15:19:57.724+0000 INFO  [o.n.k.i.DiagnosticsManager] Garbage Collector: G1 Old Generation: [G1 Eden Space, G1 Survivor Space, G1 Old Gen, G1 Perm Gen]
2016-03-09 15:19:57.724+0000 INFO  [o.n.k.i.DiagnosticsManager] Memory Pool: Code Cache (Non-heap memory): committed=2.44 MB, used=782.06 kB, max=48.00 MB, threshold=0.00 B
2016-03-09 15:19:57.725+0000 INFO  [o.n.k.i.DiagnosticsManager] Memory Pool: G1 Eden Space (Heap memory): committed=17.00 MB, used=11.00 MB, max=-1.00 B, threshold=?
2016-03-09 15:19:57.725+0000 INFO  [o.n.k.i.DiagnosticsManager] Memory Pool: G1 Survivor Space (Heap memory): committed=7.00 MB, used=7.00 MB, max=-1.00 B, threshold=?
2016-03-09 15:19:57.725+0000 INFO  [o.n.k.i.DiagnosticsManager] Memory Pool: G1 Old Gen (Heap memory): committed=226.00 MB, used=46.92 MB, max=3.90 GB, threshold=0.00 B
2016-03-09 15:19:57.726+0000 INFO  [o.n.k.i.DiagnosticsManager] Memory Pool: G1 Perm Gen (Non-heap memory): committed=20.00 MB, used=12.79 MB, max=166.00 MB, threshold=0.00 B
2016-03-09 15:19:57.726+0000 INFO  [o.n.k.i.DiagnosticsManager] Operating system information:
2016-03-09 15:19:57.726+0000 INFO  [o.n.k.i.DiagnosticsManager] Operating System: Linux; version: 3.19.0-47-generic; arch: amd64; cpus: 4
2016-03-09 15:19:57.727+0000 INFO  [o.n.k.i.DiagnosticsManager] Max number of file descriptors: 64.00 kB
2016-03-09 15:19:57.727+0000 INFO  [o.n.k.i.DiagnosticsManager] Number of open file descriptors: 87.00 B
2016-03-09 15:19:57.729+0000 INFO  [o.n.k.i.DiagnosticsManager] Process id: 17151@andrea-HP-Pavilion-15-Notebook-PC
2016-03-09 15:19:57.729+0000 INFO  [o.n.k.i.DiagnosticsManager] Byte order: LITTLE_ENDIAN
2016-03-09 15:19:57.729+0000 INFO  [o.n.k.i.DiagnosticsManager] Local timezone: Europe/Rome
2016-03-09 15:19:57.729+0000 INFO  [o.n.k.i.DiagnosticsManager] JVM information:
2016-03-09 15:19:57.729+0000 INFO  [o.n.k.i.DiagnosticsManager] VM Name: OpenJDK 64-Bit Server VM
2016-03-09 15:19:57.729+0000 INFO  [o.n.k.i.DiagnosticsManager] VM Vendor: Oracle Corporation
2016-03-09 15:19:57.730+0000 INFO  [o.n.k.i.DiagnosticsManager] VM Version: 24.95-b01
2016-03-09 15:19:57.730+0000 INFO  [o.n.k.i.DiagnosticsManager] JIT compiler: HotSpot 64-Bit Tiered Compilers
2016-03-09 15:19:57.730+0000 INFO  [o.n.k.i.DiagnosticsManager] VM Arguments: [-XX:+DisableExplicitGC, -Dorg.neo4j.server.properties=conf/neo4j-server.properties, -Dlog4j.configuration=file:conf/log4j.properties, -XX:+UseG1GC, -XX:-OmitStackTraceInFastThrow, -XX:hashCode=5, -Dneo4j.ext.udc.source=tarball, -Dneo4j.home=/home/andrea/Scrivania/springExample/neo4j-community-2.3.1, -Dneo4j.instance=/home/andrea/Scrivania/springExample/neo4j-community-2.3.1, -Dfile.encoding=UTF-8]
2016-03-09 15:19:57.730+0000 INFO  [o.n.k.i.DiagnosticsManager] Java classpath:
2016-03-09 15:19:57.732+0000 INFO  [o.n.k.i.DiagnosticsManager]  [loader.1] file:/usr/lib/jvm/java-7-openjdk-amd64/jre/lib/ext/libatk-wrapper.so
2016-03-09 15:19:57.732+0000 INFO  [o.n.k.i.DiagnosticsManager]  [classpath + loader.0] file:/home/andrea/Scrivania/springExample/neo4j-community-2.3.1/lib/neo4j-shell-2.3.1.jar
2016-03-09 15:19:57.732+0000 INFO  [o.n.k.i.DiagnosticsManager]  [classpath + loader.0] file:/home/andrea/Scrivania/springExample/neo4j-community-2.3.1/lib/neo4j-codegen-2.3.1.jar
2016-03-09 15:19:57.732+0000 INFO  [o.n.k.i.DiagnosticsManager]  [classpath + loader.0] file:/home/andrea/Scrivania/springExample/neo4j-community-2.3.1/system/lib/logback-classic-1.1.2.jar
2016-03-09 15:19:57.732+0000 INFO  [o.n.k.i.DiagnosticsManager]  [classpath + loader.0] file:/home/andrea/Scrivania/springExample/neo4j-community-2.3.1/lib/neo4j-primitive-collections-2.3.1.jar
2016-03-09 15:19:57.732+0000 INFO  [o.n.k.i.DiagnosticsManager]  [classpath + loader.0] file:/home/andrea/Scrivania/springExample/neo4j-community-2.3.1/lib/commons-lang3-3.3.2.jar
2016-03-09 15:19:57.732+0000 INFO  [o.n.k.i.DiagnosticsManager]  [bootstrap] /usr/lib/jvm/java-7-openjdk-amd64/jre/lib/charsets.jar
2016-03-09 15:19:57.732+0000 INFO  [o.n.k.i.DiagnosticsManager]  [classpath + loader.0] file:/home/andrea/Scrivania/springExample/neo4j-community-2.3.1/system/lib/javax.servlet-api-3.1.0.jar
2016-03-09 15:19:57.732+0000 INFO  [o.n.k.i.DiagnosticsManager]  [bootstrap] /usr/lib/jvm/java-7-openjdk-amd64/jre/lib/sunrsasign.jar
2016-03-09 15:19:57.732+0000 INFO  [o.n.k.i.DiagnosticsManager]  [classpath + loader.0] file:/home/andrea/Scrivania/springExample/neo4j-community-2.3.1/system/lib/asm-5.0.2.jar
2016-03-09 15:19:57.732+0000 INFO  [o.n.k.i.DiagnosticsManager]  [bootstrap] /usr/lib/jvm/java-7-openjdk-amd64/jre/lib/rhino.jar
2016-03-09 15:19:57.732+0000 INFO  [o.n.k.i.DiagnosticsManager]  [loader.1] file:/usr/lib/jvm/java-7-openjdk-amd64/jre/lib/ext/zipfs.jar
2016-03-09 15:19:57.733+0000 INFO  [o.n.k.i.DiagnosticsManager]  [classpath + loader.0] file:/home/andrea/Scrivania/springExample/neo4j-community-2.3.1/lib/parboiled-scala_2.11-1.1.7.jar
2016-03-09 15:19:57.733+0000 INFO  [o.n.k.i.DiagnosticsManager]  [loader.1] file:/usr/lib/jvm/java-7-openjdk-amd64/jre/lib/ext/sunpkcs11.jar
2016-03-09 15:19:57.733+0000 INFO  [o.n.k.i.DiagnosticsManager]  [classpath + loader.0] file:/home/andrea/Scrivania/springExample/neo4j-community-2.3.1/system/lib/logback-core-1.1.2.jar
2016-03-09 15:19:57.733+0000 INFO  [o.n.k.i.DiagnosticsManager]  [loader.1] file:/usr/share/java/java-atk-wrapper.jar
2016-03-09 15:19:57.733+0000 INFO  [o.n.k.i.DiagnosticsManager]  [classpath + loader.0] file:/home/andrea/Scrivania/springExample/neo4j-community-2.3.1/system/lib/mimepull-1.9.3.jar
2016-03-09 15:19:57.733+0000 INFO  [o.n.k.i.DiagnosticsManager]  [classpath + loader.0] file:/home/andrea/Scrivania/springExample/neo4j-community-2.3.1/system/lib/jetty-io-9.2.4.v20141103.jar
2016-03-09 15:19:57.733+0000 INFO  [o.n.k.i.DiagnosticsManager]  [classpath + loader.0] file:/home/andrea/Scrivania/springExample/neo4j-community-2.3.1/system/lib/jersey-multipart-1.19.jar
2016-03-09 15:19:57.733+0000 INFO  [o.n.k.i.DiagnosticsManager]  [classpath + loader.0] file:/home/andrea/Scrivania/springExample/neo4j-community-2.3.1/lib/neo4j-unsafe-2.3.1.jar
2016-03-09 15:19:57.733+0000 INFO  [o.n.k.i.DiagnosticsManager]  [classpath + loader.0] file:/home/andrea/Scrivania/springExample/neo4j-community-2.3.1/system/lib/jackson-core-asl-1.9.13.jar
2016-03-09 15:19:57.733+0000 INFO  [o.n.k.i.DiagnosticsManager]  [classpath + loader.0] file:/home/andrea/Scrivania/springExample/neo4j-community-2.3.1/lib/neo4j-cypher-compiler-2.3-2.3.1.jar
2016-03-09 15:19:57.733+0000 INFO  [o.n.k.i.DiagnosticsManager]  [classpath + loader.0] file:/home/andrea/Scrivania/springExample/neo4j-community-2.3.1/system/lib/commons-digester-2.1.jar
2016-03-09 15:19:57.733+0000 INFO  [o.n.k.i.DiagnosticsManager]  [classpath + loader.0] file:/home/andrea/Scrivania/springExample/neo4j-community-2.3.1/system/lib/commons-configuration-1.10.jar
2016-03-09 15:19:57.733+0000 INFO  [o.n.k.i.DiagnosticsManager]  [classpath + loader.0] file:/home/andrea/Scrivania/springExample/neo4j-community-2.3.1/system/lib/neo4j-server-2.3.1.jar
2016-03-09 15:19:57.733+0000 INFO  [o.n.k.i.DiagnosticsManager]  [bootstrap] /usr/lib/jvm/java-7-openjdk-amd64/jre/lib/resources.jar
2016-03-09 15:19:57.733+0000 INFO  [o.n.k.i.DiagnosticsManager]  [classpath + loader.0] file:/home/andrea/Scrivania/springExample/neo4j-community-2.3.1/lib/neo4j-logging-2.3.1.jar
2016-03-09 15:19:57.733+0000 INFO  [o.n.k.i.DiagnosticsManager]  [classpath + loader.0] file:/home/andrea/Scrivania/springExample/neo4j-community-2.3.1/system/lib/jetty-server-9.2.4.v20141103.jar
2016-03-09 15:19:57.733+0000 INFO  [o.n.k.i.DiagnosticsManager]  [classpath + loader.0] file:/home/andrea/Scrivania/springExample/neo4j-community-2.3.1/system/lib/jetty-servlet-9.2.4.v20141103.jar
2016-03-09 15:19:57.733+0000 INFO  [o.n.k.i.DiagnosticsManager]  [classpath + loader.0] file:/home/andrea/Scrivania/springExample/neo4j-community-2.3.1/system/lib/commons-lang-2.6.jar
2016-03-09 15:19:57.734+0000 INFO  [o.n.k.i.DiagnosticsManager]  [classpath + loader.0] file:/home/andrea/Scrivania/springExample/neo4j-community-2.3.1/lib/neo4j-graph-matching-2.3.1.jar
2016-03-09 15:19:57.734+0000 INFO  [o.n.k.i.DiagnosticsManager]  [classpath + loader.0] file:/home/andrea/Scrivania/springExample/neo4j-community-2.3.1/lib/neo4j-function-2.3.1.jar
2016-03-09 15:19:57.734+0000 INFO  [o.n.k.i.DiagnosticsManager]  [classpath + loader.0] file:/home/andrea/Scrivania/springExample/neo4j-community-2.3.1/lib/jline-2.12.jar
2016-03-09 15:19:57.734+0000 INFO  [o.n.k.i.DiagnosticsManager]  [loader.1] file:/usr/lib/jvm/java-7-openjdk-amd64/jre/lib/ext/icedtea-sound.jar
2016-03-09 15:19:57.734+0000 INFO  [o.n.k.i.DiagnosticsManager]  [classpath + loader.0] file:/home/andrea/Scrivania/springExample/neo4j-community-2.3.1/lib/neo4j-cypher-compiler-2.2_2.11-2.2.6.jar
2016-03-09 15:19:57.734+0000 INFO  [o.n.k.i.DiagnosticsManager]  [classpath + loader.0] file:/home/andrea/Scrivania/springExample/neo4j-community-2.3.1/system/lib/logback-access-1.1.2.jar
2016-03-09 15:19:57.734+0000 INFO  [o.n.k.i.DiagnosticsManager]  [classpath + loader.0] file:/home/andrea/Scrivania/springExample/neo4j-community-2.3.1/system/lib/commons-beanutils-1.8.3.jar
2016-03-09 15:19:57.734+0000 INFO  [o.n.k.i.DiagnosticsManager]  [classpath + loader.0] file:/home/andrea/Scrivania/springExample/neo4j-community-2.3.1/lib/scala-parser-combinators_2.11-1.0.4.jar
2016-03-09 15:19:57.734+0000 INFO  [o.n.k.i.DiagnosticsManager]  [loader.1] file:/usr/lib/jvm/java-7-openjdk-amd64/jre/lib/ext/sunjce_provider.jar
2016-03-09 15:19:57.734+0000 INFO  [o.n.k.i.DiagnosticsManager]  [classpath + loader.0] file:/home/andrea/Scrivania/springExample/neo4j-community-2.3.1/lib/scala-library-2.11.7.jar
2016-03-09 15:19:57.734+0000 INFO  [o.n.k.i.DiagnosticsManager]  [classpath + loader.0] file:/home/andrea/Scrivania/springExample/neo4j-community-2.3.1/lib/neo4j-cypher-2.3.1.jar
2016-03-09 15:19:57.734+0000 INFO  [o.n.k.i.DiagnosticsManager]  [classpath + loader.0] file:/home/andrea/Scrivania/springExample/neo4j-community-2.3.1/lib/opencsv-2.3.jar
2016-03-09 15:19:57.734+0000 INFO  [o.n.k.i.DiagnosticsManager]  [classpath + loader.0] file:/home/andrea/Scrivania/springExample/neo4j-community-2.3.1/lib/neo4j-lucene-index-2.3.1.jar
2016-03-09 15:19:57.734+0000 INFO  [o.n.k.i.DiagnosticsManager]  [bootstrap] /usr/lib/jvm/java-7-openjdk-amd64/jre/lib/jce.jar
2016-03-09 15:19:57.734+0000 INFO  [o.n.k.i.DiagnosticsManager]  [loader.1] file:/usr/lib/jvm/java-7-openjdk-amd64/jre/lib/ext/dnsns.jar
2016-03-09 15:19:57.734+0000 INFO  [o.n.k.i.DiagnosticsManager]  [classpath + loader.0] file:/home/andrea/Scrivania/springExample/neo4j-community-2.3.1/system/lib/jersey-servlet-1.19.jar
2016-03-09 15:19:57.734+0000 INFO  [o.n.k.i.DiagnosticsManager]  [classpath + loader.0] file:/home/andrea/Scrivania/springExample/neo4j-community-2.3.1/lib/neo4j-consistency-check-legacy-2.3.1.jar
2016-03-09 15:19:57.735+0000 INFO  [o.n.k.i.DiagnosticsManager]  [classpath + loader.0] file:/home/andrea/Scrivania/springExample/neo4j-community-2.3.1/conf/
2016-03-09 15:19:57.735+0000 INFO  [o.n.k.i.DiagnosticsManager]  [classpath + loader.0] file:/home/andrea/Scrivania/springExample/neo4j-community-2.3.1/lib/server-api-2.3.1.jar
2016-03-09 15:19:57.735+0000 INFO  [o.n.k.i.DiagnosticsManager]  [classpath + loader.0] file:/home/andrea/Scrivania/springExample/neo4j-community-2.3.1/lib/neo4j-cypher-frontend-2.3-2.3.1.jar
2016-03-09 15:19:57.735+0000 INFO  [o.n.k.i.DiagnosticsManager]  [classpath + loader.0] file:/home/andrea/Scrivania/springExample/neo4j-community-2.3.1/system/lib/commons-logging-1.1.1.jar
2016-03-09 15:19:57.735+0000 INFO  [o.n.k.i.DiagnosticsManager]  [bootstrap] /usr/lib/jvm/java-7-openjdk-amd64/jre/lib/jsse.jar
2016-03-09 15:19:57.735+0000 INFO  [o.n.k.i.DiagnosticsManager]  [classpath + loader.0] file:/home/andrea/Scrivania/springExample/neo4j-community-2.3.1/lib/neo4j-import-tool-2.3.1.jar
2016-03-09 15:19:57.735+0000 INFO  [o.n.k.i.DiagnosticsManager]  [classpath + loader.0] file:/home/andrea/Scrivania/springExample/neo4j-community-2.3.1/system/lib/rrd4j-2.2.jar
2016-03-09 15:19:57.735+0000 INFO  [o.n.k.i.DiagnosticsManager]  [classpath + loader.0] file:/home/andrea/Scrivania/springExample/neo4j-community-2.3.1/system/lib/jsr311-api-1.1.2.r612.jar
2016-03-09 15:19:57.735+0000 INFO  [o.n.k.i.DiagnosticsManager]  [classpath + loader.0] file:/home/andrea/Scrivania/springExample/neo4j-community-2.3.1/system/lib/jackson-jaxrs-1.9.13.jar
2016-03-09 15:19:57.735+0000 INFO  [o.n.k.i.DiagnosticsManager]  [classpath + loader.0] file:/home/andrea/Scrivania/springExample/neo4j-community-2.3.1/lib/lucene-core-3.6.2.jar
2016-03-09 15:19:57.735+0000 INFO  [o.n.k.i.DiagnosticsManager]  [classpath + loader.0] file:/home/andrea/Scrivania/springExample/neo4j-community-2.3.1/system/lib/jetty-security-9.2.4.v20141103.jar
2016-03-09 15:19:57.735+0000 INFO  [o.n.k.i.DiagnosticsManager]  [classpath + loader.0] file:/home/andrea/Scrivania/springExample/neo4j-community-2.3.1/system/lib/neo4j-server-2.3.1-static-web.jar
2016-03-09 15:19:57.735+0000 INFO  [o.n.k.i.DiagnosticsManager]  [classpath + loader.0] file:/home/andrea/Scrivania/springExample/neo4j-community-2.3.1/lib/neo4j-cypher-compiler-1.9_2.11-2.0.5.jar
2016-03-09 15:19:57.735+0000 INFO  [o.n.k.i.DiagnosticsManager]  [classpath + loader.0] file:/home/andrea/Scrivania/springExample/neo4j-community-2.3.1/lib/concurrentlinkedhashmap-lru-1.4.2.jar
2016-03-09 15:19:57.735+0000 INFO  [o.n.k.i.DiagnosticsManager]  [classpath + loader.0] file:/home/andrea/Scrivania/springExample/neo4j-community-2.3.1/system/lib/jetty-xml-9.2.4.v20141103.jar
2016-03-09 15:19:57.736+0000 INFO  [o.n.k.i.DiagnosticsManager]  [bootstrap] /usr/lib/jvm/java-7-openjdk-amd64/jre/classes
2016-03-09 15:19:57.736+0000 INFO  [o.n.k.i.DiagnosticsManager]  [classpath + loader.0] file:/home/andrea/Scrivania/springExample/neo4j-community-2.3.1/system/lib/commons-io-2.4.jar
2016-03-09 15:19:57.736+0000 INFO  [o.n.k.i.DiagnosticsManager]  [bootstrap] /usr/lib/jvm/java-7-openjdk-amd64/jre/lib/jfr.jar
2016-03-09 15:19:57.736+0000 INFO  [o.n.k.i.DiagnosticsManager]  [classpath + loader.0] file:/home/andrea/Scrivania/springExample/neo4j-community-2.3.1/system/lib/jersey-server-1.19.jar
2016-03-09 15:19:57.736+0000 INFO  [o.n.k.i.DiagnosticsManager]  [classpath + loader.0] file:/home/andrea/Scrivania/springExample/neo4j-community-2.3.1/lib/neo4j-io-2.3.1.jar
2016-03-09 15:19:57.736+0000 INFO  [o.n.k.i.DiagnosticsManager]  [classpath + loader.0] file:/home/andrea/Scrivania/springExample/neo4j-community-2.3.1/lib/neo4j-csv-2.3.1.jar
2016-03-09 15:19:57.736+0000 INFO  [o.n.k.i.DiagnosticsManager]  [classpath + loader.0] file:/home/andrea/Scrivania/springExample/neo4j-community-2.3.1/system/lib/netty-all-4.0.28.Final.jar
2016-03-09 15:19:57.736+0000 INFO  [o.n.k.i.DiagnosticsManager]  [classpath + loader.0] file:/home/andrea/Scrivania/springExample/neo4j-community-2.3.1/lib/neo4j-graph-algo-2.3.1.jar
2016-03-09 15:19:57.736+0000 INFO  [o.n.k.i.DiagnosticsManager]  [bootstrap] /usr/lib/jvm/java-7-openjdk-amd64/jre/lib/rt.jar
2016-03-09 15:19:57.736+0000 INFO  [o.n.k.i.DiagnosticsManager]  [classpath + loader.0] file:/home/andrea/Scrivania/springExample/neo4j-community-2.3.1/lib/parboiled-core-1.1.7.jar
2016-03-09 15:19:57.736+0000 INFO  [o.n.k.i.DiagnosticsManager]  [classpath + loader.0] file:/home/andrea/Scrivania/springExample/neo4j-community-2.3.1/lib/neo4j-kernel-2.3.1.jar
2016-03-09 15:19:57.736+0000 INFO  [o.n.k.i.DiagnosticsManager]  [classpath + loader.0] file:/home/andrea/Scrivania/springExample/neo4j-community-2.3.1/system/lib/jackson-mapper-asl-1.9.13.jar
2016-03-09 15:19:57.736+0000 INFO  [o.n.k.i.DiagnosticsManager]  [classpath + loader.0] file:/home/andrea/Scrivania/springExample/neo4j-community-2.3.1/system/lib/bcprov-jdk15on-1.52.jar
2016-03-09 15:19:57.736+0000 INFO  [o.n.k.i.DiagnosticsManager]  [classpath + loader.0] file:/home/andrea/Scrivania/springExample/neo4j-community-2.3.1/system/lib/jetty-util-9.2.4.v20141103.jar
2016-03-09 15:19:57.736+0000 INFO  [o.n.k.i.DiagnosticsManager]  [classpath + loader.0] file:/home/andrea/Scrivania/springExample/neo4j-community-2.3.1/system/lib/jersey-core-1.19.jar
2016-03-09 15:19:57.736+0000 INFO  [o.n.k.i.DiagnosticsManager]  [classpath + loader.0] file:/home/andrea/Scrivania/springExample/neo4j-community-2.3.1/system/lib/neo4j-browser-2.3.1.jar
2016-03-09 15:19:57.737+0000 INFO  [o.n.k.i.DiagnosticsManager]  [classpath + loader.0] file:/home/andrea/Scrivania/springExample/neo4j-community-2.3.1/lib/neo4j-udc-2.3.1.jar
2016-03-09 15:19:57.737+0000 INFO  [o.n.k.i.DiagnosticsManager]  [classpath + loader.0] file:/home/andrea/Scrivania/springExample/neo4j-community-2.3.1/system/lib/slf4j-api-1.7.6.jar
2016-03-09 15:19:57.737+0000 INFO  [o.n.k.i.DiagnosticsManager]  [classpath + loader.0] file:/home/andrea/Scrivania/springExample/neo4j-community-2.3.1/system/lib/bcpkix-jdk15on-1.52.jar
2016-03-09 15:19:57.737+0000 INFO  [o.n.k.i.DiagnosticsManager]  [classpath + loader.0] file:/home/andrea/Scrivania/springExample/neo4j-community-2.3.1/system/lib/jetty-http-9.2.4.v20141103.jar
2016-03-09 15:19:57.737+0000 INFO  [o.n.k.i.DiagnosticsManager]  [classpath + loader.0] file:/home/andrea/Scrivania/springExample/neo4j-community-2.3.1/lib/neo4j-jmx-2.3.1.jar
2016-03-09 15:19:57.737+0000 INFO  [o.n.k.i.DiagnosticsManager]  [classpath + loader.0] file:/home/andrea/Scrivania/springExample/neo4j-community-2.3.1/lib/scala-reflect-2.11.7.jar
2016-03-09 15:19:57.737+0000 INFO  [o.n.k.i.DiagnosticsManager]  [loader.1] file:/usr/lib/jvm/java-7-openjdk-amd64/jre/lib/ext/localedata.jar
2016-03-09 15:19:57.737+0000 INFO  [o.n.k.i.DiagnosticsManager]  [classpath + loader.0] file:/home/andrea/Scrivania/springExample/neo4j-community-2.3.1/system/lib/rhino-1.7R4.jar
2016-03-09 15:19:57.737+0000 INFO  [o.n.k.i.DiagnosticsManager]  [classpath + loader.0] file:/home/andrea/Scrivania/springExample/neo4j-community-2.3.1/system/lib/jetty-webapp-9.2.4.v20141103.jar
2016-03-09 15:19:57.737+0000 INFO  [o.n.k.i.DiagnosticsManager]  [classpath + loader.0] file:/home/andrea/Scrivania/springExample/neo4j-community-2.3.1/lib/neo4j-consistency-check-2.3.1.jar
2016-03-09 15:19:57.737+0000 INFO  [o.n.k.i.DiagnosticsManager] Library path:
2016-03-09 15:19:57.737+0000 INFO  [o.n.k.i.DiagnosticsManager] /usr/java/packages/lib/amd64
2016-03-09 15:19:57.737+0000 INFO  [o.n.k.i.DiagnosticsManager] /usr/lib/x86_64-linux-gnu/jni
2016-03-09 15:19:57.737+0000 INFO  [o.n.k.i.DiagnosticsManager] /lib/x86_64-linux-gnu
2016-03-09 15:19:57.738+0000 INFO  [o.n.k.i.DiagnosticsManager] /usr/lib/x86_64-linux-gnu
2016-03-09 15:19:57.738+0000 INFO  [o.n.k.i.DiagnosticsManager] /usr/lib/jni
2016-03-09 15:19:57.738+0000 INFO  [o.n.k.i.DiagnosticsManager] /lib
2016-03-09 15:19:57.738+0000 INFO  [o.n.k.i.DiagnosticsManager] /usr/lib
2016-03-09 15:19:57.738+0000 INFO  [o.n.k.i.DiagnosticsManager] System.properties:
2016-03-09 15:19:57.738+0000 INFO  [o.n.k.i.DiagnosticsManager] sun.boot.library.path = /usr/lib/jvm/java-7-openjdk-amd64/jre/lib/amd64
2016-03-09 15:19:57.738+0000 INFO  [o.n.k.i.DiagnosticsManager] org.neo4j.server.properties = conf/neo4j-server.properties
2016-03-09 15:19:57.738+0000 INFO  [o.n.k.i.DiagnosticsManager] path.separator = :
2016-03-09 15:19:57.738+0000 INFO  [o.n.k.i.DiagnosticsManager] file.encoding.pkg = sun.io
2016-03-09 15:19:57.738+0000 INFO  [o.n.k.i.DiagnosticsManager] user.country = US
2016-03-09 15:19:57.738+0000 INFO  [o.n.k.i.DiagnosticsManager] sun.java.launcher = SUN_STANDARD
2016-03-09 15:19:57.739+0000 INFO  [o.n.k.i.DiagnosticsManager] sun.os.patch.level = unknown
2016-03-09 15:19:57.739+0000 INFO  [o.n.k.i.DiagnosticsManager] user.dir = /home/andrea/Scrivania/springExample/neo4j-community-2.3.1
2016-03-09 15:19:57.739+0000 INFO  [o.n.k.i.DiagnosticsManager] neo4j.ext.udc.source = tarball
2016-03-09 15:19:57.739+0000 INFO  [o.n.k.i.DiagnosticsManager] log4j.configuration = file:conf/log4j.properties
2016-03-09 15:19:57.739+0000 INFO  [o.n.k.i.DiagnosticsManager] sun.jnu.encoding = UTF-8
2016-03-09 15:19:57.739+0000 INFO  [o.n.k.i.DiagnosticsManager] sun.management.compiler = HotSpot 64-Bit Tiered Compilers
2016-03-09 15:19:57.739+0000 INFO  [o.n.k.i.DiagnosticsManager] user.home = /home/andrea
2016-03-09 15:19:57.739+0000 INFO  [o.n.k.i.DiagnosticsManager] user.timezone = Europe/Rome
2016-03-09 15:19:57.739+0000 INFO  [o.n.k.i.DiagnosticsManager] file.encoding = UTF-8
2016-03-09 15:19:57.739+0000 INFO  [o.n.k.i.DiagnosticsManager] user.name = andrea
2016-03-09 15:19:57.739+0000 INFO  [o.n.k.i.DiagnosticsManager] sun.java.command = org.neo4j.server.CommunityBootstrapper
2016-03-09 15:19:57.739+0000 INFO  [o.n.k.i.DiagnosticsManager] sun.arch.data.model = 64
2016-03-09 15:19:57.739+0000 INFO  [o.n.k.i.DiagnosticsManager] user.language = en
2016-03-09 15:19:57.739+0000 INFO  [o.n.k.i.DiagnosticsManager] awt.toolkit = sun.awt.X11.XToolkit
2016-03-09 15:19:57.739+0000 INFO  [o.n.k.i.DiagnosticsManager] file.separator = /
2016-03-09 15:19:57.740+0000 INFO  [o.n.k.i.DiagnosticsManager] sun.io.unicode.encoding = UnicodeLittle
2016-03-09 15:19:57.740+0000 INFO  [o.n.k.i.DiagnosticsManager] sun.cpu.endian = little
2016-03-09 15:19:57.740+0000 INFO  [o.n.k.i.DiagnosticsManager] neo4j.instance = /home/andrea/Scrivania/springExample/neo4j-community-2.3.1
2016-03-09 15:19:57.740+0000 INFO  [o.n.k.i.DiagnosticsManager] sun.desktop = gnome
2016-03-09 15:19:57.740+0000 INFO  [o.n.k.i.DiagnosticsManager] neo4j.home = /home/andrea/Scrivania/springExample/neo4j-community-2.3.1
2016-03-09 15:19:57.740+0000 INFO  [o.n.k.i.DiagnosticsManager] sun.cpu.isalist = 
2016-03-09 15:19:57.740+0000 INFO  [o.n.k.i.DiagnosticsManager] Linux scheduler information:
2016-03-09 15:19:57.741+0000 INFO  [o.n.k.i.DiagnosticsManager] noop [deadline] cfq 
2016-03-09 15:19:57.741+0000 INFO  [o.n.k.i.DiagnosticsManager] noop [deadline] cfq 
2016-03-09 15:19:57.741+0000 INFO  [o.n.k.i.DiagnosticsManager] none
2016-03-09 15:19:57.741+0000 INFO  [o.n.k.i.DiagnosticsManager] none
2016-03-09 15:19:57.741+0000 INFO  [o.n.k.i.DiagnosticsManager] none
2016-03-09 15:19:57.741+0000 INFO  [o.n.k.i.DiagnosticsManager] none
2016-03-09 15:19:57.741+0000 INFO  [o.n.k.i.DiagnosticsManager] none
2016-03-09 15:19:57.742+0000 INFO  [o.n.k.i.DiagnosticsManager] none
2016-03-09 15:19:57.742+0000 INFO  [o.n.k.i.DiagnosticsManager] none
2016-03-09 15:19:57.742+0000 INFO  [o.n.k.i.DiagnosticsManager] none
2016-03-09 15:19:57.742+0000 INFO  [o.n.k.i.DiagnosticsManager] none
2016-03-09 15:19:57.742+0000 INFO  [o.n.k.i.DiagnosticsManager] none
2016-03-09 15:19:57.742+0000 INFO  [o.n.k.i.DiagnosticsManager] none
2016-03-09 15:19:57.742+0000 INFO  [o.n.k.i.DiagnosticsManager] none
2016-03-09 15:19:57.742+0000 INFO  [o.n.k.i.DiagnosticsManager] none
2016-03-09 15:19:57.742+0000 INFO  [o.n.k.i.DiagnosticsManager] none
2016-03-09 15:19:57.743+0000 INFO  [o.n.k.i.DiagnosticsManager] none
2016-03-09 15:19:57.743+0000 INFO  [o.n.k.i.DiagnosticsManager] none
2016-03-09 15:19:57.743+0000 INFO  [o.n.k.i.DiagnosticsManager] none
2016-03-09 15:19:57.743+0000 INFO  [o.n.k.i.DiagnosticsManager] none
2016-03-09 15:19:57.743+0000 INFO  [o.n.k.i.DiagnosticsManager] none
2016-03-09 15:19:57.743+0000 INFO  [o.n.k.i.DiagnosticsManager] none
2016-03-09 15:19:57.743+0000 INFO  [o.n.k.i.DiagnosticsManager] none
2016-03-09 15:19:57.744+0000 INFO  [o.n.k.i.DiagnosticsManager] none
2016-03-09 15:19:57.744+0000 INFO  [o.n.k.i.DiagnosticsManager] none
2016-03-09 15:19:57.744+0000 INFO  [o.n.k.i.DiagnosticsManager] none
2016-03-09 15:19:57.744+0000 INFO  [o.n.k.i.DiagnosticsManager] Network information:
2016-03-09 15:19:57.745+0000 INFO  [o.n.k.i.DiagnosticsManager] Interface docker0:
2016-03-09 15:19:57.745+0000 INFO  [o.n.k.i.DiagnosticsManager]     address: 172.17.0.1
2016-03-09 15:19:57.745+0000 INFO  [o.n.k.i.DiagnosticsManager] Interface wlan0:
2016-03-09 15:19:57.746+0000 INFO  [o.n.k.i.DiagnosticsManager]     address: fe80:0:0:0:2e33:7aff:fe4e:ebc5%3
2016-03-09 15:19:57.746+0000 INFO  [o.n.k.i.DiagnosticsManager]     address: 10.0.14.151
2016-03-09 15:19:57.746+0000 INFO  [o.n.k.i.DiagnosticsManager] Interface lo:
2016-03-09 15:19:57.746+0000 INFO  [o.n.k.i.DiagnosticsManager]     address: 0:0:0:0:0:0:0:1%1
2016-03-09 15:19:57.746+0000 INFO  [o.n.k.i.DiagnosticsManager]     address: 127.0.0.1
2016-03-09 15:19:57.746+0000 INFO  [o.n.k.i.DiagnosticsManager] --- INITIALIZED diagnostics END ---
2016-03-09 15:19:59.506+0000 INFO  [o.n.k.a.i.i.LuceneLabelScanStore] No lucene scan store index found, this might just be first use. Preparing to rebuild.
2016-03-09 15:19:59.557+0000 INFO  [o.n.k.NeoStoreDataSource] Opened logical log [/home/andrea/Scrivania/springExample/ZanellaProjectLast/dbGood/neostore.transaction.db.0] version=0, lastTxId=1 (clean)
2016-03-09 15:19:59.563+0000 WARN  [o.n.k.i.s.MetaDataStore] Missing counts store, rebuilding it.
2016-03-09 15:19:59.643+0000 INFO  [o.n.k.a.i.i.LuceneLabelScanStore] Rebuilding lucene scan store, this may take a while
2016-03-09 15:19:59.644+0000 INFO  [o.n.k.a.i.i.LuceneLabelScanStore] Lucene scan store rebuilt (roughly -1 nodes)
2016-03-09 15:19:59.648+0000 INFO  [o.n.k.KernelHealth] Kernel health set to OK
2016-03-09 15:19:59.933+0000 INFO  [o.n.k.AvailabilityGuard] Fulfilling of requirement makes database available: Database available
2016-03-09 15:19:59.933+0000 INFO  [o.n.k.i.f.CommunityFacadeFactory] Database is now ready
2016-03-09 15:19:59.934+0000 INFO  [o.n.k.i.DiagnosticsManager] --- STARTED diagnostics for KernelDiagnostics:Versions START ---
2016-03-09 15:19:59.934+0000 INFO  [o.n.k.i.DiagnosticsManager] Graph Database: Community StoreId{creationTime=1457536799362, randomId=-3153224404028084282, storeVersion=15250506225055238, upgradeTime=1457536799362, upgradeId=1}
2016-03-09 15:19:59.934+0000 INFO  [o.n.k.i.DiagnosticsManager] Kernel version: 2.3.1,dd67f90
2016-03-09 15:19:59.934+0000 INFO  [o.n.k.i.DiagnosticsManager] --- STARTED diagnostics for KernelDiagnostics:Versions END ---
2016-03-09 15:19:59.936+0000 INFO  [o.n.k.i.DiagnosticsManager] --- STARTED diagnostics for NEO_STORE_VERSIONS START ---
2016-03-09 15:19:59.936+0000 INFO  [o.n.k.i.DiagnosticsManager] Store versions:
2016-03-09 15:19:59.936+0000 INFO  [o.n.k.i.DiagnosticsManager] Store versions:
2016-03-09 15:19:59.936+0000 INFO  [o.n.k.i.DiagnosticsManager] ArrayPropertyStore v0.A.6
2016-03-09 15:19:59.936+0000 INFO  [o.n.k.i.DiagnosticsManager] NodeStore v0.A.6
2016-03-09 15:19:59.936+0000 INFO  [o.n.k.i.DiagnosticsManager] StringPropertyStore v0.A.6
2016-03-09 15:19:59.936+0000 INFO  [o.n.k.i.DiagnosticsManager] PropertyIndexStore v0.A.6
2016-03-09 15:19:59.936+0000 INFO  [o.n.k.i.DiagnosticsManager] StringPropertyStore v0.A.6
2016-03-09 15:19:59.936+0000 INFO  [o.n.k.i.DiagnosticsManager] ArrayPropertyStore v0.A.6
2016-03-09 15:19:59.936+0000 INFO  [o.n.k.i.DiagnosticsManager] PropertyStore v0.A.6
2016-03-09 15:19:59.936+0000 INFO  [o.n.k.i.DiagnosticsManager] RelationshipStore v0.A.6
2016-03-09 15:19:59.936+0000 INFO  [o.n.k.i.DiagnosticsManager] StringPropertyStore v0.A.6
2016-03-09 15:19:59.936+0000 INFO  [o.n.k.i.DiagnosticsManager] RelationshipTypeStore v0.A.6
2016-03-09 15:19:59.936+0000 INFO  [o.n.k.i.DiagnosticsManager] StringPropertyStore v0.A.6
2016-03-09 15:19:59.936+0000 INFO  [o.n.k.i.DiagnosticsManager] LabelTokenStore v0.A.6
2016-03-09 15:19:59.936+0000 INFO  [o.n.k.i.DiagnosticsManager] SchemaStore v0.A.6
2016-03-09 15:19:59.937+0000 INFO  [o.n.k.i.DiagnosticsManager] RelationshipGroupStore v0.A.6
2016-03-09 15:19:59.937+0000 INFO  [o.n.k.i.DiagnosticsManager] NeoStore v0.A.6
2016-03-09 15:19:59.937+0000 INFO  [o.n.k.i.DiagnosticsManager] --- STARTED diagnostics for NEO_STORE_VERSIONS END ---
2016-03-09 15:19:59.937+0000 INFO  [o.n.k.i.DiagnosticsManager] --- STARTED diagnostics for NEO_STORE_ID_USAGE START ---
2016-03-09 15:19:59.937+0000 INFO  [o.n.k.i.DiagnosticsManager] Id usage:
2016-03-09 15:19:59.937+0000 INFO  [o.n.k.i.DiagnosticsManager] Id usage:
2016-03-09 15:19:59.937+0000 INFO  [o.n.k.i.DiagnosticsManager]   ArrayPropertyStore v0.A.6: used=1 high=0
2016-03-09 15:19:59.937+0000 INFO  [o.n.k.i.DiagnosticsManager]   NodeStore v0.A.6: used=0 high=-1
2016-03-09 15:19:59.937+0000 INFO  [o.n.k.i.DiagnosticsManager]   StringPropertyStore v0.A.6: used=1 high=0
2016-03-09 15:19:59.937+0000 INFO  [o.n.k.i.DiagnosticsManager]   PropertyIndexStore v0.A.6: used=0 high=-1
2016-03-09 15:19:59.938+0000 INFO  [o.n.k.i.DiagnosticsManager]   StringPropertyStore v0.A.6: used=1 high=0
2016-03-09 15:19:59.938+0000 INFO  [o.n.k.i.DiagnosticsManager]   ArrayPropertyStore v0.A.6: used=1 high=0
2016-03-09 15:19:59.938+0000 INFO  [o.n.k.i.DiagnosticsManager]   PropertyStore v0.A.6: used=0 high=-1
2016-03-09 15:19:59.938+0000 INFO  [o.n.k.i.DiagnosticsManager]   RelationshipStore v0.A.6: used=0 high=-1
2016-03-09 15:19:59.938+0000 INFO  [o.n.k.i.DiagnosticsManager]   StringPropertyStore v0.A.6: used=1 high=0
2016-03-09 15:19:59.938+0000 INFO  [o.n.k.i.DiagnosticsManager]   RelationshipTypeStore v0.A.6: used=0 high=-1
2016-03-09 15:19:59.938+0000 INFO  [o.n.k.i.DiagnosticsManager]   StringPropertyStore v0.A.6: used=1 high=0
2016-03-09 15:19:59.939+0000 INFO  [o.n.k.i.DiagnosticsManager]   LabelTokenStore v0.A.6: used=0 high=-1
2016-03-09 15:19:59.939+0000 INFO  [o.n.k.i.DiagnosticsManager]   SchemaStore v0.A.6: used=1 high=0
2016-03-09 15:19:59.939+0000 INFO  [o.n.k.i.DiagnosticsManager]   RelationshipGroupStore v0.A.6: used=1 high=0
2016-03-09 15:19:59.939+0000 INFO  [o.n.k.i.DiagnosticsManager]   NeoStore v0.A.6: used=13 high=12
2016-03-09 15:19:59.939+0000 INFO  [o.n.k.i.DiagnosticsManager] --- STARTED diagnostics for NEO_STORE_ID_USAGE END ---
2016-03-09 15:19:59.939+0000 INFO  [o.n.k.i.DiagnosticsManager] --- STARTED diagnostics for NEO_STORE_RECORDS START ---
2016-03-09 15:19:59.939+0000 INFO  [o.n.k.i.DiagnosticsManager] Neostore records:
2016-03-09 15:19:59.940+0000 INFO  [o.n.k.i.DiagnosticsManager] TIME (Creation time): 1457536799362
2016-03-09 15:19:59.940+0000 INFO  [o.n.k.i.DiagnosticsManager] RANDOM_NUMBER (Random number for store id): -3153224404028084282
2016-03-09 15:19:59.940+0000 INFO  [o.n.k.i.DiagnosticsManager] LOG_VERSION (Current log version): 0
2016-03-09 15:19:59.940+0000 INFO  [o.n.k.i.DiagnosticsManager] LAST_TRANSACTION_ID (Last committed transaction): 1
2016-03-09 15:19:59.940+0000 INFO  [o.n.k.i.DiagnosticsManager] STORE_VERSION (Store format version): 15250506225055238
2016-03-09 15:19:59.940+0000 INFO  [o.n.k.i.DiagnosticsManager] FIRST_GRAPH_PROPERTY (First property record containing graph properties): -1
2016-03-09 15:19:59.940+0000 INFO  [o.n.k.i.DiagnosticsManager] LAST_CONSTRAINT_TRANSACTION (Last committed transaction containing constraint changes): 0
2016-03-09 15:19:59.940+0000 INFO  [o.n.k.i.DiagnosticsManager] UPGRADE_TRANSACTION_ID (Transaction id most recent upgrade was performed at): 1
2016-03-09 15:19:59.940+0000 INFO  [o.n.k.i.DiagnosticsManager] UPGRADE_TIME (Time of last upgrade): 1457536799362
2016-03-09 15:19:59.940+0000 INFO  [o.n.k.i.DiagnosticsManager] LAST_TRANSACTION_CHECKSUM (Checksum of last committed transaction): 0
2016-03-09 15:19:59.940+0000 INFO  [o.n.k.i.DiagnosticsManager] UPGRADE_TRANSACTION_CHECKSUM (Checksum of transaction id the most recent upgrade was performed at): 0
2016-03-09 15:19:59.940+0000 INFO  [o.n.k.i.DiagnosticsManager] LAST_CLOSED_TRANSACTION_LOG_VERSION (Log version where the last transaction commit entry has been written into): 0
2016-03-09 15:19:59.941+0000 INFO  [o.n.k.i.DiagnosticsManager] LAST_CLOSED_TRANSACTION_LOG_BYTE_OFFSET (Byte offset in the log file where the last transaction commit entry has been written into): 16
2016-03-09 15:19:59.941+0000 INFO  [o.n.k.i.DiagnosticsManager] --- STARTED diagnostics for NEO_STORE_RECORDS END ---
2016-03-09 15:19:59.941+0000 INFO  [o.n.k.i.DiagnosticsManager] --- STARTED diagnostics for TRANSACTION_RANGE START ---
2016-03-09 15:19:59.941+0000 INFO  [o.n.k.i.DiagnosticsManager] Transaction log:
2016-03-09 15:19:59.941+0000 INFO  [o.n.k.i.DiagnosticsManager] No transactions found in any log
2016-03-09 15:19:59.941+0000 INFO  [o.n.k.i.DiagnosticsManager] --- STARTED diagnostics for TRANSACTION_RANGE END ---
2016-03-09 15:19:59.942+0000 INFO  [o.n.k.i.DiagnosticsManager] --- STARTED diagnostics for KernelDiagnostics:StoreFiles START ---
2016-03-09 15:19:59.942+0000 INFO  [o.n.k.i.DiagnosticsManager] Disk space on partition (Total / Free / Free %): 286945980416 / 178192523264 / 62
Storage files: (filename : modification date - size)
2016-03-09 15:19:59.943+0000 INFO  [o.n.k.i.DiagnosticsManager]   index:
2016-03-09 15:19:59.943+0000 INFO  [o.n.k.i.DiagnosticsManager]   - Total: 2016-03-09T16:19:59+0100 - 0.00 B
2016-03-09 15:19:59.943+0000 INFO  [o.n.k.i.DiagnosticsManager]   messages.log: 2016-03-09T16:19:59+0100 - 36.16 kB
2016-03-09 15:19:59.943+0000 INFO  [o.n.k.i.DiagnosticsManager]   neostore: 2016-03-09T16:19:59+0100 - 8.00 kB
2016-03-09 15:19:59.944+0000 INFO  [o.n.k.i.DiagnosticsManager]   neostore.counts.db.a: 2016-03-09T16:19:59+0100 - 96.00 B
2016-03-09 15:19:59.944+0000 INFO  [o.n.k.i.DiagnosticsManager]   neostore.id: 2016-03-09T16:19:59+0100 - 9.00 B
2016-03-09 15:19:59.944+0000 INFO  [o.n.k.i.DiagnosticsManager]   neostore.labeltokenstore.db: 2016-03-09T16:19:59+0100 - 0.00 B
2016-03-09 15:19:59.944+0000 INFO  [o.n.k.i.DiagnosticsManager]   neostore.labeltokenstore.db.id: 2016-03-09T16:19:59+0100 - 9.00 B
2016-03-09 15:19:59.945+0000 INFO  [o.n.k.i.DiagnosticsManager]   neostore.labeltokenstore.db.names: 2016-03-09T16:19:58+0100 - 8.00 kB
2016-03-09 15:19:59.945+0000 INFO  [o.n.k.i.DiagnosticsManager]   neostore.labeltokenstore.db.names.id: 2016-03-09T16:19:59+0100 - 9.00 B
2016-03-09 15:19:59.945+0000 INFO  [o.n.k.i.DiagnosticsManager]   neostore.nodestore.db: 2016-03-09T16:19:58+0100 - 0.00 B
2016-03-09 15:19:59.946+0000 INFO  [o.n.k.i.DiagnosticsManager]   neostore.nodestore.db.id: 2016-03-09T16:19:58+0100 - 9.00 B
2016-03-09 15:19:59.946+0000 INFO  [o.n.k.i.DiagnosticsManager]   neostore.nodestore.db.labels: 2016-03-09T16:19:58+0100 - 8.00 kB
2016-03-09 15:19:59.946+0000 INFO  [o.n.k.i.DiagnosticsManager]   neostore.nodestore.db.labels.id: 2016-03-09T16:19:58+0100 - 9.00 B
2016-03-09 15:19:59.946+0000 INFO  [o.n.k.i.DiagnosticsManager]   neostore.propertystore.db: 2016-03-09T16:19:58+0100 - 0.00 B
2016-03-09 15:19:59.947+0000 INFO  [o.n.k.i.DiagnosticsManager]   neostore.propertystore.db.arrays: 2016-03-09T16:19:58+0100 - 8.00 kB
2016-03-09 15:19:59.947+0000 INFO  [o.n.k.i.DiagnosticsManager]   neostore.propertystore.db.arrays.id: 2016-03-09T16:19:58+0100 - 9.00 B
2016-03-09 15:19:59.947+0000 INFO  [o.n.k.i.DiagnosticsManager]   neostore.propertystore.db.id: 2016-03-09T16:19:58+0100 - 9.00 B
2016-03-09 15:19:59.947+0000 INFO  [o.n.k.i.DiagnosticsManager]   neostore.propertystore.db.index: 2016-03-09T16:19:58+0100 - 0.00 B
2016-03-09 15:19:59.947+0000 INFO  [o.n.k.i.DiagnosticsManager]   neostore.propertystore.db.index.id: 2016-03-09T16:19:58+0100 - 9.00 B
2016-03-09 15:19:59.948+0000 INFO  [o.n.k.i.DiagnosticsManager]   neostore.propertystore.db.index.keys: 2016-03-09T16:19:58+0100 - 8.00 kB
2016-03-09 15:19:59.948+0000 INFO  [o.n.k.i.DiagnosticsManager]   neostore.propertystore.db.index.keys.id: 2016-03-09T16:19:58+0100 - 9.00 B
2016-03-09 15:19:59.948+0000 INFO  [o.n.k.i.DiagnosticsManager]   neostore.propertystore.db.strings: 2016-03-09T16:19:58+0100 - 8.00 kB
2016-03-09 15:19:59.948+0000 INFO  [o.n.k.i.DiagnosticsManager]   neostore.propertystore.db.strings.id: 2016-03-09T16:19:58+0100 - 9.00 B
2016-03-09 15:19:59.949+0000 INFO  [o.n.k.i.DiagnosticsManager]   neostore.relationshipgroupstore.db: 2016-03-09T16:19:59+0100 - 8.00 kB
2016-03-09 15:19:59.949+0000 INFO  [o.n.k.i.DiagnosticsManager]   neostore.relationshipgroupstore.db.id: 2016-03-09T16:19:59+0100 - 9.00 B
2016-03-09 15:19:59.949+0000 INFO  [o.n.k.i.DiagnosticsManager]   neostore.relationshipstore.db: 2016-03-09T16:19:58+0100 - 0.00 B
2016-03-09 15:19:59.949+0000 INFO  [o.n.k.i.DiagnosticsManager]   neostore.relationshipstore.db.id: 2016-03-09T16:19:58+0100 - 9.00 B
2016-03-09 15:19:59.949+0000 INFO  [o.n.k.i.DiagnosticsManager]   neostore.relationshiptypestore.db: 2016-03-09T16:19:58+0100 - 0.00 B
2016-03-09 15:19:59.950+0000 INFO  [o.n.k.i.DiagnosticsManager]   neostore.relationshiptypestore.db.id: 2016-03-09T16:19:58+0100 - 9.00 B
2016-03-09 15:19:59.950+0000 INFO  [o.n.k.i.DiagnosticsManager]   neostore.relationshiptypestore.db.names: 2016-03-09T16:19:58+0100 - 8.00 kB
2016-03-09 15:19:59.950+0000 INFO  [o.n.k.i.DiagnosticsManager]   neostore.relationshiptypestore.db.names.id: 2016-03-09T16:19:58+0100 - 9.00 B
2016-03-09 15:19:59.950+0000 INFO  [o.n.k.i.DiagnosticsManager]   neostore.schemastore.db: 2016-03-09T16:19:59+0100 - 8.00 kB
2016-03-09 15:19:59.950+0000 INFO  [o.n.k.i.DiagnosticsManager]   neostore.schemastore.db.id: 2016-03-09T16:19:59+0100 - 9.00 B
2016-03-09 15:19:59.951+0000 INFO  [o.n.k.i.DiagnosticsManager]   neostore.transaction.db.0: 2016-03-09T16:19:59+0100 - 16.00 B
2016-03-09 15:19:59.951+0000 INFO  [o.n.k.i.DiagnosticsManager]   schema:
2016-03-09 15:19:59.951+0000 INFO  [o.n.k.i.DiagnosticsManager]     label:
2016-03-09 15:19:59.951+0000 INFO  [o.n.k.i.DiagnosticsManager]       lucene:
2016-03-09 15:19:59.951+0000 INFO  [o.n.k.i.DiagnosticsManager]         write.lock: 2016-03-09T16:19:59+0100 - 0.00 B
2016-03-09 15:19:59.951+0000 INFO  [o.n.k.i.DiagnosticsManager]       - Total: 2016-03-09T16:19:59+0100 - 0.00 B
2016-03-09 15:19:59.952+0000 INFO  [o.n.k.i.DiagnosticsManager]     - Total: 2016-03-09T16:19:59+0100 - 0.00 B
2016-03-09 15:19:59.952+0000 INFO  [o.n.k.i.DiagnosticsManager]   - Total: 2016-03-09T16:19:59+0100 - 0.00 B
2016-03-09 15:19:59.952+0000 INFO  [o.n.k.i.DiagnosticsManager]   store_lock: 2016-03-09T16:19:57+0100 - 0.00 B
2016-03-09 15:19:59.952+0000 INFO  [o.n.k.i.DiagnosticsManager] --- STARTED diagnostics for KernelDiagnostics:StoreFiles END ---
2016-03-09 15:20:00.954+0000 INFO  [o.n.k.i.DiagnosticsManager] --- SERVER STARTED START ---
2016-03-09 15:20:02.064+0000 INFO  [o.n.k.i.DiagnosticsManager] --- SERVER STARTED END ---
2016-03-09 15:20:20.637+0000 INFO  [o.n.k.i.f.GraphDatabaseFacade] Shutdown started
2016-03-09 15:20:20.637+0000 INFO  [o.n.k.i.f.CommunityFacadeFactory] Database is now unavailable
2016-03-09 15:20:20.954+0000 INFO  [o.n.k.i.t.l.c.CheckPointerImpl] Check Pointing triggered by database shutdown [1]:  Starting check pointing...
2016-03-09 15:20:20.955+0000 INFO  [o.n.k.i.t.l.c.CheckPointerImpl] Check Pointing triggered by database shutdown [1]:  Starting store flush...
2016-03-09 15:20:20.956+0000 INFO  [o.n.k.i.t.l.c.CheckPointerImpl] Check Pointing triggered by database shutdown [1]:  Store flush completed
2016-03-09 15:20:20.957+0000 INFO  [o.n.k.i.t.l.c.CheckPointerImpl] Check Pointing triggered by database shutdown [1]:  Starting appending check point entry into the tx log...
2016-03-09 15:20:21.008+0000 INFO  [o.n.k.i.t.l.c.CheckPointerImpl] Check Pointing triggered by database shutdown [1]:  Appending check point entry into the tx log completed
2016-03-09 15:20:21.009+0000 INFO  [o.n.k.i.t.l.c.CheckPointerImpl] Check Pointing triggered by database shutdown [1]:  Check pointing completed
2016-03-09 15:20:21.009+0000 INFO  [o.n.k.i.t.l.p.LogPruningImpl] Log Rotation [0]:  Starting log pruning.
2016-03-09 15:20:21.009+0000 INFO  [o.n.k.i.t.l.p.LogPruningImpl] Log Rotation [0]:  Log pruning complete.
2016-03-09 15:20:21.341+0000 INFO  [o.n.k.NeoStoreDataSource] NeoStores closed
2016-03-09 15:20:21.341+0000 INFO  [o.n.k.i.DiagnosticsManager] --- STOPPING diagnostics START ---
2016-03-09 15:20:21.341+0000 INFO  [o.n.k.i.DiagnosticsManager] --- STOPPING diagnostics END ---
